START ;  opcode:alloca, llfi_index: 1;  opcode:load, llfi_index: 403;  opcode:ret, llfi_index: 404; 
START ;  opcode:alloca, llfi_index: 2;  opcode:load, llfi_index: 14;  opcode:call, llfi_index: 16;  opcode:sext, llfi_index: 17;  opcode:icmp, llfi_index: 19;  opcode:br, llfi_index: 20;  opcode:store, llfi_index: 18; 
START ;  opcode:alloca, llfi_index: 3;  opcode:load, llfi_index: 15; 
START ;  opcode:alloca, llfi_index: 4; 
START ;  opcode:alloca, llfi_index: 5;  opcode:load, llfi_index: 21;  opcode:switch, llfi_index: 22; 
START ;  opcode:alloca, llfi_index: 6;  opcode:load, llfi_index: 48;  opcode:mul, llfi_index: 49;  opcode:icmp, llfi_index: 51;  opcode:br, llfi_index: 52; 
START ;  opcode:alloca, llfi_index: 7;  opcode:load, llfi_index: 151;  opcode:sdiv, llfi_index: 152;  opcode:store, llfi_index: 153; 
START ;  opcode:alloca, llfi_index: 8;  opcode:load, llfi_index: 191;  opcode:mul, llfi_index: 192;  opcode:udiv, llfi_index: 195;  opcode:store, llfi_index: 196; 
START ;  opcode:alloca, llfi_index: 9; 
START ;  opcode:store, llfi_index: 10; 
START ;  opcode:store, llfi_index: 11; 
START ;  opcode:store, llfi_index: 12; 
START ;  opcode:br, llfi_index: 13; 
START ; 
START ; 
START ; 
START ; 
START ; 
START ; 
START ; 
START ; 
START ; 
START ;  opcode:load, llfi_index: 23;  opcode:call, llfi_index: 24;  opcode:sext, llfi_index: 25;  opcode:store, llfi_index: 26; 
START ; 
START ; 
START ; 
START ;  opcode:load, llfi_index: 27;  opcode:icmp, llfi_index: 28;  opcode:br, llfi_index: 29; 
START ; 
START ; 
START ;  opcode:call, llfi_index: 30; 
START ;  opcode:call, llfi_index: 31; 
START ;  opcode:unreachable, llfi_index: 32; 
START ;  opcode:load, llfi_index: 33;  opcode:call, llfi_index: 34;  opcode:icmp, llfi_index: 35;  opcode:br, llfi_index: 36; 
START ; 
START ; 
START ; 
START ;  opcode:call, llfi_index: 37; 
START ;  opcode:call, llfi_index: 38; 
START ;  opcode:unreachable, llfi_index: 39; 
START ;  opcode:br, llfi_index: 40; 
START ;  opcode:load, llfi_index: 41;  opcode:call, llfi_index: 42;  opcode:sext, llfi_index: 43;  opcode:store, llfi_index: 44; 
START ; 
START ; 
START ; 
START ;  opcode:load, llfi_index: 45;  opcode:sdiv, llfi_index: 46;  opcode:store, llfi_index: 47; 
START ; 
START ; 
START ; 
START ; 
START ;  opcode:load, llfi_index: 50; 
START ; 
START ; 
START ;  opcode:call, llfi_index: 53; 
START ;  opcode:call, llfi_index: 54; 
START ;  opcode:unreachable, llfi_index: 55; 
START ;  opcode:br, llfi_index: 56; 
START ;  opcode:load, llfi_index: 57;  opcode:call, llfi_index: 58;  opcode:sext, llfi_index: 59;  opcode:store, llfi_index: 60; 
START ; 
START ; 
START ; 
START ;  opcode:load, llfi_index: 61;  opcode:store, llfi_index: 62; 
START ; 
START ;  opcode:load, llfi_index: 63;  opcode:icmp, llfi_index: 64;  opcode:br, llfi_index: 65; 
START ; 
START ; 
START ;  opcode:call, llfi_index: 66; 
START ;  opcode:call, llfi_index: 67; 
START ;  opcode:unreachable, llfi_index: 68; 
START ;  opcode:br, llfi_index: 69; 
START ;  opcode:load, llfi_index: 70;  opcode:call, llfi_index: 71;  opcode:sext, llfi_index: 72;  opcode:store, llfi_index: 73; 
START ; 
START ; 
START ; 
START ;  opcode:load, llfi_index: 74;  opcode:icmp, llfi_index: 75;  opcode:br, llfi_index: 76; 
START ; 
START ; 
START ;  opcode:call, llfi_index: 77; 
START ;  opcode:call, llfi_index: 78; 
START ;  opcode:unreachable, llfi_index: 79; 
START ;  opcode:br, llfi_index: 80; 
START ;  opcode:load, llfi_index: 81;  opcode:icmp, llfi_index: 82;  opcode:xor, llfi_index: 83;  opcode:zext, llfi_index: 84;  opcode:store, llfi_index: 85; 
START ; 
START ; 
START ; 
START ; 
START ;  opcode:br, llfi_index: 86; 
START ;  opcode:load, llfi_index: 87;  opcode:icmp, llfi_index: 88;  opcode:xor, llfi_index: 89;  opcode:zext, llfi_index: 90;  opcode:store, llfi_index: 91; 
START ; 
START ; 
START ; 
START ; 
START ;  opcode:br, llfi_index: 92; 
START ;  opcode:load, llfi_index: 93;  opcode:icmp, llfi_index: 94;  opcode:xor, llfi_index: 95;  opcode:zext, llfi_index: 96;  opcode:store, llfi_index: 97; 
START ; 
START ; 
START ; 
START ; 
START ;  opcode:br, llfi_index: 98; 
START ;  opcode:call, llfi_index: 99; 
START ;  opcode:call, llfi_index: 100; 
START ;  opcode:call, llfi_index: 101; 
START ;  opcode:call, llfi_index: 102; 
START ;  opcode:call, llfi_index: 103; 
START ;  opcode:call, llfi_index: 104; 
START ;  opcode:call, llfi_index: 105; 
START ;  opcode:call, llfi_index: 106; 
START ;  opcode:call, llfi_index: 107; 
START ;  opcode:call, llfi_index: 108; 
START ;  opcode:call, llfi_index: 109; 
START ;  opcode:call, llfi_index: 110; 
START ;  opcode:call, llfi_index: 111; 
START ;  opcode:call, llfi_index: 112; 
START ;  opcode:unreachable, llfi_index: 113; 
START ;  opcode:br, llfi_index: 114; 
START ;  opcode:load, llfi_index: 115;  opcode:trunc, llfi_index: 116;  opcode:shl, llfi_index: 117;  opcode:sext, llfi_index: 118;  opcode:store, llfi_index: 119; 
START ; 
START ; 
START ; 
START ; 
START ;  opcode:load, llfi_index: 120;  opcode:sdiv, llfi_index: 121;  opcode:trunc, llfi_index: 122;  opcode:shl, llfi_index: 123;  opcode:sext, llfi_index: 124;  opcode:store, llfi_index: 125; 
START ; 
START ; 
START ; 
START ; 
START ; 
START ;  opcode:load, llfi_index: 126;  opcode:sdiv, llfi_index: 128;  opcode:store, llfi_index: 129; 
START ;  opcode:load, llfi_index: 127; 
START ; 
START ; 
START ;  opcode:load, llfi_index: 130;  opcode:icmp, llfi_index: 131;  opcode:br, llfi_index: 132; 
START ; 
START ; 
START ;  opcode:call, llfi_index: 133; 
START ;  opcode:call, llfi_index: 134; 
START ;  opcode:unreachable, llfi_index: 135; 
START ;  opcode:load, llfi_index: 136;  opcode:trunc, llfi_index: 137;  opcode:shl, llfi_index: 138;  opcode:sext, llfi_index: 139;  opcode:store, llfi_index: 140; 
START ; 
START ; 
START ; 
START ; 
START ;  opcode:load, llfi_index: 141;  opcode:icmp, llfi_index: 142;  opcode:br, llfi_index: 143; 
START ; 
START ; 
START ;  opcode:call, llfi_index: 144; 
START ;  opcode:call, llfi_index: 145; 
START ;  opcode:call, llfi_index: 146; 
START ;  opcode:load, llfi_index: 147;  opcode:udiv, llfi_index: 148;  opcode:store, llfi_index: 149; 
START ; 
START ; 
START ;  opcode:load, llfi_index: 150; 
START ; 
START ; 
START ; 
START ;  opcode:br, llfi_index: 154; 
START ;  opcode:load, llfi_index: 155;  opcode:icmp, llfi_index: 156;  opcode:br, llfi_index: 157; 
START ; 
START ; 
START ;  opcode:store, llfi_index: 158; 
START ;  opcode:br, llfi_index: 159; 
START ;  opcode:load, llfi_index: 160;  opcode:udiv, llfi_index: 161;  opcode:store, llfi_index: 162; 
START ; 
START ; 
START ;  opcode:br, llfi_index: 163; 
START ;  opcode:load, llfi_index: 164;  opcode:mul, llfi_index: 166;  opcode:mul, llfi_index: 167;  opcode:mul, llfi_index: 168;  opcode:icmp, llfi_index: 169;  opcode:br, llfi_index: 170; 
START ;  opcode:load, llfi_index: 165; 
START ; 
START ; 
START ; 
START ; 
START ; 
START ;  opcode:load, llfi_index: 171;  opcode:mul, llfi_index: 172;  opcode:mul, llfi_index: 173;  opcode:mul, llfi_index: 175;  opcode:udiv, llfi_index: 176;  opcode:store, llfi_index: 177; 
START ; 
START ; 
START ;  opcode:load, llfi_index: 174; 
START ; 
START ; 
START ; 
START ;  opcode:load, llfi_index: 178;  opcode:mul, llfi_index: 179;  opcode:icmp, llfi_index: 185;  opcode:br, llfi_index: 186; 
START ; 
START ;  opcode:load, llfi_index: 180;  opcode:mul, llfi_index: 181;  opcode:mul, llfi_index: 182;  opcode:mul, llfi_index: 184; 
START ; 
START ; 
START ;  opcode:load, llfi_index: 183; 
START ; 
START ; 
START ; 
START ;  opcode:load, llfi_index: 187;  opcode:add, llfi_index: 188;  opcode:store, llfi_index: 189; 
START ; 
START ; 
START ;  opcode:br, llfi_index: 190; 
START ; 
START ; 
START ;  opcode:load, llfi_index: 193;  opcode:mul, llfi_index: 194; 
START ; 
START ; 
START ; 
START ;  opcode:br, llfi_index: 197; 
START ;  opcode:load, llfi_index: 198;  opcode:mul, llfi_index: 200;  opcode:mul, llfi_index: 201;  opcode:mul, llfi_index: 202;  opcode:sub, llfi_index: 203;  opcode:udiv, llfi_index: 206;  opcode:store, llfi_index: 207; 
START ;  opcode:load, llfi_index: 199; 
START ; 
START ; 
START ; 
START ; 
START ;  opcode:load, llfi_index: 204;  opcode:mul, llfi_index: 205; 
START ; 
START ; 
START ; 
START ;  opcode:load, llfi_index: 208;  opcode:mul, llfi_index: 211;  opcode:icmp, llfi_index: 218;  opcode:br, llfi_index: 219; 
START ;  opcode:load, llfi_index: 209;  opcode:mul, llfi_index: 210; 
START ; 
START ; 
START ;  opcode:load, llfi_index: 212;  opcode:mul, llfi_index: 214;  opcode:mul, llfi_index: 215;  opcode:mul, llfi_index: 216;  opcode:sub, llfi_index: 217; 
START ;  opcode:load, llfi_index: 213; 
START ; 
START ; 
START ; 
START ; 
START ; 
START ; 
START ;  opcode:call, llfi_index: 220; 
START ;  opcode:call, llfi_index: 221; 
START ;  opcode:unreachable, llfi_index: 222; 
START ;  opcode:br, llfi_index: 223; 
START ;  opcode:call, llfi_index: 224;  opcode:bitcast, llfi_index: 225;  opcode:store, llfi_index: 226; 
START ; 
START ; 
START ;  opcode:load, llfi_index: 227;  opcode:add, llfi_index: 231;  opcode:mul, llfi_index: 232;  opcode:mul, llfi_index: 233;  opcode:add, llfi_index: 234;  opcode:call, llfi_index: 235;  opcode:bitcast, llfi_index: 236;  opcode:store, llfi_index: 237; 
START ;  opcode:load, llfi_index: 228;  opcode:mul, llfi_index: 230; 
START ;  opcode:load, llfi_index: 229; 
START ; 
START ; 
START ; 
START ; 
START ; 
START ; 
START ; 
START ; 
START ;  opcode:load, llfi_index: 238;  opcode:add, llfi_index: 242;  opcode:mul, llfi_index: 243;  opcode:mul, llfi_index: 244;  opcode:add, llfi_index: 245;  opcode:call, llfi_index: 246;  opcode:bitcast, llfi_index: 247;  opcode:store, llfi_index: 248; 
START ;  opcode:load, llfi_index: 239;  opcode:mul, llfi_index: 241; 
START ;  opcode:load, llfi_index: 240; 
START ; 
START ; 
START ; 
START ; 
START ; 
START ; 
START ; 
START ; 
START ;  opcode:load, llfi_index: 249;  opcode:mul, llfi_index: 250;  opcode:mul, llfi_index: 251;  opcode:call, llfi_index: 252;  opcode:bitcast, llfi_index: 253;  opcode:store, llfi_index: 254; 
START ; 
START ; 
START ; 
START ; 
START ; 
START ;  opcode:load, llfi_index: 255;  opcode:add, llfi_index: 259;  opcode:mul, llfi_index: 260;  opcode:mul, llfi_index: 261;  opcode:add, llfi_index: 262;  opcode:call, llfi_index: 263;  opcode:bitcast, llfi_index: 264;  opcode:store, llfi_index: 265; 
START ;  opcode:load, llfi_index: 256;  opcode:mul, llfi_index: 258; 
START ;  opcode:load, llfi_index: 257; 
START ; 
START ; 
START ; 
START ; 
START ; 
START ; 
START ; 
START ; 
START ;  opcode:load, llfi_index: 266;  opcode:mul, llfi_index: 267;  opcode:call, llfi_index: 268;  opcode:bitcast, llfi_index: 269;  opcode:store, llfi_index: 272; 
START ; 
START ; 
START ; 
START ;  opcode:load, llfi_index: 270;  opcode:getelementptr, llfi_index: 271; 
START ; 
START ; 
START ;  opcode:load, llfi_index: 273;  opcode:mul, llfi_index: 274;  opcode:call, llfi_index: 275;  opcode:bitcast, llfi_index: 276;  opcode:store, llfi_index: 279; 
START ; 
START ; 
START ; 
START ;  opcode:load, llfi_index: 277;  opcode:getelementptr, llfi_index: 278; 
START ; 
START ; 
START ;  opcode:load, llfi_index: 280;  opcode:icmp, llfi_index: 281;  opcode:br, llfi_index: 282; 
START ; 
START ; 
START ;  opcode:call, llfi_index: 283; 
START ;  opcode:call, llfi_index: 284; 
START ;  opcode:unreachable, llfi_index: 285; 
START ;  opcode:load, llfi_index: 286;  opcode:icmp, llfi_index: 287;  opcode:br, llfi_index: 288; 
START ; 
START ; 
START ;  opcode:call, llfi_index: 289; 
START ;  opcode:call, llfi_index: 290; 
START ;  opcode:unreachable, llfi_index: 291; 
START ;  opcode:load, llfi_index: 292;  opcode:icmp, llfi_index: 293;  opcode:br, llfi_index: 294; 
START ; 
START ; 
START ;  opcode:call, llfi_index: 295; 
START ;  opcode:call, llfi_index: 296; 
START ;  opcode:unreachable, llfi_index: 297; 
START ;  opcode:load, llfi_index: 298;  opcode:icmp, llfi_index: 299;  opcode:br, llfi_index: 300; 
START ; 
START ; 
START ;  opcode:call, llfi_index: 301; 
START ;  opcode:call, llfi_index: 302; 
START ;  opcode:unreachable, llfi_index: 303; 
START ;  opcode:load, llfi_index: 304;  opcode:icmp, llfi_index: 305;  opcode:br, llfi_index: 306; 
START ; 
START ; 
START ;  opcode:call, llfi_index: 307; 
START ;  opcode:call, llfi_index: 308; 
START ;  opcode:unreachable, llfi_index: 309; 
START ;  opcode:br, llfi_index: 310; 
START ;  opcode:br, llfi_index: 311; 
START ;  opcode:br, llfi_index: 312; 
START ;  opcode:br, llfi_index: 313; 
START ;  opcode:load, llfi_index: 314;  opcode:ptrtoint, llfi_index: 315;  opcode:add, llfi_index: 316;  opcode:sub, llfi_index: 320;  opcode:inttoptr, llfi_index: 321;  opcode:store, llfi_index: 322; 
START ; 
START ; 
START ;  opcode:load, llfi_index: 317;  opcode:ptrtoint, llfi_index: 318;  opcode:urem, llfi_index: 319; 
START ; 
START ; 
START ; 
START ; 
START ; 
START ;  opcode:load, llfi_index: 323;  opcode:ptrtoint, llfi_index: 324;  opcode:add, llfi_index: 325;  opcode:sub, llfi_index: 329;  opcode:inttoptr, llfi_index: 330;  opcode:store, llfi_index: 331; 
START ; 
START ; 
START ;  opcode:load, llfi_index: 326;  opcode:ptrtoint, llfi_index: 327;  opcode:urem, llfi_index: 328; 
START ; 
START ; 
START ; 
START ; 
START ; 
START ;  opcode:load, llfi_index: 332;  opcode:ptrtoint, llfi_index: 333;  opcode:add, llfi_index: 334;  opcode:sub, llfi_index: 338;  opcode:inttoptr, llfi_index: 339;  opcode:store, llfi_index: 340; 
START ; 
START ; 
START ;  opcode:load, llfi_index: 335;  opcode:ptrtoint, llfi_index: 336;  opcode:urem, llfi_index: 337; 
START ; 
START ; 
START ; 
START ; 
START ; 
START ;  opcode:load, llfi_index: 341;  opcode:getelementptr, llfi_index: 342; 
START ; 
START ;  opcode:store, llfi_index: 343; 
START ;  opcode:load, llfi_index: 344;  opcode:call, llfi_index: 345; 
START ; 
START ;  opcode:load, llfi_index: 346;  opcode:icmp, llfi_index: 347;  opcode:br, llfi_index: 348; 
START ; 
START ; 
START ;  opcode:load, llfi_index: 349;  opcode:call, llfi_index: 350;  opcode:store, llfi_index: 351; 
START ; 
START ; 
START ;  opcode:br, llfi_index: 352; 
START ;  opcode:load, llfi_index: 353;  opcode:icmp, llfi_index: 354;  opcode:br, llfi_index: 355; 
START ; 
START ; 
START ;  opcode:call, llfi_index: 356; 
START ;  opcode:load, llfi_index: 357;  opcode:call, llfi_index: 359; 
START ;  opcode:load, llfi_index: 358; 
START ; 
START ;  opcode:br, llfi_index: 360; 
START ;  opcode:load, llfi_index: 361;  opcode:call, llfi_index: 363; 
START ;  opcode:load, llfi_index: 362; 
START ; 
START ;  opcode:load, llfi_index: 364;  opcode:call, llfi_index: 367; 
START ;  opcode:load, llfi_index: 365; 
START ;  opcode:load, llfi_index: 366; 
START ; 
START ;  opcode:call, llfi_index: 368; 
START ;  opcode:load, llfi_index: 369;  opcode:icmp, llfi_index: 370;  opcode:br, llfi_index: 371; 
START ; 
START ; 
START ;  opcode:call, llfi_index: 372; 
START ;  opcode:br, llfi_index: 373; 
START ;  opcode:call, llfi_index: 374; 
START ;  opcode:br, llfi_index: 375; 
START ;  opcode:load, llfi_index: 376;  opcode:call, llfi_index: 378; 
START ;  opcode:load, llfi_index: 377; 
START ; 
START ;  opcode:load, llfi_index: 379;  opcode:icmp, llfi_index: 380;  opcode:br, llfi_index: 381; 
START ; 
START ; 
START ;  opcode:load, llfi_index: 382;  opcode:call, llfi_index: 383;  opcode:store, llfi_index: 384; 
START ; 
START ; 
START ;  opcode:call, llfi_index: 385; 
START ;  opcode:load, llfi_index: 386;  opcode:fsub, llfi_index: 388;  opcode:call, llfi_index: 391; 
START ;  opcode:load, llfi_index: 387; 
START ; 
START ;  opcode:load, llfi_index: 389; 
START ;  opcode:load, llfi_index: 390; 
START ; 
START ;  opcode:load, llfi_index: 392;  opcode:fsub, llfi_index: 394;  opcode:call, llfi_index: 395;  opcode:fcmp, llfi_index: 396;  opcode:br, llfi_index: 397; 
START ;  opcode:load, llfi_index: 393; 
START ; 
START ; 
START ; 
START ; 
START ;  opcode:call, llfi_index: 398; 
START ;  opcode:br, llfi_index: 399; 
START ;  opcode:call, llfi_index: 400; 
START ;  opcode:br, llfi_index: 401; 
START ;  opcode:br, llfi_index: 402; 
START ; 
START ; 
START ;  opcode:alloca, llfi_index: 405;  opcode:load, llfi_index: 408;  opcode:call, llfi_index: 409; 
START ;  opcode:store, llfi_index: 406; 
START ;  opcode:load, llfi_index: 407; 
START ; 
START ; 
START ;  opcode:ret, llfi_index: 410; 
START ;  opcode:alloca, llfi_index: 411;  opcode:load, llfi_index: 456;  opcode:ret, llfi_index: 457; 
START ;  opcode:alloca, llfi_index: 412;  opcode:load, llfi_index: 448;  opcode:icmp, llfi_index: 449;  opcode:br, llfi_index: 450;  opcode:load, llfi_index: 434;  opcode:icmp, llfi_index: 435;  opcode:br, llfi_index: 436;  opcode:load, llfi_index: 422;  opcode:icmp, llfi_index: 423;  opcode:br, llfi_index: 424; 
START ;  opcode:alloca, llfi_index: 413;  opcode:load, llfi_index: 447; 
START ;  opcode:alloca, llfi_index: 414;  opcode:load, llfi_index: 451;  opcode:store, llfi_index: 452; 
START ;  opcode:alloca, llfi_index: 415; 
START ;  opcode:store, llfi_index: 416; 
START ;  opcode:store, llfi_index: 417; 
START ;  opcode:store, llfi_index: 418; 
START ;  opcode:store, llfi_index: 419; 
START ;  opcode:br, llfi_index: 420; 
START ;  opcode:load, llfi_index: 421; 
START ; 
START ; 
START ; 
START ;  opcode:load, llfi_index: 425;  opcode:icmp, llfi_index: 426;  opcode:br, llfi_index: 427; 
START ; 
START ; 
START ;  opcode:load, llfi_index: 428;  opcode:icmp, llfi_index: 429;  opcode:phi, llfi_index: 431;  opcode:br, llfi_index: 432; 
START ; 
START ;  opcode:br, llfi_index: 430; 
START ; 
START ; 
START ;  opcode:load, llfi_index: 433; 
START ; 
START ; 
START ; 
START ;  opcode:store, llfi_index: 437; 
START ;  opcode:br, llfi_index: 438; 
START ;  opcode:load, llfi_index: 439;  opcode:mul, llfi_index: 440;  opcode:store, llfi_index: 441; 
START ; 
START ; 
START ;  opcode:load, llfi_index: 442;  opcode:add, llfi_index: 443;  opcode:store, llfi_index: 444; 
START ; 
START ; 
START ;  opcode:br, llfi_index: 445; 
START ;  opcode:br, llfi_index: 446; 
START ; 
START ; 
START ; 
START ; 
START ; 
START ; 
START ;  opcode:br, llfi_index: 453; 
START ;  opcode:store, llfi_index: 454; 
START ;  opcode:br, llfi_index: 455; 
START ; 
START ; 
START ;  opcode:alloca, llfi_index: 458;  opcode:load, llfi_index: 493;  opcode:getelementptr, llfi_index: 494;  opcode:load, llfi_index: 485;  opcode:getelementptr, llfi_index: 486; 
START ;  opcode:alloca, llfi_index: 459; 
START ;  opcode:alloca, llfi_index: 460; 
START ;  opcode:alloca, llfi_index: 461;  opcode:load, llfi_index: 488;  opcode:add, llfi_index: 490;  opcode:mul, llfi_index: 491;  opcode:add, llfi_index: 492;  opcode:load, llfi_index: 481;  opcode:add, llfi_index: 483;  opcode:mul, llfi_index: 484; 
START ;  opcode:store, llfi_index: 462; 
START ;  opcode:store, llfi_index: 463; 
START ;  opcode:br, llfi_index: 464; 
START ;  opcode:load, llfi_index: 465;  opcode:icmp, llfi_index: 467;  opcode:br, llfi_index: 468; 
START ;  opcode:load, llfi_index: 466; 
START ; 
START ; 
START ;  opcode:load, llfi_index: 469;  opcode:mul, llfi_index: 473;  opcode:store, llfi_index: 474; 
START ;  opcode:load, llfi_index: 470;  opcode:add, llfi_index: 472; 
START ;  opcode:load, llfi_index: 471; 
START ; 
START ; 
START ; 
START ;  opcode:store, llfi_index: 475; 
START ;  opcode:br, llfi_index: 476; 
START ;  opcode:load, llfi_index: 477;  opcode:icmp, llfi_index: 479;  opcode:br, llfi_index: 480; 
START ;  opcode:load, llfi_index: 478; 
START ; 
START ; 
START ; 
START ;  opcode:load, llfi_index: 482; 
START ; 
START ; 
START ; 
START ; 
START ;  opcode:store, llfi_index: 487; 
START ; 
START ;  opcode:load, llfi_index: 489; 
START ; 
START ; 
START ; 
START ; 
START ; 
START ;  opcode:store, llfi_index: 495; 
START ;  opcode:br, llfi_index: 496; 
START ;  opcode:load, llfi_index: 497;  opcode:add, llfi_index: 498;  opcode:store, llfi_index: 499; 
START ; 
START ; 
START ;  opcode:br, llfi_index: 500; 
START ;  opcode:br, llfi_index: 501; 
START ;  opcode:load, llfi_index: 502;  opcode:add, llfi_index: 503;  opcode:store, llfi_index: 504; 
START ; 
START ; 
START ;  opcode:br, llfi_index: 505; 
START ;  opcode:ret, llfi_index: 506; 
START ;  opcode:alloca, llfi_index: 507;  opcode:load, llfi_index: 544;  opcode:getelementptr, llfi_index: 545;  opcode:load, llfi_index: 546;  opcode:fadd, llfi_index: 547;  opcode:fadd, llfi_index: 549;  opcode:store, llfi_index: 550;  opcode:load, llfi_index: 536;  opcode:getelementptr, llfi_index: 537;  opcode:load, llfi_index: 538; 
START ;  opcode:alloca, llfi_index: 508; 
START ;  opcode:alloca, llfi_index: 509; 
START ;  opcode:alloca, llfi_index: 510;  opcode:load, llfi_index: 539;  opcode:add, llfi_index: 541;  opcode:mul, llfi_index: 542;  opcode:add, llfi_index: 543;  opcode:load, llfi_index: 532;  opcode:add, llfi_index: 534;  opcode:mul, llfi_index: 535; 
START ;  opcode:alloca, llfi_index: 511;  opcode:load, llfi_index: 561;  opcode:ret, llfi_index: 562; 
START ;  opcode:store, llfi_index: 512; 
START ;  opcode:store, llfi_index: 513; 
START ;  opcode:store, llfi_index: 514; 
START ;  opcode:br, llfi_index: 515; 
START ;  opcode:load, llfi_index: 516;  opcode:icmp, llfi_index: 518;  opcode:br, llfi_index: 519; 
START ;  opcode:load, llfi_index: 517; 
START ; 
START ; 
START ;  opcode:load, llfi_index: 520;  opcode:mul, llfi_index: 524;  opcode:store, llfi_index: 525; 
START ;  opcode:load, llfi_index: 521;  opcode:add, llfi_index: 523; 
START ;  opcode:load, llfi_index: 522; 
START ; 
START ; 
START ; 
START ;  opcode:store, llfi_index: 526; 
START ;  opcode:br, llfi_index: 527; 
START ;  opcode:load, llfi_index: 528;  opcode:icmp, llfi_index: 530;  opcode:br, llfi_index: 531; 
START ;  opcode:load, llfi_index: 529; 
START ; 
START ; 
START ; 
START ;  opcode:load, llfi_index: 533; 
START ; 
START ; 
START ; 
START ; 
START ; 
START ; 
START ;  opcode:load, llfi_index: 540; 
START ; 
START ; 
START ; 
START ; 
START ; 
START ; 
START ; 
START ;  opcode:load, llfi_index: 548; 
START ; 
START ; 
START ;  opcode:br, llfi_index: 551; 
START ;  opcode:load, llfi_index: 552;  opcode:add, llfi_index: 553;  opcode:store, llfi_index: 554; 
START ; 
START ; 
START ;  opcode:br, llfi_index: 555; 
START ;  opcode:br, llfi_index: 556; 
START ;  opcode:load, llfi_index: 557;  opcode:add, llfi_index: 558;  opcode:store, llfi_index: 559; 
START ; 
START ; 
START ;  opcode:br, llfi_index: 560; 
START ; 
START ; 
START ;  opcode:alloca, llfi_index: 563;  opcode:load, llfi_index: 609;  opcode:sub, llfi_index: 610;  opcode:icmp, llfi_index: 611;  opcode:br, llfi_index: 612; 
START ;  opcode:alloca, llfi_index: 564;  opcode:load, llfi_index: 600;  opcode:getelementptr, llfi_index: 601;  opcode:load, llfi_index: 602;  opcode:call, llfi_index: 603;  opcode:load, llfi_index: 592;  opcode:getelementptr, llfi_index: 593;  opcode:load, llfi_index: 594; 
START ;  opcode:alloca, llfi_index: 565; 
START ;  opcode:alloca, llfi_index: 566; 
START ;  opcode:alloca, llfi_index: 567;  opcode:load, llfi_index: 595;  opcode:add, llfi_index: 597;  opcode:mul, llfi_index: 598;  opcode:add, llfi_index: 599;  opcode:load, llfi_index: 588;  opcode:add, llfi_index: 590;  opcode:mul, llfi_index: 591; 
START ;  opcode:store, llfi_index: 568; 
START ;  opcode:store, llfi_index: 569; 
START ;  opcode:store, llfi_index: 570; 
START ;  opcode:br, llfi_index: 571; 
START ;  opcode:load, llfi_index: 572;  opcode:icmp, llfi_index: 574;  opcode:br, llfi_index: 575; 
START ;  opcode:load, llfi_index: 573; 
START ; 
START ; 
START ;  opcode:load, llfi_index: 576;  opcode:mul, llfi_index: 580;  opcode:store, llfi_index: 581; 
START ;  opcode:load, llfi_index: 577;  opcode:add, llfi_index: 579; 
START ;  opcode:load, llfi_index: 578; 
START ; 
START ; 
START ; 
START ;  opcode:store, llfi_index: 582; 
START ;  opcode:br, llfi_index: 583; 
START ;  opcode:load, llfi_index: 584;  opcode:icmp, llfi_index: 586;  opcode:br, llfi_index: 587; 
START ;  opcode:load, llfi_index: 585; 
START ; 
START ; 
START ; 
START ;  opcode:load, llfi_index: 589; 
START ; 
START ; 
START ; 
START ; 
START ; 
START ; 
START ;  opcode:load, llfi_index: 596; 
START ; 
START ; 
START ; 
START ; 
START ; 
START ; 
START ; 
START ;  opcode:load, llfi_index: 604;  opcode:mul, llfi_index: 606;  opcode:add, llfi_index: 608; 
START ;  opcode:load, llfi_index: 605; 
START ; 
START ;  opcode:load, llfi_index: 607; 
START ; 
START ; 
START ; 
START ; 
START ; 
START ;  opcode:call, llfi_index: 613; 
START ;  opcode:br, llfi_index: 614; 
START ;  opcode:load, llfi_index: 615;  opcode:mul, llfi_index: 617;  opcode:add, llfi_index: 619;  opcode:add, llfi_index: 620;  opcode:srem, llfi_index: 621;  opcode:icmp, llfi_index: 622;  opcode:br, llfi_index: 623; 
START ;  opcode:load, llfi_index: 616; 
START ; 
START ;  opcode:load, llfi_index: 618; 
START ; 
START ; 
START ; 
START ; 
START ; 
START ;  opcode:call, llfi_index: 624; 
START ;  opcode:br, llfi_index: 625; 
START ;  opcode:br, llfi_index: 626; 
START ;  opcode:load, llfi_index: 627;  opcode:add, llfi_index: 628;  opcode:store, llfi_index: 629; 
START ; 
START ; 
START ;  opcode:br, llfi_index: 630; 
START ;  opcode:br, llfi_index: 631; 
START ;  opcode:load, llfi_index: 632;  opcode:add, llfi_index: 633;  opcode:store, llfi_index: 634; 
START ; 
START ; 
START ;  opcode:br, llfi_index: 635; 
START ;  opcode:call, llfi_index: 636; 
START ;  opcode:call, llfi_index: 637; 
START ;  opcode:ret, llfi_index: 638; 
START ;  opcode:alloca, llfi_index: 639;  opcode:load, llfi_index: 653;  opcode:icmp, llfi_index: 654;  opcode:br, llfi_index: 655; 
START ;  opcode:alloca, llfi_index: 640;  opcode:load, llfi_index: 707;  opcode:getelementptr, llfi_index: 708;  opcode:load, llfi_index: 690;  opcode:getelementptr, llfi_index: 691; 
START ;  opcode:alloca, llfi_index: 641; 
START ;  opcode:alloca, llfi_index: 642; 
START ;  opcode:alloca, llfi_index: 643;  opcode:load, llfi_index: 702;  opcode:add, llfi_index: 704;  opcode:mul, llfi_index: 705;  opcode:add, llfi_index: 706;  opcode:load, llfi_index: 686;  opcode:add, llfi_index: 688;  opcode:mul, llfi_index: 689;  opcode:load, llfi_index: 670;  opcode:add, llfi_index: 672;  opcode:icmp, llfi_index: 675;  opcode:br, llfi_index: 676; 
START ;  opcode:alloca, llfi_index: 644;  opcode:load, llfi_index: 696;  opcode:mul, llfi_index: 697;  opcode:sitofp, llfi_index: 698;  opcode:fdiv, llfi_index: 699;  opcode:call, llfi_index: 700;  opcode:fsub, llfi_index: 701;  opcode:store, llfi_index: 709;  opcode:load, llfi_index: 681;  opcode:mul, llfi_index: 682;  opcode:sitofp, llfi_index: 683;  opcode:fdiv, llfi_index: 684;  opcode:call, llfi_index: 685;  opcode:store, llfi_index: 692;  opcode:load, llfi_index: 667;  opcode:icmp, llfi_index: 668;  opcode:br, llfi_index: 669;  opcode:load, llfi_index: 661;  opcode:sub, llfi_index: 662;  opcode:store, llfi_index: 663; 
START ;  opcode:store, llfi_index: 645; 
START ;  opcode:store, llfi_index: 646; 
START ;  opcode:store, llfi_index: 647; 
START ;  opcode:br, llfi_index: 648; 
START ;  opcode:load, llfi_index: 649;  opcode:trunc, llfi_index: 650;  opcode:shl, llfi_index: 651;  opcode:sext, llfi_index: 652; 
START ; 
START ; 
START ; 
START ; 
START ; 
START ; 
START ;  opcode:load, llfi_index: 656;  opcode:trunc, llfi_index: 657;  opcode:shl, llfi_index: 658;  opcode:sext, llfi_index: 659;  opcode:store, llfi_index: 660; 
START ; 
START ; 
START ; 
START ; 
START ; 
START ; 
START ; 
START ;  opcode:store, llfi_index: 664; 
START ;  opcode:br, llfi_index: 665; 
START ;  opcode:load, llfi_index: 666; 
START ; 
START ; 
START ; 
START ; 
START ;  opcode:load, llfi_index: 671; 
START ; 
START ;  opcode:load, llfi_index: 673;  opcode:sub, llfi_index: 674; 
START ; 
START ; 
START ; 
START ;  opcode:br, llfi_index: 677; 
START ;  opcode:load, llfi_index: 678;  opcode:sitofp, llfi_index: 679;  opcode:fmul, llfi_index: 680; 
START ; 
START ; 
START ; 
START ; 
START ; 
START ; 
START ; 
START ; 
START ;  opcode:load, llfi_index: 687; 
START ; 
START ; 
START ; 
START ; 
START ; 
START ;  opcode:load, llfi_index: 693;  opcode:sitofp, llfi_index: 694;  opcode:fmul, llfi_index: 695; 
START ; 
START ; 
START ; 
START ; 
START ; 
START ; 
START ; 
START ; 
START ; 
START ;  opcode:load, llfi_index: 703; 
START ; 
START ; 
START ; 
START ; 
START ; 
START ; 
START ;  opcode:br, llfi_index: 710; 
START ;  opcode:load, llfi_index: 711;  opcode:add, llfi_index: 712;  opcode:store, llfi_index: 713; 
START ; 
START ; 
START ;  opcode:br, llfi_index: 714; 
START ;  opcode:br, llfi_index: 715; 
START ;  opcode:load, llfi_index: 716;  opcode:add, llfi_index: 717;  opcode:store, llfi_index: 718; 
START ; 
START ; 
START ;  opcode:br, llfi_index: 719; 
START ;  opcode:ret, llfi_index: 720; 
START ;  opcode:alloca, llfi_index: 721;  opcode:load, llfi_index: 771;  opcode:sitofp, llfi_index: 772;  opcode:fdiv, llfi_index: 773;  opcode:call, llfi_index: 774;  opcode:fsub, llfi_index: 775;  opcode:store, llfi_index: 783;  opcode:load, llfi_index: 754;  opcode:sitofp, llfi_index: 755;  opcode:fdiv, llfi_index: 756;  opcode:call, llfi_index: 757;  opcode:store, llfi_index: 764; 
START ;  opcode:alloca, llfi_index: 722;  opcode:load, llfi_index: 781;  opcode:getelementptr, llfi_index: 782;  opcode:load, llfi_index: 762;  opcode:getelementptr, llfi_index: 763; 
START ;  opcode:alloca, llfi_index: 723;  opcode:load, llfi_index: 745;  opcode:icmp, llfi_index: 746;  opcode:br, llfi_index: 747;  opcode:load, llfi_index: 733;  opcode:icmp, llfi_index: 734;  opcode:br, llfi_index: 735; 
START ;  opcode:alloca, llfi_index: 724; 
START ;  opcode:alloca, llfi_index: 725; 
START ;  opcode:alloca, llfi_index: 726;  opcode:load, llfi_index: 776;  opcode:add, llfi_index: 778;  opcode:mul, llfi_index: 779;  opcode:add, llfi_index: 780;  opcode:load, llfi_index: 758;  opcode:add, llfi_index: 760;  opcode:mul, llfi_index: 761; 
START ;  opcode:store, llfi_index: 727; 
START ;  opcode:store, llfi_index: 728; 
START ;  opcode:store, llfi_index: 729; 
START ;  opcode:store, llfi_index: 730; 
START ;  opcode:br, llfi_index: 731; 
START ;  opcode:load, llfi_index: 732; 
START ; 
START ; 
START ; 
START ;  opcode:load, llfi_index: 736;  opcode:mul, llfi_index: 740;  opcode:store, llfi_index: 741; 
START ;  opcode:load, llfi_index: 737;  opcode:add, llfi_index: 739; 
START ;  opcode:load, llfi_index: 738; 
START ; 
START ; 
START ; 
START ;  opcode:store, llfi_index: 742; 
START ;  opcode:br, llfi_index: 743; 
START ;  opcode:load, llfi_index: 744; 
START ; 
START ; 
START ; 
START ;  opcode:load, llfi_index: 748;  opcode:sitofp, llfi_index: 749;  opcode:fmul, llfi_index: 750;  opcode:fmul, llfi_index: 753; 
START ; 
START ; 
START ;  opcode:load, llfi_index: 751;  opcode:sitofp, llfi_index: 752; 
START ; 
START ; 
START ; 
START ; 
START ; 
START ; 
START ; 
START ;  opcode:load, llfi_index: 759; 
START ; 
START ; 
START ; 
START ; 
START ; 
START ;  opcode:load, llfi_index: 765;  opcode:sitofp, llfi_index: 766;  opcode:fmul, llfi_index: 767;  opcode:fmul, llfi_index: 770; 
START ; 
START ; 
START ;  opcode:load, llfi_index: 768;  opcode:sitofp, llfi_index: 769; 
START ; 
START ; 
START ; 
START ; 
START ; 
START ; 
START ; 
START ; 
START ;  opcode:load, llfi_index: 777; 
START ; 
START ; 
START ; 
START ; 
START ; 
START ; 
START ;  opcode:br, llfi_index: 784; 
START ;  opcode:load, llfi_index: 785;  opcode:add, llfi_index: 786;  opcode:store, llfi_index: 787; 
START ; 
START ; 
START ;  opcode:br, llfi_index: 788; 
START ;  opcode:br, llfi_index: 789; 
START ;  opcode:load, llfi_index: 790;  opcode:add, llfi_index: 791;  opcode:store, llfi_index: 792; 
START ; 
START ; 
START ;  opcode:br, llfi_index: 793; 
START ;  opcode:ret, llfi_index: 794; 
START ;  opcode:alloca, llfi_index: 795; 
START ;  opcode:alloca, llfi_index: 796;  opcode:load, llfi_index: 891;  opcode:call, llfi_index: 897;  opcode:load, llfi_index: 875;  opcode:call, llfi_index: 881;  opcode:load, llfi_index: 856;  opcode:add, llfi_index: 857;  opcode:mul, llfi_index: 858;  opcode:sdiv, llfi_index: 860;  opcode:store, llfi_index: 861;  opcode:load, llfi_index: 850;  opcode:mul, llfi_index: 851;  opcode:sdiv, llfi_index: 853;  opcode:store, llfi_index: 854;  opcode:load, llfi_index: 824;  opcode:call, llfi_index: 825; 
START ;  opcode:alloca, llfi_index: 797;  opcode:load, llfi_index: 889;  opcode:load, llfi_index: 873;  opcode:load, llfi_index: 865;  opcode:call, llfi_index: 868;  opcode:load, llfi_index: 841;  opcode:getelementptr, llfi_index: 842;  opcode:load, llfi_index: 820;  opcode:icmp, llfi_index: 821;  opcode:br, llfi_index: 822; 
START ;  opcode:alloca, llfi_index: 798; 
START ;  opcode:alloca, llfi_index: 799; 
START ;  opcode:alloca, llfi_index: 800; 
START ;  opcode:alloca, llfi_index: 801;  opcode:load, llfi_index: 892;  opcode:load, llfi_index: 876;  opcode:load, llfi_index: 866; 
START ;  opcode:alloca, llfi_index: 802;  opcode:load, llfi_index: 893;  opcode:load, llfi_index: 877;  opcode:load, llfi_index: 867; 
START ;  opcode:store, llfi_index: 803; 
START ;  opcode:load, llfi_index: 804;  opcode:getelementptr, llfi_index: 805;  opcode:load, llfi_index: 806;  opcode:store, llfi_index: 807; 
START ; 
START ; 
START ; 
START ;  opcode:load, llfi_index: 808;  opcode:getelementptr, llfi_index: 809; 
START ; 
START ;  opcode:load, llfi_index: 810;  opcode:add, llfi_index: 811;  opcode:store, llfi_index: 812; 
START ; 
START ; 
START ;  opcode:load, llfi_index: 813;  opcode:sub, llfi_index: 814;  opcode:mul, llfi_index: 815;  opcode:mul, llfi_index: 816;  opcode:call, llfi_index: 817;  opcode:bitcast, llfi_index: 818;  opcode:store, llfi_index: 819; 
START ; 
START ; 
START ; 
START ; 
START ; 
START ; 
START ; 
START ; 
START ; 
START ;  opcode:load, llfi_index: 823; 
START ; 
START ; 
START ;  opcode:call, llfi_index: 826; 
START ;  opcode:unreachable, llfi_index: 827; 
START ;  opcode:store, llfi_index: 828; 
START ;  opcode:br, llfi_index: 829; 
START ;  opcode:load, llfi_index: 830;  opcode:icmp, llfi_index: 834;  opcode:br, llfi_index: 835; 
START ;  opcode:load, llfi_index: 831;  opcode:sub, llfi_index: 832;  opcode:mul, llfi_index: 833; 
START ; 
START ; 
START ; 
START ; 
START ;  opcode:load, llfi_index: 836;  opcode:getelementptr, llfi_index: 838;  opcode:load, llfi_index: 839;  opcode:store, llfi_index: 843; 
START ;  opcode:load, llfi_index: 837; 
START ; 
START ; 
START ;  opcode:load, llfi_index: 840; 
START ; 
START ; 
START ; 
START ;  opcode:br, llfi_index: 844; 
START ;  opcode:load, llfi_index: 845;  opcode:add, llfi_index: 846;  opcode:store, llfi_index: 847; 
START ; 
START ; 
START ;  opcode:br, llfi_index: 848; 
START ;  opcode:load, llfi_index: 849; 
START ; 
START ; 
START ;  opcode:load, llfi_index: 852; 
START ; 
START ; 
START ;  opcode:load, llfi_index: 855; 
START ; 
START ; 
START ; 
START ;  opcode:load, llfi_index: 859; 
START ; 
START ; 
START ;  opcode:load, llfi_index: 862; 
START ;  opcode:load, llfi_index: 863; 
START ;  opcode:load, llfi_index: 864; 
START ; 
START ; 
START ; 
START ; 
START ;  opcode:load, llfi_index: 869; 
START ;  opcode:load, llfi_index: 870; 
START ;  opcode:load, llfi_index: 871; 
START ;  opcode:load, llfi_index: 872; 
START ; 
START ;  opcode:load, llfi_index: 874; 
START ; 
START ; 
START ; 
START ;  opcode:load, llfi_index: 878; 
START ;  opcode:load, llfi_index: 879; 
START ;  opcode:load, llfi_index: 880; 
START ; 
START ;  opcode:load, llfi_index: 882;  opcode:icmp, llfi_index: 883;  opcode:br, llfi_index: 884; 
START ; 
START ; 
START ;  opcode:load, llfi_index: 885; 
START ;  opcode:load, llfi_index: 886; 
START ;  opcode:load, llfi_index: 887; 
START ;  opcode:load, llfi_index: 888; 
START ; 
START ;  opcode:load, llfi_index: 890; 
START ; 
START ; 
START ; 
START ;  opcode:load, llfi_index: 894; 
START ;  opcode:load, llfi_index: 895; 
START ;  opcode:load, llfi_index: 896; 
START ; 
START ;  opcode:br, llfi_index: 898; 
START ;  opcode:ret, llfi_index: 899; 
START ;  opcode:alloca, llfi_index: 900;  opcode:load, llfi_index: 968;  opcode:getelementptr, llfi_index: 969;  opcode:load, llfi_index: 970;  opcode:fadd, llfi_index: 971;  opcode:fadd, llfi_index: 979;  opcode:fadd, llfi_index: 988;  opcode:fadd, llfi_index: 996;  opcode:fadd, llfi_index: 1005;  opcode:fadd, llfi_index: 1007;  opcode:store, llfi_index: 1008;  opcode:load, llfi_index: 960;  opcode:getelementptr, llfi_index: 961;  opcode:load, llfi_index: 962; 
START ;  opcode:alloca, llfi_index: 901;  opcode:load, llfi_index: 985;  opcode:getelementptr, llfi_index: 986;  opcode:load, llfi_index: 987;  opcode:load, llfi_index: 976;  opcode:getelementptr, llfi_index: 977;  opcode:load, llfi_index: 978; 
START ;  opcode:alloca, llfi_index: 902;  opcode:load, llfi_index: 1002;  opcode:getelementptr, llfi_index: 1003;  opcode:load, llfi_index: 1004;  opcode:load, llfi_index: 993;  opcode:getelementptr, llfi_index: 994;  opcode:load, llfi_index: 995; 
START ;  opcode:alloca, llfi_index: 903;  opcode:load, llfi_index: 926;  opcode:getelementptr, llfi_index: 927;  opcode:load, llfi_index: 928;  opcode:fadd, llfi_index: 930;  opcode:store, llfi_index: 931; 
START ;  opcode:alloca, llfi_index: 904;  opcode:load, llfi_index: 937;  opcode:store, llfi_index: 938; 
START ;  opcode:alloca, llfi_index: 905;  opcode:load, llfi_index: 941;  opcode:icmp, llfi_index: 942;  opcode:br, llfi_index: 943; 
START ;  opcode:alloca, llfi_index: 906; 
START ;  opcode:alloca, llfi_index: 907; 
START ;  opcode:alloca, llfi_index: 908;  opcode:load, llfi_index: 997;  opcode:add, llfi_index: 999;  opcode:mul, llfi_index: 1000;  opcode:add, llfi_index: 1001;  opcode:load, llfi_index: 989;  opcode:add, llfi_index: 991;  opcode:mul, llfi_index: 992;  opcode:load, llfi_index: 980;  opcode:add, llfi_index: 982;  opcode:mul, llfi_index: 983;  opcode:add, llfi_index: 984;  opcode:load, llfi_index: 972;  opcode:add, llfi_index: 974;  opcode:mul, llfi_index: 975;  opcode:load, llfi_index: 963;  opcode:add, llfi_index: 965;  opcode:mul, llfi_index: 966;  opcode:add, llfi_index: 967;  opcode:load, llfi_index: 956;  opcode:add, llfi_index: 958;  opcode:mul, llfi_index: 959; 
START ;  opcode:alloca, llfi_index: 909;  opcode:load, llfi_index: 1019;  opcode:ret, llfi_index: 1020; 
START ;  opcode:store, llfi_index: 910; 
START ;  opcode:store, llfi_index: 911; 
START ;  opcode:store, llfi_index: 912; 
START ;  opcode:store, llfi_index: 913; 
START ;  opcode:store, llfi_index: 914; 
START ;  opcode:store, llfi_index: 915; 
START ;  opcode:store, llfi_index: 916; 
START ;  opcode:store, llfi_index: 917; 
START ;  opcode:br, llfi_index: 918; 
START ;  opcode:load, llfi_index: 919;  opcode:icmp, llfi_index: 923;  opcode:br, llfi_index: 924; 
START ;  opcode:load, llfi_index: 920;  opcode:sub, llfi_index: 921;  opcode:mul, llfi_index: 922; 
START ; 
START ; 
START ; 
START ; 
START ;  opcode:load, llfi_index: 925; 
START ; 
START ; 
START ; 
START ;  opcode:load, llfi_index: 929; 
START ; 
START ; 
START ;  opcode:br, llfi_index: 932; 
START ;  opcode:load, llfi_index: 933;  opcode:add, llfi_index: 934;  opcode:store, llfi_index: 935; 
START ; 
START ; 
START ;  opcode:br, llfi_index: 936; 
START ; 
START ; 
START ;  opcode:br, llfi_index: 939; 
START ;  opcode:load, llfi_index: 940; 
START ; 
START ; 
START ; 
START ;  opcode:load, llfi_index: 944;  opcode:mul, llfi_index: 948;  opcode:store, llfi_index: 949; 
START ;  opcode:load, llfi_index: 945;  opcode:add, llfi_index: 947; 
START ;  opcode:load, llfi_index: 946; 
START ; 
START ; 
START ; 
START ;  opcode:store, llfi_index: 950; 
START ;  opcode:br, llfi_index: 951; 
START ;  opcode:load, llfi_index: 952;  opcode:icmp, llfi_index: 954;  opcode:br, llfi_index: 955; 
START ;  opcode:load, llfi_index: 953; 
START ; 
START ; 
START ; 
START ;  opcode:load, llfi_index: 957; 
START ; 
START ; 
START ; 
START ; 
START ; 
START ; 
START ;  opcode:load, llfi_index: 964; 
START ; 
START ; 
START ; 
START ; 
START ; 
START ; 
START ; 
START ; 
START ;  opcode:load, llfi_index: 973; 
START ; 
START ; 
START ; 
START ; 
START ; 
START ; 
START ; 
START ;  opcode:load, llfi_index: 981; 
START ; 
START ; 
START ; 
START ; 
START ; 
START ; 
START ; 
START ; 
START ;  opcode:load, llfi_index: 990; 
START ; 
START ; 
START ; 
START ; 
START ; 
START ; 
START ; 
START ;  opcode:load, llfi_index: 998; 
START ; 
START ; 
START ; 
START ; 
START ; 
START ; 
START ; 
START ;  opcode:load, llfi_index: 1006; 
START ; 
START ; 
START ;  opcode:br, llfi_index: 1009; 
START ;  opcode:load, llfi_index: 1010;  opcode:add, llfi_index: 1011;  opcode:store, llfi_index: 1012; 
START ; 
START ; 
START ;  opcode:br, llfi_index: 1013; 
START ;  opcode:br, llfi_index: 1014; 
START ;  opcode:load, llfi_index: 1015;  opcode:add, llfi_index: 1016;  opcode:store, llfi_index: 1017; 
START ; 
START ; 
START ;  opcode:br, llfi_index: 1018; 
START ; 
START ; 
START ;  opcode:alloca, llfi_index: 1021;  opcode:load, llfi_index: 1179;  opcode:icmp, llfi_index: 1180;  opcode:br, llfi_index: 1181;  opcode:load, llfi_index: 1166;  opcode:call, llfi_index: 1178;  opcode:load, llfi_index: 1111;  opcode:call, llfi_index: 1124;  opcode:load, llfi_index: 1098;  opcode:call, llfi_index: 1110; 
START ;  opcode:alloca, llfi_index: 1022;  opcode:load, llfi_index: 1054;  opcode:sdiv, llfi_index: 1055;  opcode:store, llfi_index: 1056; 
START ;  opcode:alloca, llfi_index: 1023;  opcode:load, llfi_index: 1183;  opcode:call, llfi_index: 1192; 
START ;  opcode:alloca, llfi_index: 1024;  opcode:load, llfi_index: 1256;  opcode:getelementptr, llfi_index: 1257;  opcode:call, llfi_index: 1258;  opcode:load, llfi_index: 1207;  opcode:call, llfi_index: 1213;  opcode:load, llfi_index: 1190;  opcode:getelementptr, llfi_index: 1191;  opcode:load, llfi_index: 1176;  opcode:getelementptr, llfi_index: 1177;  opcode:load, llfi_index: 1139;  opcode:call, llfi_index: 1144;  opcode:load, llfi_index: 1070;  opcode:call, llfi_index: 1076; 
START ;  opcode:alloca, llfi_index: 1025;  opcode:load, llfi_index: 1248;  opcode:getelementptr, llfi_index: 1249;  opcode:load, llfi_index: 1208;  opcode:load, llfi_index: 1138;  opcode:load, llfi_index: 1121;  opcode:getelementptr, llfi_index: 1122;  opcode:load, llfi_index: 1108;  opcode:getelementptr, llfi_index: 1109;  opcode:load, llfi_index: 1071; 
START ;  opcode:alloca, llfi_index: 1026;  opcode:load, llfi_index: 1169;  opcode:load, llfi_index: 1101; 
START ;  opcode:alloca, llfi_index: 1027;  opcode:load, llfi_index: 1114; 
START ;  opcode:alloca, llfi_index: 1028;  opcode:load, llfi_index: 1214;  opcode:icmp, llfi_index: 1215;  opcode:br, llfi_index: 1216;  opcode:load, llfi_index: 1209;  opcode:load, llfi_index: 1199;  opcode:icmp, llfi_index: 1200;  opcode:br, llfi_index: 1201;  opcode:load, llfi_index: 1145;  opcode:icmp, llfi_index: 1146;  opcode:br, llfi_index: 1147;  opcode:load, llfi_index: 1140;  opcode:load, llfi_index: 1130;  opcode:icmp, llfi_index: 1131;  opcode:br, llfi_index: 1132;  opcode:load, llfi_index: 1077;  opcode:icmp, llfi_index: 1078;  opcode:br, llfi_index: 1079;  opcode:load, llfi_index: 1072;  opcode:load, llfi_index: 1062;  opcode:icmp, llfi_index: 1063;  opcode:br, llfi_index: 1064; 
START ;  opcode:alloca, llfi_index: 1029;  opcode:load, llfi_index: 1223;  opcode:load, llfi_index: 1154;  opcode:load, llfi_index: 1086; 
START ;  opcode:alloca, llfi_index: 1030;  opcode:load, llfi_index: 1234;  opcode:store, llfi_index: 1235;  opcode:load, llfi_index: 1210;  opcode:load, llfi_index: 1159;  opcode:store, llfi_index: 1160;  opcode:load, llfi_index: 1141;  opcode:load, llfi_index: 1091;  opcode:store, llfi_index: 1092;  opcode:load, llfi_index: 1073; 
START ;  opcode:alloca, llfi_index: 1031;  opcode:load, llfi_index: 1238;  opcode:icmp, llfi_index: 1239;  opcode:br, llfi_index: 1240;  opcode:load, llfi_index: 1211;  opcode:load, llfi_index: 1163;  opcode:icmp, llfi_index: 1164;  opcode:br, llfi_index: 1165;  opcode:load, llfi_index: 1142;  opcode:load, llfi_index: 1095;  opcode:icmp, llfi_index: 1096;  opcode:br, llfi_index: 1097;  opcode:load, llfi_index: 1074; 
START ;  opcode:alloca, llfi_index: 1032;  opcode:load, llfi_index: 1253;  opcode:add, llfi_index: 1254;  opcode:mul, llfi_index: 1255;  opcode:load, llfi_index: 1245;  opcode:add, llfi_index: 1246;  opcode:mul, llfi_index: 1247;  opcode:load, llfi_index: 1212;  opcode:load, llfi_index: 1187;  opcode:add, llfi_index: 1188;  opcode:mul, llfi_index: 1189;  opcode:load, llfi_index: 1173;  opcode:add, llfi_index: 1174;  opcode:mul, llfi_index: 1175;  opcode:load, llfi_index: 1143;  opcode:load, llfi_index: 1123;  opcode:load, llfi_index: 1118;  opcode:add, llfi_index: 1119;  opcode:mul, llfi_index: 1120;  opcode:load, llfi_index: 1105;  opcode:add, llfi_index: 1106;  opcode:mul, llfi_index: 1107;  opcode:load, llfi_index: 1075; 
START ;  opcode:alloca, llfi_index: 1033;  opcode:load, llfi_index: 1228;  opcode:icmp, llfi_index: 1229;  opcode:br, llfi_index: 1230; 
START ;  opcode:alloca, llfi_index: 1034;  opcode:load, llfi_index: 1217;  opcode:icmp, llfi_index: 1218;  opcode:br, llfi_index: 1219;  opcode:load, llfi_index: 1202;  opcode:icmp, llfi_index: 1203;  opcode:br, llfi_index: 1204;  opcode:load, llfi_index: 1148;  opcode:icmp, llfi_index: 1149;  opcode:br, llfi_index: 1150;  opcode:load, llfi_index: 1133;  opcode:icmp, llfi_index: 1134;  opcode:br, llfi_index: 1135;  opcode:load, llfi_index: 1080;  opcode:icmp, llfi_index: 1081;  opcode:br, llfi_index: 1082;  opcode:load, llfi_index: 1065;  opcode:icmp, llfi_index: 1066;  opcode:br, llfi_index: 1067; 
START ;  opcode:alloca, llfi_index: 1035; 
START ;  opcode:alloca, llfi_index: 1036;  opcode:load, llfi_index: 1167;  opcode:load, llfi_index: 1099;  opcode:load, llfi_index: 1057;  opcode:trunc, llfi_index: 1058;  opcode:shl, llfi_index: 1059;  opcode:sext, llfi_index: 1060;  opcode:store, llfi_index: 1061; 
START ;  opcode:alloca, llfi_index: 1037;  opcode:load, llfi_index: 1252;  opcode:load, llfi_index: 1244;  opcode:load, llfi_index: 1241;  opcode:load, llfi_index: 1206;  opcode:load, llfi_index: 1186;  opcode:load, llfi_index: 1182;  opcode:load, llfi_index: 1172;  opcode:load, llfi_index: 1168;  opcode:load, llfi_index: 1137;  opcode:load, llfi_index: 1117;  opcode:load, llfi_index: 1112;  opcode:load, llfi_index: 1104;  opcode:load, llfi_index: 1100;  opcode:load, llfi_index: 1069; 
START ;  opcode:alloca, llfi_index: 1038;  opcode:load, llfi_index: 1221;  opcode:sub, llfi_index: 1222;  opcode:add, llfi_index: 1225;  opcode:store, llfi_index: 1226;  opcode:load, llfi_index: 1152;  opcode:sub, llfi_index: 1153;  opcode:add, llfi_index: 1156;  opcode:store, llfi_index: 1157;  opcode:load, llfi_index: 1084;  opcode:sub, llfi_index: 1085;  opcode:add, llfi_index: 1088;  opcode:store, llfi_index: 1089; 
START ;  opcode:alloca, llfi_index: 1039;  opcode:load, llfi_index: 1220;  opcode:load, llfi_index: 1151;  opcode:load, llfi_index: 1083; 
START ;  opcode:store, llfi_index: 1040; 
START ;  opcode:store, llfi_index: 1041; 
START ;  opcode:store, llfi_index: 1042; 
START ;  opcode:store, llfi_index: 1043; 
START ;  opcode:store, llfi_index: 1044; 
START ;  opcode:store, llfi_index: 1045; 
START ;  opcode:store, llfi_index: 1046; 
START ;  opcode:store, llfi_index: 1047; 
START ;  opcode:store, llfi_index: 1048; 
START ;  opcode:store, llfi_index: 1049; 
START ;  opcode:store, llfi_index: 1050; 
START ;  opcode:store, llfi_index: 1051; 
START ;  opcode:store, llfi_index: 1052; 
START ;  opcode:store, llfi_index: 1053; 
START ; 
START ; 
START ; 
START ; 
START ; 
START ; 
START ; 
START ; 
START ; 
START ; 
START ; 
START ; 
START ; 
START ; 
START ;  opcode:br, llfi_index: 1068; 
START ; 
START ; 
START ; 
START ; 
START ; 
START ; 
START ; 
START ; 
START ; 
START ; 
START ; 
START ; 
START ; 
START ; 
START ; 
START ; 
START ; 
START ; 
START ;  opcode:load, llfi_index: 1087; 
START ; 
START ; 
START ;  opcode:br, llfi_index: 1090; 
START ; 
START ; 
START ;  opcode:br, llfi_index: 1093; 
START ;  opcode:load, llfi_index: 1094; 
START ; 
START ; 
START ; 
START ; 
START ; 
START ; 
START ; 
START ;  opcode:load, llfi_index: 1102;  opcode:mul, llfi_index: 1103; 
START ; 
START ; 
START ; 
START ; 
START ; 
START ; 
START ; 
START ; 
START ; 
START ; 
START ;  opcode:load, llfi_index: 1113; 
START ; 
START ;  opcode:load, llfi_index: 1115;  opcode:mul, llfi_index: 1116; 
START ; 
START ; 
START ; 
START ; 
START ; 
START ; 
START ; 
START ; 
START ; 
START ;  opcode:br, llfi_index: 1125; 
START ;  opcode:load, llfi_index: 1126;  opcode:add, llfi_index: 1127;  opcode:store, llfi_index: 1128; 
START ; 
START ; 
START ;  opcode:br, llfi_index: 1129; 
START ; 
START ; 
START ; 
START ; 
START ; 
START ; 
START ;  opcode:br, llfi_index: 1136; 
START ; 
START ; 
START ; 
START ; 
START ; 
START ; 
START ; 
START ; 
START ; 
START ; 
START ; 
START ; 
START ; 
START ; 
START ; 
START ; 
START ; 
START ; 
START ;  opcode:load, llfi_index: 1155; 
START ; 
START ; 
START ;  opcode:br, llfi_index: 1158; 
START ; 
START ; 
START ;  opcode:br, llfi_index: 1161; 
START ;  opcode:load, llfi_index: 1162; 
START ; 
START ; 
START ; 
START ; 
START ; 
START ; 
START ; 
START ;  opcode:load, llfi_index: 1170;  opcode:mul, llfi_index: 1171; 
START ; 
START ; 
START ; 
START ; 
START ; 
START ; 
START ; 
START ; 
START ; 
START ; 
START ; 
START ; 
START ; 
START ;  opcode:load, llfi_index: 1184;  opcode:mul, llfi_index: 1185; 
START ; 
START ; 
START ; 
START ; 
START ; 
START ; 
START ; 
START ; 
START ;  opcode:br, llfi_index: 1193; 
START ;  opcode:br, llfi_index: 1194; 
START ;  opcode:load, llfi_index: 1195;  opcode:add, llfi_index: 1196;  opcode:store, llfi_index: 1197; 
START ; 
START ; 
START ;  opcode:br, llfi_index: 1198; 
START ; 
START ; 
START ; 
START ; 
START ; 
START ; 
START ;  opcode:br, llfi_index: 1205; 
START ; 
START ; 
START ; 
START ; 
START ; 
START ; 
START ; 
START ; 
START ; 
START ; 
START ; 
START ; 
START ; 
START ; 
START ; 
START ; 
START ; 
START ; 
START ;  opcode:load, llfi_index: 1224; 
START ; 
START ; 
START ;  opcode:br, llfi_index: 1227; 
START ; 
START ; 
START ; 
START ;  opcode:load, llfi_index: 1231;  opcode:icmp, llfi_index: 1232;  opcode:br, llfi_index: 1233; 
START ; 
START ; 
START ; 
START ; 
START ;  opcode:br, llfi_index: 1236; 
START ;  opcode:load, llfi_index: 1237; 
START ; 
START ; 
START ; 
START ; 
START ;  opcode:load, llfi_index: 1242;  opcode:mul, llfi_index: 1243; 
START ; 
START ; 
START ; 
START ; 
START ; 
START ; 
START ; 
START ;  opcode:load, llfi_index: 1250;  opcode:mul, llfi_index: 1251; 
START ; 
START ; 
START ; 
START ; 
START ; 
START ; 
START ; 
START ; 
START ;  opcode:br, llfi_index: 1259; 
START ;  opcode:load, llfi_index: 1260;  opcode:add, llfi_index: 1261;  opcode:store, llfi_index: 1262; 
START ; 
START ; 
START ;  opcode:br, llfi_index: 1263; 
START ;  opcode:br, llfi_index: 1264; 
START ;  opcode:ret, llfi_index: 1265; 
START ;  opcode:alloca, llfi_index: 1266;  opcode:load, llfi_index: 1279;  opcode:icmp, llfi_index: 1280;  opcode:br, llfi_index: 1281; 
START ;  opcode:alloca, llfi_index: 1267;  opcode:load, llfi_index: 1274;  opcode:store, llfi_index: 1275; 
START ;  opcode:alloca, llfi_index: 1268; 
START ;  opcode:alloca, llfi_index: 1269;  opcode:load, llfi_index: 1296;  opcode:ret, llfi_index: 1297; 
START ;  opcode:alloca, llfi_index: 1270; 
START ;  opcode:store, llfi_index: 1271; 
START ;  opcode:store, llfi_index: 1272; 
START ;  opcode:store, llfi_index: 1273; 
START ; 
START ; 
START ;  opcode:store, llfi_index: 1276; 
START ;  opcode:br, llfi_index: 1277; 
START ;  opcode:load, llfi_index: 1278; 
START ; 
START ; 
START ; 
START ;  opcode:load, llfi_index: 1282;  opcode:mul, llfi_index: 1283;  opcode:add, llfi_index: 1286;  opcode:store, llfi_index: 1287; 
START ; 
START ;  opcode:load, llfi_index: 1284;  opcode:and, llfi_index: 1285; 
START ; 
START ; 
START ; 
START ;  opcode:load, llfi_index: 1288;  opcode:ashr, llfi_index: 1289;  opcode:store, llfi_index: 1290; 
START ; 
START ; 
START ;  opcode:br, llfi_index: 1291; 
START ;  opcode:load, llfi_index: 1292;  opcode:add, llfi_index: 1293;  opcode:store, llfi_index: 1294; 
START ; 
START ; 
START ;  opcode:br, llfi_index: 1295; 
START ; 
START ; 
START ;  opcode:alloca, llfi_index: 1298;  opcode:load, llfi_index: 1356;  opcode:add, llfi_index: 1358;  opcode:store, llfi_index: 1359;  opcode:load, llfi_index: 1352;  opcode:sdiv, llfi_index: 1354;  opcode:store, llfi_index: 1355; 
START ;  opcode:alloca, llfi_index: 1299;  opcode:load, llfi_index: 1655;  opcode:getelementptr, llfi_index: 1656;  opcode:load, llfi_index: 1657;  opcode:store, llfi_index: 1667;  opcode:load, llfi_index: 1636;  opcode:getelementptr, llfi_index: 1637;  opcode:load, llfi_index: 1638;  opcode:store, llfi_index: 1647;  opcode:load, llfi_index: 1546;  opcode:getelementptr, llfi_index: 1547;  opcode:load, llfi_index: 1548;  opcode:store, llfi_index: 1558;  opcode:load, llfi_index: 1527;  opcode:getelementptr, llfi_index: 1528;  opcode:load, llfi_index: 1529;  opcode:store, llfi_index: 1538;  opcode:load, llfi_index: 1431;  opcode:getelementptr, llfi_index: 1432;  opcode:load, llfi_index: 1433;  opcode:store, llfi_index: 1443;  opcode:load, llfi_index: 1412;  opcode:getelementptr, llfi_index: 1413;  opcode:load, llfi_index: 1414;  opcode:store, llfi_index: 1423; 
START ;  opcode:alloca, llfi_index: 1300;  opcode:load, llfi_index: 1665;  opcode:getelementptr, llfi_index: 1666;  opcode:load, llfi_index: 1645;  opcode:getelementptr, llfi_index: 1646;  opcode:load, llfi_index: 1556;  opcode:getelementptr, llfi_index: 1557;  opcode:load, llfi_index: 1536;  opcode:getelementptr, llfi_index: 1537;  opcode:load, llfi_index: 1441;  opcode:getelementptr, llfi_index: 1442;  opcode:load, llfi_index: 1421;  opcode:getelementptr, llfi_index: 1422; 
START ;  opcode:alloca, llfi_index: 1301;  opcode:load, llfi_index: 1592;  opcode:mul, llfi_index: 1594;  opcode:store, llfi_index: 1595;  opcode:load, llfi_index: 1480;  opcode:icmp, llfi_index: 1481;  opcode:br, llfi_index: 1482;  opcode:load, llfi_index: 1360;  opcode:add, llfi_index: 1361;  opcode:store, llfi_index: 1362; 
START ;  opcode:alloca, llfi_index: 1302;  opcode:load, llfi_index: 1350;  opcode:store, llfi_index: 1351;  opcode:load, llfi_index: 1327;  opcode:sub, llfi_index: 1328;  opcode:store, llfi_index: 1329; 
START ;  opcode:alloca, llfi_index: 1303;  opcode:load, llfi_index: 1326; 
START ;  opcode:alloca, llfi_index: 1304;  opcode:load, llfi_index: 1357; 
START ;  opcode:alloca, llfi_index: 1305; 
START ;  opcode:alloca, llfi_index: 1306; 
START ;  opcode:alloca, llfi_index: 1307; 
START ;  opcode:alloca, llfi_index: 1308; 
START ;  opcode:alloca, llfi_index: 1309; 
START ;  opcode:alloca, llfi_index: 1310;  opcode:load, llfi_index: 1687;  opcode:add, llfi_index: 1689;  opcode:store, llfi_index: 1690;  opcode:load, llfi_index: 1678;  opcode:add, llfi_index: 1680;  opcode:store, llfi_index: 1681;  opcode:load, llfi_index: 1623;  opcode:icmp, llfi_index: 1624;  opcode:br, llfi_index: 1625;  opcode:load, llfi_index: 1613;  opcode:icmp, llfi_index: 1614;  opcode:br, llfi_index: 1615;  opcode:load, llfi_index: 1578;  opcode:add, llfi_index: 1580;  opcode:store, llfi_index: 1581;  opcode:load, llfi_index: 1569;  opcode:add, llfi_index: 1571;  opcode:store, llfi_index: 1572;  opcode:load, llfi_index: 1514;  opcode:icmp, llfi_index: 1515;  opcode:br, llfi_index: 1516;  opcode:load, llfi_index: 1504;  opcode:icmp, llfi_index: 1505;  opcode:br, llfi_index: 1506;  opcode:load, llfi_index: 1463;  opcode:add, llfi_index: 1465;  opcode:store, llfi_index: 1466;  opcode:load, llfi_index: 1454;  opcode:add, llfi_index: 1456;  opcode:store, llfi_index: 1457;  opcode:load, llfi_index: 1399;  opcode:icmp, llfi_index: 1400;  opcode:br, llfi_index: 1401;  opcode:load, llfi_index: 1389;  opcode:icmp, llfi_index: 1390;  opcode:br, llfi_index: 1391; 
START ;  opcode:alloca, llfi_index: 1311;  opcode:load, llfi_index: 1607;  opcode:icmp, llfi_index: 1608;  opcode:br, llfi_index: 1609;  opcode:load, llfi_index: 1599;  opcode:icmp, llfi_index: 1600;  opcode:br, llfi_index: 1601;  opcode:load, llfi_index: 1498;  opcode:icmp, llfi_index: 1499;  opcode:br, llfi_index: 1500;  opcode:load, llfi_index: 1490;  opcode:icmp, llfi_index: 1491;  opcode:br, llfi_index: 1492;  opcode:load, llfi_index: 1383;  opcode:icmp, llfi_index: 1384;  opcode:br, llfi_index: 1385;  opcode:load, llfi_index: 1375;  opcode:icmp, llfi_index: 1376;  opcode:br, llfi_index: 1377;  opcode:load, llfi_index: 1347;  opcode:sdiv, llfi_index: 1348;  opcode:store, llfi_index: 1349; 
START ;  opcode:alloca, llfi_index: 1312;  opcode:load, llfi_index: 1602;  opcode:store, llfi_index: 1603;  opcode:load, llfi_index: 1493;  opcode:store, llfi_index: 1494;  opcode:load, llfi_index: 1378;  opcode:store, llfi_index: 1379; 
START ;  opcode:alloca, llfi_index: 1313; 
START ;  opcode:alloca, llfi_index: 1314; 
START ;  opcode:alloca, llfi_index: 1315;  opcode:load, llfi_index: 1661;  opcode:add, llfi_index: 1662;  opcode:mul, llfi_index: 1663;  opcode:add, llfi_index: 1664;  opcode:load, llfi_index: 1648;  opcode:mul, llfi_index: 1650;  opcode:add, llfi_index: 1652;  opcode:mul, llfi_index: 1653;  opcode:add, llfi_index: 1654;  opcode:load, llfi_index: 1642;  opcode:add, llfi_index: 1643;  opcode:mul, llfi_index: 1644;  opcode:load, llfi_index: 1630;  opcode:mul, llfi_index: 1632;  opcode:add, llfi_index: 1634;  opcode:mul, llfi_index: 1635; 
START ;  opcode:alloca, llfi_index: 1316;  opcode:load, llfi_index: 1658;  opcode:mul, llfi_index: 1660;  opcode:load, llfi_index: 1651;  opcode:load, llfi_index: 1639;  opcode:mul, llfi_index: 1641;  opcode:load, llfi_index: 1633; 
START ;  opcode:alloca, llfi_index: 1317;  opcode:load, llfi_index: 1659;  opcode:load, llfi_index: 1649;  opcode:load, llfi_index: 1640;  opcode:load, llfi_index: 1631;  opcode:load, llfi_index: 1550;  opcode:mul, llfi_index: 1551;  opcode:add, llfi_index: 1553;  opcode:mul, llfi_index: 1554;  opcode:add, llfi_index: 1555;  opcode:load, llfi_index: 1540;  opcode:mul, llfi_index: 1541;  opcode:add, llfi_index: 1543;  opcode:mul, llfi_index: 1544;  opcode:add, llfi_index: 1545;  opcode:load, llfi_index: 1531;  opcode:mul, llfi_index: 1532;  opcode:add, llfi_index: 1534;  opcode:mul, llfi_index: 1535;  opcode:load, llfi_index: 1522;  opcode:mul, llfi_index: 1523;  opcode:add, llfi_index: 1525;  opcode:mul, llfi_index: 1526;  opcode:load, llfi_index: 1435;  opcode:mul, llfi_index: 1436;  opcode:add, llfi_index: 1438;  opcode:mul, llfi_index: 1439;  opcode:add, llfi_index: 1440;  opcode:load, llfi_index: 1425;  opcode:mul, llfi_index: 1426;  opcode:add, llfi_index: 1428;  opcode:mul, llfi_index: 1429;  opcode:add, llfi_index: 1430;  opcode:load, llfi_index: 1416;  opcode:mul, llfi_index: 1417;  opcode:add, llfi_index: 1419;  opcode:mul, llfi_index: 1420;  opcode:load, llfi_index: 1407;  opcode:mul, llfi_index: 1408;  opcode:add, llfi_index: 1410;  opcode:mul, llfi_index: 1411; 
START ;  opcode:alloca, llfi_index: 1318;  opcode:load, llfi_index: 1593;  opcode:load, llfi_index: 1484;  opcode:mul, llfi_index: 1485;  opcode:store, llfi_index: 1486;  opcode:load, llfi_index: 1369;  opcode:mul, llfi_index: 1370;  opcode:store, llfi_index: 1371; 
START ;  opcode:store, llfi_index: 1319; 
START ;  opcode:store, llfi_index: 1320; 
START ;  opcode:store, llfi_index: 1321; 
START ;  opcode:store, llfi_index: 1322; 
START ;  opcode:store, llfi_index: 1323; 
START ;  opcode:store, llfi_index: 1324; 
START ;  opcode:store, llfi_index: 1325; 
START ; 
START ; 
START ; 
START ; 
START ;  opcode:load, llfi_index: 1330;  opcode:mul, llfi_index: 1331;  opcode:sdiv, llfi_index: 1333;  opcode:store, llfi_index: 1334; 
START ; 
START ;  opcode:load, llfi_index: 1332; 
START ; 
START ; 
START ;  opcode:load, llfi_index: 1335;  opcode:mul, llfi_index: 1337;  opcode:icmp, llfi_index: 1340;  opcode:br, llfi_index: 1341; 
START ;  opcode:load, llfi_index: 1336; 
START ; 
START ;  opcode:load, llfi_index: 1338;  opcode:mul, llfi_index: 1339; 
START ; 
START ; 
START ; 
START ;  opcode:load, llfi_index: 1342;  opcode:add, llfi_index: 1343;  opcode:store, llfi_index: 1344; 
START ; 
START ; 
START ;  opcode:br, llfi_index: 1345; 
START ;  opcode:load, llfi_index: 1346; 
START ; 
START ; 
START ; 
START ; 
START ; 
START ; 
START ;  opcode:load, llfi_index: 1353; 
START ; 
START ; 
START ; 
START ; 
START ; 
START ; 
START ; 
START ; 
START ; 
START ;  opcode:br, llfi_index: 1363; 
START ;  opcode:load, llfi_index: 1364;  opcode:icmp, llfi_index: 1366;  opcode:br, llfi_index: 1367; 
START ;  opcode:load, llfi_index: 1365; 
START ; 
START ; 
START ;  opcode:load, llfi_index: 1368; 
START ; 
START ; 
START ; 
START ;  opcode:store, llfi_index: 1372; 
START ;  opcode:br, llfi_index: 1373; 
START ;  opcode:load, llfi_index: 1374; 
START ; 
START ; 
START ; 
START ; 
START ; 
START ;  opcode:store, llfi_index: 1380; 
START ;  opcode:br, llfi_index: 1381; 
START ;  opcode:load, llfi_index: 1382; 
START ; 
START ; 
START ; 
START ;  opcode:store, llfi_index: 1386; 
START ;  opcode:br, llfi_index: 1387; 
START ;  opcode:load, llfi_index: 1388; 
START ; 
START ; 
START ; 
START ;  opcode:load, llfi_index: 1392;  opcode:add, llfi_index: 1394;  opcode:store, llfi_index: 1395; 
START ;  opcode:load, llfi_index: 1393; 
START ; 
START ; 
START ;  opcode:store, llfi_index: 1396; 
START ;  opcode:br, llfi_index: 1397; 
START ;  opcode:load, llfi_index: 1398; 
START ; 
START ; 
START ; 
START ;  opcode:load, llfi_index: 1402;  opcode:add, llfi_index: 1404;  opcode:store, llfi_index: 1405; 
START ;  opcode:load, llfi_index: 1403; 
START ; 
START ; 
START ;  opcode:load, llfi_index: 1406; 
START ; 
START ; 
START ;  opcode:load, llfi_index: 1409; 
START ; 
START ; 
START ; 
START ; 
START ; 
START ;  opcode:load, llfi_index: 1415; 
START ; 
START ; 
START ;  opcode:load, llfi_index: 1418; 
START ; 
START ; 
START ; 
START ; 
START ; 
START ;  opcode:load, llfi_index: 1424; 
START ; 
START ; 
START ;  opcode:load, llfi_index: 1427; 
START ; 
START ; 
START ; 
START ; 
START ; 
START ; 
START ;  opcode:load, llfi_index: 1434; 
START ; 
START ; 
START ;  opcode:load, llfi_index: 1437; 
START ; 
START ; 
START ; 
START ; 
START ; 
START ; 
START ;  opcode:br, llfi_index: 1444; 
START ;  opcode:load, llfi_index: 1445;  opcode:add, llfi_index: 1446;  opcode:store, llfi_index: 1447; 
START ; 
START ; 
START ;  opcode:br, llfi_index: 1448; 
START ;  opcode:br, llfi_index: 1449; 
START ;  opcode:load, llfi_index: 1450;  opcode:add, llfi_index: 1451;  opcode:store, llfi_index: 1452; 
START ; 
START ; 
START ;  opcode:br, llfi_index: 1453; 
START ; 
START ;  opcode:load, llfi_index: 1455; 
START ; 
START ; 
START ;  opcode:br, llfi_index: 1458; 
START ;  opcode:load, llfi_index: 1459;  opcode:add, llfi_index: 1460;  opcode:store, llfi_index: 1461; 
START ; 
START ; 
START ;  opcode:br, llfi_index: 1462; 
START ; 
START ;  opcode:load, llfi_index: 1464; 
START ; 
START ; 
START ;  opcode:br, llfi_index: 1467; 
START ;  opcode:load, llfi_index: 1468;  opcode:add, llfi_index: 1469;  opcode:store, llfi_index: 1470; 
START ; 
START ; 
START ;  opcode:br, llfi_index: 1471; 
START ;  opcode:br, llfi_index: 1472; 
START ;  opcode:load, llfi_index: 1473;  opcode:add, llfi_index: 1474;  opcode:store, llfi_index: 1475; 
START ; 
START ; 
START ;  opcode:br, llfi_index: 1476; 
START ;  opcode:store, llfi_index: 1477; 
START ;  opcode:br, llfi_index: 1478; 
START ;  opcode:load, llfi_index: 1479; 
START ; 
START ; 
START ; 
START ;  opcode:load, llfi_index: 1483; 
START ; 
START ; 
START ; 
START ;  opcode:store, llfi_index: 1487; 
START ;  opcode:br, llfi_index: 1488; 
START ;  opcode:load, llfi_index: 1489; 
START ; 
START ; 
START ; 
START ; 
START ; 
START ;  opcode:store, llfi_index: 1495; 
START ;  opcode:br, llfi_index: 1496; 
START ;  opcode:load, llfi_index: 1497; 
START ; 
START ; 
START ; 
START ;  opcode:store, llfi_index: 1501; 
START ;  opcode:br, llfi_index: 1502; 
START ;  opcode:load, llfi_index: 1503; 
START ; 
START ; 
START ; 
START ;  opcode:load, llfi_index: 1507;  opcode:add, llfi_index: 1509;  opcode:store, llfi_index: 1510; 
START ;  opcode:load, llfi_index: 1508; 
START ; 
START ; 
START ;  opcode:store, llfi_index: 1511; 
START ;  opcode:br, llfi_index: 1512; 
START ;  opcode:load, llfi_index: 1513; 
START ; 
START ; 
START ; 
START ;  opcode:load, llfi_index: 1517;  opcode:add, llfi_index: 1519;  opcode:store, llfi_index: 1520; 
START ;  opcode:load, llfi_index: 1518; 
START ; 
START ; 
START ;  opcode:load, llfi_index: 1521; 
START ; 
START ; 
START ;  opcode:load, llfi_index: 1524; 
START ; 
START ; 
START ; 
START ; 
START ; 
START ;  opcode:load, llfi_index: 1530; 
START ; 
START ; 
START ;  opcode:load, llfi_index: 1533; 
START ; 
START ; 
START ; 
START ; 
START ; 
START ;  opcode:load, llfi_index: 1539; 
START ; 
START ; 
START ;  opcode:load, llfi_index: 1542; 
START ; 
START ; 
START ; 
START ; 
START ; 
START ; 
START ;  opcode:load, llfi_index: 1549; 
START ; 
START ; 
START ;  opcode:load, llfi_index: 1552; 
START ; 
START ; 
START ; 
START ; 
START ; 
START ; 
START ;  opcode:br, llfi_index: 1559; 
START ;  opcode:load, llfi_index: 1560;  opcode:add, llfi_index: 1561;  opcode:store, llfi_index: 1562; 
START ; 
START ; 
START ;  opcode:br, llfi_index: 1563; 
START ;  opcode:br, llfi_index: 1564; 
START ;  opcode:load, llfi_index: 1565;  opcode:add, llfi_index: 1566;  opcode:store, llfi_index: 1567; 
START ; 
START ; 
START ;  opcode:br, llfi_index: 1568; 
START ; 
START ;  opcode:load, llfi_index: 1570; 
START ; 
START ; 
START ;  opcode:br, llfi_index: 1573; 
START ;  opcode:load, llfi_index: 1574;  opcode:add, llfi_index: 1575;  opcode:store, llfi_index: 1576; 
START ; 
START ; 
START ;  opcode:br, llfi_index: 1577; 
START ; 
START ;  opcode:load, llfi_index: 1579; 
START ; 
START ; 
START ;  opcode:br, llfi_index: 1582; 
START ;  opcode:load, llfi_index: 1583;  opcode:add, llfi_index: 1584;  opcode:store, llfi_index: 1585; 
START ; 
START ; 
START ;  opcode:br, llfi_index: 1586; 
START ;  opcode:br, llfi_index: 1587; 
START ;  opcode:load, llfi_index: 1588;  opcode:add, llfi_index: 1589;  opcode:store, llfi_index: 1590; 
START ; 
START ; 
START ;  opcode:br, llfi_index: 1591; 
START ; 
START ; 
START ; 
START ; 
START ;  opcode:store, llfi_index: 1596; 
START ;  opcode:br, llfi_index: 1597; 
START ;  opcode:load, llfi_index: 1598; 
START ; 
START ; 
START ; 
START ; 
START ; 
START ;  opcode:store, llfi_index: 1604; 
START ;  opcode:br, llfi_index: 1605; 
START ;  opcode:load, llfi_index: 1606; 
START ; 
START ; 
START ; 
START ;  opcode:store, llfi_index: 1610; 
START ;  opcode:br, llfi_index: 1611; 
START ;  opcode:load, llfi_index: 1612; 
START ; 
START ; 
START ; 
START ;  opcode:load, llfi_index: 1616;  opcode:add, llfi_index: 1618;  opcode:store, llfi_index: 1619; 
START ;  opcode:load, llfi_index: 1617; 
START ; 
START ; 
START ;  opcode:store, llfi_index: 1620; 
START ;  opcode:br, llfi_index: 1621; 
START ;  opcode:load, llfi_index: 1622; 
START ; 
START ; 
START ; 
START ;  opcode:load, llfi_index: 1626;  opcode:add, llfi_index: 1628;  opcode:store, llfi_index: 1629; 
START ;  opcode:load, llfi_index: 1627; 
START ; 
START ; 
START ; 
START ; 
START ; 
START ; 
START ; 
START ; 
START ; 
START ; 
START ; 
START ; 
START ; 
START ; 
START ; 
START ; 
START ; 
START ; 
START ; 
START ; 
START ; 
START ; 
START ; 
START ; 
START ; 
START ; 
START ; 
START ; 
START ; 
START ; 
START ; 
START ; 
START ; 
START ; 
START ; 
START ; 
START ; 
START ; 
START ; 
START ; 
START ;  opcode:br, llfi_index: 1668; 
START ;  opcode:load, llfi_index: 1669;  opcode:add, llfi_index: 1670;  opcode:store, llfi_index: 1671; 
START ; 
START ; 
START ;  opcode:br, llfi_index: 1672; 
START ;  opcode:br, llfi_index: 1673; 
START ;  opcode:load, llfi_index: 1674;  opcode:add, llfi_index: 1675;  opcode:store, llfi_index: 1676; 
START ; 
START ; 
START ;  opcode:br, llfi_index: 1677; 
START ; 
START ;  opcode:load, llfi_index: 1679; 
START ; 
START ; 
START ;  opcode:br, llfi_index: 1682; 
START ;  opcode:load, llfi_index: 1683;  opcode:add, llfi_index: 1684;  opcode:store, llfi_index: 1685; 
START ; 
START ; 
START ;  opcode:br, llfi_index: 1686; 
START ; 
START ;  opcode:load, llfi_index: 1688; 
START ; 
START ; 
START ;  opcode:br, llfi_index: 1691; 
START ;  opcode:load, llfi_index: 1692;  opcode:add, llfi_index: 1693;  opcode:store, llfi_index: 1694; 
START ; 
START ; 
START ;  opcode:br, llfi_index: 1695; 
START ;  opcode:ret, llfi_index: 1696; 
START ;  opcode:alloca, llfi_index: 1697;  opcode:load, llfi_index: 1784;  opcode:sitofp, llfi_index: 1785;  opcode:fmul, llfi_index: 1792;  opcode:store, llfi_index: 1793; 
START ;  opcode:alloca, llfi_index: 1698;  opcode:load, llfi_index: 1729;  opcode:icmp, llfi_index: 1730;  opcode:br, llfi_index: 1731;  opcode:load, llfi_index: 1723;  opcode:call, llfi_index: 1725; 
START ;  opcode:alloca, llfi_index: 1699;  opcode:load, llfi_index: 1737;  opcode:sdiv, llfi_index: 1739;  opcode:store, llfi_index: 1740;  opcode:load, llfi_index: 1722; 
START ;  opcode:alloca, llfi_index: 1700;  opcode:load, llfi_index: 1747;  opcode:getelementptr, llfi_index: 1748;  opcode:store, llfi_index: 1749; 
START ;  opcode:alloca, llfi_index: 1701;  opcode:load, llfi_index: 1769;  opcode:getelementptr, llfi_index: 1770;  opcode:store, llfi_index: 1771;  opcode:load, llfi_index: 1760;  opcode:getelementptr, llfi_index: 1761;  opcode:store, llfi_index: 1762;  opcode:load, llfi_index: 1724; 
START ;  opcode:alloca, llfi_index: 1702; 
START ;  opcode:alloca, llfi_index: 1703; 
START ;  opcode:alloca, llfi_index: 1704; 
START ;  opcode:alloca, llfi_index: 1705;  opcode:load, llfi_index: 1764;  opcode:mul, llfi_index: 1765;  opcode:add, llfi_index: 1767;  opcode:mul, llfi_index: 1768;  opcode:load, llfi_index: 1757;  opcode:mul, llfi_index: 1758;  opcode:mul, llfi_index: 1759;  opcode:load, llfi_index: 1741;  opcode:sdiv, llfi_index: 1742;  opcode:store, llfi_index: 1743;  opcode:load, llfi_index: 1738; 
START ;  opcode:alloca, llfi_index: 1706;  opcode:load, llfi_index: 1753;  opcode:icmp, llfi_index: 1754;  opcode:br, llfi_index: 1755; 
START ;  opcode:alloca, llfi_index: 1707;  opcode:load, llfi_index: 1775;  opcode:icmp, llfi_index: 1776;  opcode:br, llfi_index: 1777;  opcode:load, llfi_index: 1766;  opcode:load, llfi_index: 1744;  opcode:sub, llfi_index: 1745;  opcode:mul, llfi_index: 1746; 
START ;  opcode:alloca, llfi_index: 1708;  opcode:load, llfi_index: 1789;  opcode:getelementptr, llfi_index: 1790;  opcode:load, llfi_index: 1791;  opcode:load, llfi_index: 1780;  opcode:getelementptr, llfi_index: 1781;  opcode:load, llfi_index: 1782;  opcode:store, llfi_index: 1783; 
START ;  opcode:alloca, llfi_index: 1709;  opcode:load, llfi_index: 1867;  opcode:getelementptr, llfi_index: 1868;  opcode:load, llfi_index: 1858;  opcode:getelementptr, llfi_index: 1859;  opcode:load, llfi_index: 1832;  opcode:getelementptr, llfi_index: 1833;  opcode:load, llfi_index: 1834;  opcode:store, llfi_index: 1835;  opcode:load, llfi_index: 1825;  opcode:getelementptr, llfi_index: 1826;  opcode:load, llfi_index: 1827;  opcode:store, llfi_index: 1828; 
START ;  opcode:alloca, llfi_index: 1710;  opcode:load, llfi_index: 1850;  opcode:getelementptr, llfi_index: 1851;  opcode:load, llfi_index: 1841;  opcode:getelementptr, llfi_index: 1842;  opcode:load, llfi_index: 1803;  opcode:getelementptr, llfi_index: 1804;  opcode:load, llfi_index: 1805;  opcode:store, llfi_index: 1806;  opcode:load, llfi_index: 1796;  opcode:getelementptr, llfi_index: 1797;  opcode:load, llfi_index: 1798;  opcode:store, llfi_index: 1799; 
START ;  opcode:alloca, llfi_index: 1711;  opcode:load, llfi_index: 1815;  opcode:fmul, llfi_index: 1817;  opcode:fadd, llfi_index: 1821;  opcode:store, llfi_index: 1822;  opcode:load, llfi_index: 1807;  opcode:fmul, llfi_index: 1809;  opcode:fsub, llfi_index: 1813;  opcode:store, llfi_index: 1814; 
START ;  opcode:alloca, llfi_index: 1712;  opcode:load, llfi_index: 1818;  opcode:fmul, llfi_index: 1820;  opcode:load, llfi_index: 1810;  opcode:fmul, llfi_index: 1812; 
START ;  opcode:alloca, llfi_index: 1713;  opcode:load, llfi_index: 1854;  opcode:fadd, llfi_index: 1855;  opcode:store, llfi_index: 1860;  opcode:load, llfi_index: 1837;  opcode:fsub, llfi_index: 1838;  opcode:store, llfi_index: 1843; 
START ;  opcode:alloca, llfi_index: 1714;  opcode:load, llfi_index: 1862;  opcode:fadd, llfi_index: 1863;  opcode:store, llfi_index: 1869;  opcode:load, llfi_index: 1845;  opcode:fsub, llfi_index: 1846;  opcode:store, llfi_index: 1852; 
START ;  opcode:alloca, llfi_index: 1715;  opcode:load, llfi_index: 1853;  opcode:load, llfi_index: 1836; 
START ;  opcode:alloca, llfi_index: 1716;  opcode:load, llfi_index: 1861;  opcode:load, llfi_index: 1844; 
START ;  opcode:store, llfi_index: 1717; 
START ;  opcode:store, llfi_index: 1718; 
START ;  opcode:store, llfi_index: 1719; 
START ;  opcode:store, llfi_index: 1720; 
START ;  opcode:store, llfi_index: 1721; 
START ; 
START ; 
START ; 
START ; 
START ;  opcode:store, llfi_index: 1726; 
START ;  opcode:br, llfi_index: 1727; 
START ;  opcode:load, llfi_index: 1728; 
START ; 
START ; 
START ; 
START ;  opcode:load, llfi_index: 1732;  opcode:trunc, llfi_index: 1733;  opcode:shl, llfi_index: 1734;  opcode:sext, llfi_index: 1735;  opcode:store, llfi_index: 1736; 
START ; 
START ; 
START ; 
START ; 
START ; 
START ; 
START ; 
START ; 
START ; 
START ; 
START ; 
START ; 
START ; 
START ; 
START ; 
START ; 
START ; 
START ;  opcode:store, llfi_index: 1750; 
START ;  opcode:br, llfi_index: 1751; 
START ;  opcode:load, llfi_index: 1752; 
START ; 
START ; 
START ; 
START ;  opcode:load, llfi_index: 1756; 
START ; 
START ; 
START ; 
START ; 
START ; 
START ; 
START ;  opcode:load, llfi_index: 1763; 
START ; 
START ; 
START ; 
START ; 
START ; 
START ; 
START ; 
START ; 
START ;  opcode:store, llfi_index: 1772; 
START ;  opcode:br, llfi_index: 1773; 
START ;  opcode:load, llfi_index: 1774; 
START ; 
START ; 
START ; 
START ;  opcode:load, llfi_index: 1778;  opcode:mul, llfi_index: 1779; 
START ; 
START ; 
START ; 
START ; 
START ; 
START ; 
START ; 
START ;  opcode:load, llfi_index: 1786;  opcode:mul, llfi_index: 1787;  opcode:add, llfi_index: 1788; 
START ; 
START ; 
START ; 
START ; 
START ; 
START ; 
START ; 
START ;  opcode:load, llfi_index: 1794;  opcode:mul, llfi_index: 1795; 
START ; 
START ; 
START ; 
START ; 
START ; 
START ;  opcode:load, llfi_index: 1800;  opcode:mul, llfi_index: 1801;  opcode:add, llfi_index: 1802; 
START ; 
START ; 
START ; 
START ; 
START ; 
START ; 
START ; 
START ;  opcode:load, llfi_index: 1808; 
START ; 
START ; 
START ;  opcode:load, llfi_index: 1811; 
START ; 
START ; 
START ; 
START ; 
START ;  opcode:load, llfi_index: 1816; 
START ; 
START ; 
START ;  opcode:load, llfi_index: 1819; 
START ; 
START ; 
START ; 
START ;  opcode:load, llfi_index: 1823;  opcode:mul, llfi_index: 1824; 
START ; 
START ; 
START ; 
START ; 
START ; 
START ;  opcode:load, llfi_index: 1829;  opcode:mul, llfi_index: 1830;  opcode:add, llfi_index: 1831; 
START ; 
START ; 
START ; 
START ; 
START ; 
START ; 
START ; 
START ; 
START ; 
START ;  opcode:load, llfi_index: 1839;  opcode:mul, llfi_index: 1840; 
START ; 
START ; 
START ; 
START ; 
START ; 
START ; 
START ; 
START ;  opcode:load, llfi_index: 1847;  opcode:mul, llfi_index: 1848;  opcode:add, llfi_index: 1849; 
START ; 
START ; 
START ; 
START ; 
START ; 
START ; 
START ; 
START ; 
START ;  opcode:load, llfi_index: 1856;  opcode:mul, llfi_index: 1857; 
START ; 
START ; 
START ; 
START ; 
START ; 
START ; 
START ; 
START ;  opcode:load, llfi_index: 1864;  opcode:mul, llfi_index: 1865;  opcode:add, llfi_index: 1866; 
START ; 
START ; 
START ; 
START ; 
START ; 
START ;  opcode:br, llfi_index: 1870; 
START ;  opcode:load, llfi_index: 1871;  opcode:add, llfi_index: 1872;  opcode:store, llfi_index: 1873; 
START ; 
START ; 
START ;  opcode:br, llfi_index: 1874; 
START ;  opcode:br, llfi_index: 1875; 
START ;  opcode:load, llfi_index: 1876;  opcode:add, llfi_index: 1877;  opcode:store, llfi_index: 1878; 
START ; 
START ; 
START ;  opcode:br, llfi_index: 1879; 
START ;  opcode:br, llfi_index: 1880; 
START ;  opcode:load, llfi_index: 1881;  opcode:add, llfi_index: 1882;  opcode:store, llfi_index: 1883; 
START ; 
START ; 
START ;  opcode:br, llfi_index: 1884; 
START ;  opcode:ret, llfi_index: 1885; 
START ;  opcode:alloca, llfi_index: 1886;  opcode:load, llfi_index: 1921;  opcode:sitofp, llfi_index: 1922;  opcode:fmul, llfi_index: 1935;  opcode:store, llfi_index: 1936; 
START ;  opcode:alloca, llfi_index: 1887;  opcode:load, llfi_index: 1924;  opcode:add, llfi_index: 1926;  opcode:mul, llfi_index: 1927;  opcode:add, llfi_index: 1929;  opcode:mul, llfi_index: 1930;  opcode:add, llfi_index: 1931;  opcode:getelementptr, llfi_index: 1933;  opcode:load, llfi_index: 1934;  opcode:load, llfi_index: 1910;  opcode:add, llfi_index: 1912;  opcode:mul, llfi_index: 1913;  opcode:add, llfi_index: 1915;  opcode:mul, llfi_index: 1916;  opcode:getelementptr, llfi_index: 1918;  opcode:load, llfi_index: 1919;  opcode:store, llfi_index: 1920;  opcode:load, llfi_index: 1906;  opcode:icmp, llfi_index: 1907;  opcode:br, llfi_index: 1908; 
START ;  opcode:alloca, llfi_index: 1888;  opcode:load, llfi_index: 1923;  opcode:load, llfi_index: 1909; 
START ;  opcode:alloca, llfi_index: 1889;  opcode:load, llfi_index: 1932;  opcode:load, llfi_index: 1917; 
START ;  opcode:alloca, llfi_index: 1890;  opcode:load, llfi_index: 1972;  opcode:getelementptr, llfi_index: 1973;  opcode:load, llfi_index: 1959;  opcode:getelementptr, llfi_index: 1960;  opcode:load, llfi_index: 1946;  opcode:getelementptr, llfi_index: 1947;  opcode:load, llfi_index: 1948;  opcode:store, llfi_index: 1949;  opcode:load, llfi_index: 1939;  opcode:getelementptr, llfi_index: 1940;  opcode:load, llfi_index: 1941;  opcode:store, llfi_index: 1942; 
START ;  opcode:alloca, llfi_index: 1891;  opcode:load, llfi_index: 1925;  opcode:load, llfi_index: 1911; 
START ;  opcode:alloca, llfi_index: 1892; 
START ;  opcode:alloca, llfi_index: 1893;  opcode:load, llfi_index: 1962;  opcode:fmul, llfi_index: 1964;  opcode:fadd, llfi_index: 1968;  opcode:store, llfi_index: 1974;  opcode:load, llfi_index: 1950;  opcode:fmul, llfi_index: 1952;  opcode:fsub, llfi_index: 1956;  opcode:store, llfi_index: 1961; 
START ;  opcode:alloca, llfi_index: 1894;  opcode:load, llfi_index: 1965;  opcode:fmul, llfi_index: 1967;  opcode:load, llfi_index: 1953;  opcode:fmul, llfi_index: 1955; 
START ;  opcode:alloca, llfi_index: 1895;  opcode:load, llfi_index: 1966;  opcode:load, llfi_index: 1951; 
START ;  opcode:alloca, llfi_index: 1896;  opcode:load, llfi_index: 1963;  opcode:load, llfi_index: 1954; 
START ;  opcode:store, llfi_index: 1897; 
START ;  opcode:store, llfi_index: 1898; 
START ;  opcode:store, llfi_index: 1899; 
START ;  opcode:store, llfi_index: 1900; 
START ;  opcode:store, llfi_index: 1901; 
START ;  opcode:store, llfi_index: 1902; 
START ;  opcode:store, llfi_index: 1903; 
START ;  opcode:br, llfi_index: 1904; 
START ;  opcode:load, llfi_index: 1905; 
START ; 
START ; 
START ; 
START ; 
START ; 
START ; 
START ; 
START ; 
START ;  opcode:load, llfi_index: 1914; 
START ; 
START ; 
START ; 
START ; 
START ; 
START ; 
START ; 
START ; 
START ; 
START ; 
START ; 
START ; 
START ; 
START ;  opcode:load, llfi_index: 1928; 
START ; 
START ; 
START ; 
START ; 
START ; 
START ; 
START ; 
START ; 
START ;  opcode:load, llfi_index: 1937;  opcode:mul, llfi_index: 1938; 
START ; 
START ; 
START ; 
START ; 
START ; 
START ;  opcode:load, llfi_index: 1943;  opcode:mul, llfi_index: 1944;  opcode:add, llfi_index: 1945; 
START ; 
START ; 
START ; 
START ; 
START ; 
START ; 
START ; 
START ; 
START ; 
START ; 
START ; 
START ; 
START ; 
START ;  opcode:load, llfi_index: 1957;  opcode:mul, llfi_index: 1958; 
START ; 
START ; 
START ; 
START ; 
START ; 
START ; 
START ; 
START ; 
START ; 
START ; 
START ; 
START ;  opcode:load, llfi_index: 1969;  opcode:mul, llfi_index: 1970;  opcode:add, llfi_index: 1971; 
START ; 
START ; 
START ; 
START ; 
START ; 
START ;  opcode:br, llfi_index: 1975; 
START ;  opcode:load, llfi_index: 1976;  opcode:add, llfi_index: 1977;  opcode:store, llfi_index: 1978; 
START ; 
START ; 
START ;  opcode:br, llfi_index: 1979; 
START ;  opcode:ret, llfi_index: 1980; 
START ;  opcode:alloca, llfi_index: 1981;  opcode:load, llfi_index: 1991;  opcode:icmp, llfi_index: 1992;  opcode:br, llfi_index: 1993; 
START ;  opcode:alloca, llfi_index: 1982;  opcode:load, llfi_index: 2003;  opcode:sitofp, llfi_index: 2004;  opcode:fdiv, llfi_index: 2011;  opcode:store, llfi_index: 2012;  opcode:load, llfi_index: 1994;  opcode:sitofp, llfi_index: 1995;  opcode:fdiv, llfi_index: 2001;  opcode:store, llfi_index: 2002; 
START ;  opcode:alloca, llfi_index: 1983;  opcode:load, llfi_index: 2008;  opcode:getelementptr, llfi_index: 2009;  opcode:load, llfi_index: 1998;  opcode:getelementptr, llfi_index: 1999; 
START ;  opcode:alloca, llfi_index: 1984; 
START ;  opcode:store, llfi_index: 1985; 
START ;  opcode:store, llfi_index: 1986; 
START ;  opcode:store, llfi_index: 1987; 
START ;  opcode:store, llfi_index: 1988; 
START ;  opcode:br, llfi_index: 1989; 
START ;  opcode:load, llfi_index: 1990; 
START ; 
START ; 
START ; 
START ; 
START ; 
START ;  opcode:load, llfi_index: 1996;  opcode:mul, llfi_index: 1997; 
START ; 
START ; 
START ; 
START ;  opcode:load, llfi_index: 2000; 
START ; 
START ; 
START ; 
START ; 
START ;  opcode:load, llfi_index: 2005;  opcode:mul, llfi_index: 2006;  opcode:add, llfi_index: 2007; 
START ; 
START ; 
START ; 
START ; 
START ;  opcode:load, llfi_index: 2010; 
START ; 
START ; 
START ;  opcode:br, llfi_index: 2013; 
START ;  opcode:load, llfi_index: 2014;  opcode:add, llfi_index: 2015;  opcode:store, llfi_index: 2016; 
START ; 
START ; 
START ;  opcode:br, llfi_index: 2017; 
START ;  opcode:ret, llfi_index: 2018; 
START ;  opcode:alloca, llfi_index: 2019;  opcode:load, llfi_index: 2029;  opcode:icmp, llfi_index: 2030;  opcode:br, llfi_index: 2031; 
START ;  opcode:alloca, llfi_index: 2020;  opcode:load, llfi_index: 2045;  opcode:getelementptr, llfi_index: 2046;  opcode:load, llfi_index: 2047;  opcode:store, llfi_index: 2053;  opcode:load, llfi_index: 2034;  opcode:getelementptr, llfi_index: 2035;  opcode:load, llfi_index: 2036;  opcode:store, llfi_index: 2041; 
START ;  opcode:alloca, llfi_index: 2021;  opcode:load, llfi_index: 2051;  opcode:getelementptr, llfi_index: 2052;  opcode:load, llfi_index: 2039;  opcode:getelementptr, llfi_index: 2040; 
START ;  opcode:alloca, llfi_index: 2022; 
START ;  opcode:store, llfi_index: 2023; 
START ;  opcode:store, llfi_index: 2024; 
START ;  opcode:store, llfi_index: 2025; 
START ;  opcode:store, llfi_index: 2026; 
START ;  opcode:br, llfi_index: 2027; 
START ;  opcode:load, llfi_index: 2028; 
START ; 
START ; 
START ; 
START ;  opcode:load, llfi_index: 2032;  opcode:mul, llfi_index: 2033; 
START ; 
START ; 
START ; 
START ; 
START ;  opcode:load, llfi_index: 2037;  opcode:mul, llfi_index: 2038; 
START ; 
START ; 
START ; 
START ; 
START ;  opcode:load, llfi_index: 2042;  opcode:mul, llfi_index: 2043;  opcode:add, llfi_index: 2044; 
START ; 
START ; 
START ; 
START ; 
START ; 
START ;  opcode:load, llfi_index: 2048;  opcode:mul, llfi_index: 2049;  opcode:add, llfi_index: 2050; 
START ; 
START ; 
START ; 
START ; 
START ; 
START ;  opcode:br, llfi_index: 2054; 
START ;  opcode:load, llfi_index: 2055;  opcode:add, llfi_index: 2056;  opcode:store, llfi_index: 2057; 
START ; 
START ; 
START ;  opcode:br, llfi_index: 2058; 
START ;  opcode:ret, llfi_index: 2059; 
START ;  opcode:alloca, llfi_index: 2060;  opcode:load, llfi_index: 2073;  opcode:icmp, llfi_index: 2074;  opcode:br, llfi_index: 2075; 
START ;  opcode:alloca, llfi_index: 2061;  opcode:load, llfi_index: 2076;  opcode:call, llfi_index: 2078;  opcode:store, llfi_index: 2079; 
START ;  opcode:alloca, llfi_index: 2062;  opcode:load, llfi_index: 2129;  opcode:getelementptr, llfi_index: 2130;  opcode:load, llfi_index: 2122;  opcode:getelementptr, llfi_index: 2123;  opcode:load, llfi_index: 2116;  opcode:getelementptr, llfi_index: 2117;  opcode:load, llfi_index: 2118;  opcode:store, llfi_index: 2124;  opcode:load, llfi_index: 2109;  opcode:getelementptr, llfi_index: 2110;  opcode:load, llfi_index: 2111;  opcode:store, llfi_index: 2112;  opcode:load, llfi_index: 2103;  opcode:getelementptr, llfi_index: 2104;  opcode:load, llfi_index: 2097;  opcode:getelementptr, llfi_index: 2098;  opcode:load, llfi_index: 2092;  opcode:getelementptr, llfi_index: 2093;  opcode:load, llfi_index: 2094;  opcode:store, llfi_index: 2099;  opcode:load, llfi_index: 2086;  opcode:getelementptr, llfi_index: 2087;  opcode:load, llfi_index: 2088;  opcode:store, llfi_index: 2089; 
START ;  opcode:alloca, llfi_index: 2063;  opcode:load, llfi_index: 2119;  opcode:mul, llfi_index: 2120;  opcode:add, llfi_index: 2121;  opcode:load, llfi_index: 2106;  opcode:mul, llfi_index: 2107;  opcode:add, llfi_index: 2108;  opcode:load, llfi_index: 2095;  opcode:mul, llfi_index: 2096;  opcode:load, llfi_index: 2084;  opcode:mul, llfi_index: 2085;  opcode:load, llfi_index: 2080;  opcode:icmp, llfi_index: 2082;  opcode:br, llfi_index: 2083; 
START ;  opcode:alloca, llfi_index: 2064; 
START ;  opcode:alloca, llfi_index: 2065;  opcode:load, llfi_index: 2100;  opcode:store, llfi_index: 2105; 
START ;  opcode:alloca, llfi_index: 2066;  opcode:load, llfi_index: 2125;  opcode:store, llfi_index: 2131; 
START ;  opcode:store, llfi_index: 2067; 
START ;  opcode:store, llfi_index: 2068; 
START ;  opcode:store, llfi_index: 2069; 
START ;  opcode:store, llfi_index: 2070; 
START ;  opcode:br, llfi_index: 2071; 
START ;  opcode:load, llfi_index: 2072; 
START ; 
START ; 
START ; 
START ; 
START ;  opcode:load, llfi_index: 2077; 
START ; 
START ; 
START ; 
START ;  opcode:load, llfi_index: 2081; 
START ; 
START ; 
START ; 
START ; 
START ; 
START ; 
START ; 
START ; 
START ;  opcode:load, llfi_index: 2090;  opcode:mul, llfi_index: 2091; 
START ; 
START ; 
START ; 
START ; 
START ; 
START ; 
START ; 
START ; 
START ; 
START ; 
START ;  opcode:load, llfi_index: 2101;  opcode:mul, llfi_index: 2102; 
START ; 
START ; 
START ; 
START ; 
START ; 
START ; 
START ; 
START ; 
START ; 
START ; 
START ; 
START ;  opcode:load, llfi_index: 2113;  opcode:mul, llfi_index: 2114;  opcode:add, llfi_index: 2115; 
START ; 
START ; 
START ; 
START ; 
START ; 
START ; 
START ; 
START ; 
START ; 
START ; 
START ; 
START ; 
START ;  opcode:load, llfi_index: 2126;  opcode:mul, llfi_index: 2127;  opcode:add, llfi_index: 2128; 
START ; 
START ; 
START ; 
START ; 
START ; 
START ;  opcode:br, llfi_index: 2132; 
START ;  opcode:br, llfi_index: 2133; 
START ;  opcode:load, llfi_index: 2134;  opcode:add, llfi_index: 2135;  opcode:store, llfi_index: 2136; 
START ; 
START ; 
START ;  opcode:br, llfi_index: 2137; 
START ;  opcode:ret, llfi_index: 2138; 
