START ;  opcode:call, llfi_index: 1; 
START ;  opcode:call, llfi_index: 2; 
START ;  opcode:ret, llfi_index: 3; 
START ;  opcode:alloca, llfi_index: 4;  opcode:load, llfi_index: 142;  opcode:ret, llfi_index: 143; 
START ;  opcode:alloca, llfi_index: 5;  opcode:load, llfi_index: 70;  opcode:icmp, llfi_index: 71;  opcode:br, llfi_index: 72;  opcode:load, llfi_index: 41;  opcode:icmp, llfi_index: 42;  opcode:br, llfi_index: 43;  opcode:load, llfi_index: 38;  opcode:icmp, llfi_index: 39;  opcode:br, llfi_index: 40; 
START ;  opcode:alloca, llfi_index: 6;  opcode:load, llfi_index: 93;  opcode:getelementptr, llfi_index: 94;  opcode:load, llfi_index: 95;  opcode:call, llfi_index: 96;  opcode:load, llfi_index: 83;  opcode:getelementptr, llfi_index: 84;  opcode:load, llfi_index: 85;  opcode:call, llfi_index: 86;  opcode:store, llfi_index: 87;  opcode:load, llfi_index: 78;  opcode:getelementptr, llfi_index: 79;  opcode:load, llfi_index: 80;  opcode:call, llfi_index: 81;  opcode:store, llfi_index: 82;  opcode:load, llfi_index: 73;  opcode:getelementptr, llfi_index: 74;  opcode:load, llfi_index: 75;  opcode:call, llfi_index: 76;  opcode:store, llfi_index: 77;  opcode:load, llfi_index: 59;  opcode:getelementptr, llfi_index: 60;  opcode:load, llfi_index: 61;  opcode:call, llfi_index: 62;  opcode:call, llfi_index: 63;  opcode:call, llfi_index: 64;  opcode:call, llfi_index: 65;  opcode:call, llfi_index: 66;  opcode:load, llfi_index: 50;  opcode:getelementptr, llfi_index: 51;  opcode:load, llfi_index: 52;  opcode:call, llfi_index: 53;  opcode:call, llfi_index: 54;  opcode:call, llfi_index: 55;  opcode:call, llfi_index: 56;  opcode:call, llfi_index: 57;  opcode:call, llfi_index: 58; 
START ;  opcode:alloca, llfi_index: 7;  opcode:load, llfi_index: 115;  opcode:call, llfi_index: 121;  opcode:store, llfi_index: 122;  opcode:load, llfi_index: 105;  opcode:call, llfi_index: 107; 
START ;  opcode:alloca, llfi_index: 8;  opcode:load, llfi_index: 117; 
START ;  opcode:alloca, llfi_index: 9;  opcode:load, llfi_index: 116; 
START ;  opcode:alloca, llfi_index: 10; 
START ;  opcode:alloca, llfi_index: 11; 
START ;  opcode:alloca, llfi_index: 12; 
START ;  opcode:alloca, llfi_index: 13;  opcode:load, llfi_index: 127;  opcode:call, llfi_index: 128;  opcode:call, llfi_index: 129;  opcode:call, llfi_index: 130;  opcode:load, llfi_index: 123;  opcode:icmp, llfi_index: 124;  opcode:br, llfi_index: 125; 
START ;  opcode:alloca, llfi_index: 14; 
START ;  opcode:alloca, llfi_index: 15; 
START ;  opcode:alloca, llfi_index: 16; 
START ;  opcode:alloca, llfi_index: 17;  opcode:getelementptr, llfi_index: 120; 
START ;  opcode:alloca, llfi_index: 18; 
START ;  opcode:alloca, llfi_index: 19;  opcode:load, llfi_index: 88;  opcode:call, llfi_index: 91; 
START ;  opcode:alloca, llfi_index: 20;  opcode:load, llfi_index: 89; 
START ;  opcode:alloca, llfi_index: 21;  opcode:load, llfi_index: 90; 
START ;  opcode:alloca, llfi_index: 22;  opcode:load, llfi_index: 102;  opcode:icmp, llfi_index: 103;  opcode:br, llfi_index: 104; 
START ;  opcode:alloca, llfi_index: 23;  opcode:load, llfi_index: 106;  opcode:load, llfi_index: 44;  opcode:icmp, llfi_index: 45;  opcode:br, llfi_index: 46; 
START ;  opcode:alloca, llfi_index: 24;  opcode:load, llfi_index: 99;  opcode:trunc, llfi_index: 100;  opcode:br, llfi_index: 101; 
START ;  opcode:alloca, llfi_index: 25; 
START ;  opcode:alloca, llfi_index: 26;  opcode:load, llfi_index: 133;  opcode:call, llfi_index: 134;  opcode:call, llfi_index: 135; 
START ;  opcode:alloca, llfi_index: 27;  opcode:load, llfi_index: 137;  opcode:call, llfi_index: 138;  opcode:call, llfi_index: 139; 
START ;  opcode:alloca, llfi_index: 28;  opcode:load, llfi_index: 118; 
START ;  opcode:alloca, llfi_index: 29;  opcode:load, llfi_index: 119; 
START ;  opcode:store, llfi_index: 30; 
START ;  opcode:store, llfi_index: 31; 
START ;  opcode:store, llfi_index: 32; 
START ;  opcode:store, llfi_index: 33; 
START ;  opcode:store, llfi_index: 34; 
START ;  opcode:store, llfi_index: 35; 
START ;  opcode:store, llfi_index: 36; 
START ;  opcode:store, llfi_index: 37; 
START ; 
START ; 
START ; 
START ; 
START ; 
START ; 
START ; 
START ; 
START ; 
START ;  opcode:call, llfi_index: 47;  opcode:call, llfi_index: 48;  opcode:call, llfi_index: 49; 
START ; 
START ; 
START ; 
START ; 
START ; 
START ; 
START ; 
START ; 
START ; 
START ; 
START ; 
START ; 
START ; 
START ; 
START ; 
START ; 
START ; 
START ; 
START ; 
START ;  opcode:br, llfi_index: 67; 
START ;  opcode:call, llfi_index: 68; 
START ;  opcode:unreachable, llfi_index: 69; 
START ; 
START ; 
START ; 
START ; 
START ; 
START ; 
START ; 
START ; 
START ; 
START ; 
START ; 
START ; 
START ; 
START ; 
START ; 
START ; 
START ; 
START ; 
START ; 
START ; 
START ; 
START ; 
START ;  opcode:br, llfi_index: 92; 
START ; 
START ; 
START ; 
START ; 
START ;  opcode:br, llfi_index: 97; 
START ;  opcode:store, llfi_index: 98; 
START ; 
START ; 
START ; 
START ; 
START ; 
START ; 
START ; 
START ; 
START ; 
START ;  opcode:br, llfi_index: 108; 
START ;  opcode:call, llfi_index: 109;  opcode:store, llfi_index: 110; 
START ; 
START ;  opcode:store, llfi_index: 111; 
START ;  opcode:store, llfi_index: 112; 
START ;  opcode:store, llfi_index: 113; 
START ;  opcode:store, llfi_index: 114; 
START ; 
START ; 
START ; 
START ; 
START ; 
START ; 
START ; 
START ; 
START ; 
START ; 
START ; 
START ;  opcode:call, llfi_index: 126; 
START ; 
START ; 
START ; 
START ; 
START ;  opcode:br, llfi_index: 131; 
START ;  opcode:call, llfi_index: 132; 
START ; 
START ; 
START ; 
START ;  opcode:call, llfi_index: 136; 
START ; 
START ; 
START ; 
START ;  opcode:call, llfi_index: 140; 
START ;  opcode:unreachable, llfi_index: 141; 
START ; 
START ; 
START ;  opcode:call, llfi_index: 144; 
START ;  opcode:ret, llfi_index: 145; 
START ;  opcode:alloca, llfi_index: 146;  opcode:load, llfi_index: 437;  opcode:icmp, llfi_index: 438;  opcode:br, llfi_index: 439;  opcode:load, llfi_index: 423;  opcode:mul, llfi_index: 424;  opcode:add, llfi_index: 425;  opcode:add, llfi_index: 427;  opcode:store, llfi_index: 428;  opcode:load, llfi_index: 417;  opcode:mul, llfi_index: 418;  opcode:mul, llfi_index: 420;  opcode:add, llfi_index: 421;  opcode:load, llfi_index: 375;  opcode:mul, llfi_index: 376;  opcode:add, llfi_index: 377;  opcode:add, llfi_index: 379;  opcode:store, llfi_index: 380;  opcode:load, llfi_index: 369;  opcode:mul, llfi_index: 370;  opcode:mul, llfi_index: 372;  opcode:add, llfi_index: 373;  opcode:load, llfi_index: 361;  opcode:mul, llfi_index: 362;  opcode:add, llfi_index: 363;  opcode:add, llfi_index: 365;  opcode:store, llfi_index: 366;  opcode:load, llfi_index: 356;  opcode:mul, llfi_index: 357;  opcode:mul, llfi_index: 359;  opcode:load, llfi_index: 352;  opcode:icmp, llfi_index: 353;  opcode:br, llfi_index: 354;  opcode:load, llfi_index: 191;  opcode:mul, llfi_index: 193;  opcode:mul, llfi_index: 195;  opcode:store, llfi_index: 196; 
START ;  opcode:alloca, llfi_index: 147;  opcode:load, llfi_index: 448;  opcode:icmp, llfi_index: 449;  opcode:br, llfi_index: 450;  opcode:load, llfi_index: 419;  opcode:load, llfi_index: 371;  opcode:load, llfi_index: 358;  opcode:load, llfi_index: 346;  opcode:icmp, llfi_index: 347;  opcode:br, llfi_index: 348;  opcode:load, llfi_index: 192; 
START ;  opcode:alloca, llfi_index: 148;  opcode:load, llfi_index: 340;  opcode:icmp, llfi_index: 341;  opcode:br, llfi_index: 342;  opcode:load, llfi_index: 194; 
START ;  opcode:alloca, llfi_index: 149;  opcode:load, llfi_index: 643;  opcode:load, llfi_index: 644;  opcode:getelementptr, llfi_index: 645;  opcode:load, llfi_index: 638;  opcode:load, llfi_index: 639;  opcode:getelementptr, llfi_index: 640;  opcode:load, llfi_index: 633;  opcode:load, llfi_index: 634;  opcode:getelementptr, llfi_index: 635;  opcode:load, llfi_index: 628;  opcode:load, llfi_index: 629;  opcode:getelementptr, llfi_index: 630;  opcode:load, llfi_index: 623;  opcode:load, llfi_index: 624;  opcode:getelementptr, llfi_index: 625;  opcode:load, llfi_index: 618;  opcode:load, llfi_index: 619;  opcode:getelementptr, llfi_index: 620;  opcode:load, llfi_index: 613;  opcode:load, llfi_index: 614;  opcode:getelementptr, llfi_index: 615;  opcode:load, llfi_index: 525;  opcode:load, llfi_index: 526;  opcode:getelementptr, llfi_index: 527;  opcode:load, llfi_index: 528;  opcode:getelementptr, llfi_index: 529;  opcode:load, llfi_index: 481;  opcode:load, llfi_index: 482;  opcode:getelementptr, llfi_index: 483;  opcode:load, llfi_index: 484;  opcode:getelementptr, llfi_index: 485;  opcode:load, llfi_index: 394;  opcode:load, llfi_index: 395;  opcode:getelementptr, llfi_index: 396;  opcode:load, llfi_index: 397;  opcode:getelementptr, llfi_index: 398;  opcode:load, llfi_index: 385;  opcode:load, llfi_index: 386;  opcode:getelementptr, llfi_index: 387;  opcode:load, llfi_index: 388;  opcode:getelementptr, llfi_index: 389;  opcode:load, llfi_index: 331;  opcode:load, llfi_index: 332;  opcode:getelementptr, llfi_index: 333;  opcode:load, llfi_index: 334;  opcode:store, llfi_index: 335;  opcode:load, llfi_index: 326;  opcode:load, llfi_index: 327;  opcode:getelementptr, llfi_index: 328;  opcode:load, llfi_index: 329;  opcode:store, llfi_index: 330;  opcode:load, llfi_index: 322;  opcode:load, llfi_index: 323;  opcode:getelementptr, llfi_index: 324;  opcode:load, llfi_index: 310;  opcode:load, llfi_index: 311;  opcode:getelementptr, llfi_index: 312;  opcode:load, llfi_index: 268;  opcode:load, llfi_index: 269;  opcode:getelementptr, llfi_index: 270;  opcode:load, llfi_index: 256;  opcode:load, llfi_index: 257;  opcode:getelementptr, llfi_index: 258;  opcode:load, llfi_index: 244;  opcode:load, llfi_index: 245;  opcode:getelementptr, llfi_index: 246;  opcode:load, llfi_index: 232;  opcode:load, llfi_index: 233;  opcode:getelementptr, llfi_index: 234;  opcode:load, llfi_index: 188; 
START ;  opcode:alloca, llfi_index: 150;  opcode:load, llfi_index: 538;  opcode:load, llfi_index: 539;  opcode:getelementptr, llfi_index: 540;  opcode:load, llfi_index: 280; 
START ;  opcode:alloca, llfi_index: 151;  opcode:load, llfi_index: 548;  opcode:load, llfi_index: 549;  opcode:getelementptr, llfi_index: 550;  opcode:load, llfi_index: 290; 
START ;  opcode:alloca, llfi_index: 152;  opcode:load, llfi_index: 554;  opcode:load, llfi_index: 555;  opcode:getelementptr, llfi_index: 556;  opcode:load, llfi_index: 300; 
START ;  opcode:alloca, llfi_index: 153;  opcode:load, llfi_index: 597;  opcode:icmp, llfi_index: 598;  opcode:br, llfi_index: 599;  opcode:load, llfi_index: 586;  opcode:icmp, llfi_index: 587;  opcode:br, llfi_index: 588;  opcode:load, llfi_index: 573;  opcode:icmp, llfi_index: 574;  opcode:br, llfi_index: 575; 
START ;  opcode:alloca, llfi_index: 154;  opcode:load, llfi_index: 604;  opcode:call, llfi_index: 605;  opcode:call, llfi_index: 606;  opcode:call, llfi_index: 608;  opcode:call, llfi_index: 609;  opcode:call, llfi_index: 610;  opcode:load, llfi_index: 580;  opcode:call, llfi_index: 581;  opcode:call, llfi_index: 582;  opcode:call, llfi_index: 584;  opcode:load, llfi_index: 208;  opcode:mul, llfi_index: 209;  opcode:store, llfi_index: 210; 
START ;  opcode:alloca, llfi_index: 155;  opcode:load, llfi_index: 601;  opcode:call, llfi_index: 602;  opcode:call, llfi_index: 603;  opcode:load, llfi_index: 577;  opcode:call, llfi_index: 578;  opcode:call, llfi_index: 579;  opcode:load, llfi_index: 216;  opcode:mul, llfi_index: 217;  opcode:store, llfi_index: 218; 
START ;  opcode:alloca, llfi_index: 156;  opcode:load, llfi_index: 458;  opcode:trunc, llfi_index: 459;  opcode:br, llfi_index: 460; 
START ;  opcode:alloca, llfi_index: 157;  opcode:load, llfi_index: 637;  opcode:store, llfi_index: 641;  opcode:load, llfi_index: 632;  opcode:store, llfi_index: 636;  opcode:load, llfi_index: 583;  opcode:load, llfi_index: 292;  opcode:sext, llfi_index: 293;  opcode:call, llfi_index: 294;  opcode:extractvalue, llfi_index: 296;  opcode:select, llfi_index: 297;  opcode:call, llfi_index: 298;  opcode:bitcast, llfi_index: 299;  opcode:store, llfi_index: 301;  opcode:extractvalue, llfi_index: 295;  opcode:load, llfi_index: 282;  opcode:sext, llfi_index: 283;  opcode:call, llfi_index: 284;  opcode:extractvalue, llfi_index: 286;  opcode:select, llfi_index: 287;  opcode:call, llfi_index: 288;  opcode:bitcast, llfi_index: 289;  opcode:store, llfi_index: 291;  opcode:extractvalue, llfi_index: 285;  opcode:load, llfi_index: 272;  opcode:sext, llfi_index: 273;  opcode:call, llfi_index: 274;  opcode:extractvalue, llfi_index: 276;  opcode:select, llfi_index: 277;  opcode:call, llfi_index: 278;  opcode:bitcast, llfi_index: 279;  opcode:store, llfi_index: 281;  opcode:extractvalue, llfi_index: 275;  opcode:load, llfi_index: 260;  opcode:sext, llfi_index: 261;  opcode:call, llfi_index: 262;  opcode:extractvalue, llfi_index: 264;  opcode:select, llfi_index: 265;  opcode:call, llfi_index: 266;  opcode:bitcast, llfi_index: 267;  opcode:store, llfi_index: 271;  opcode:extractvalue, llfi_index: 263;  opcode:load, llfi_index: 248;  opcode:sext, llfi_index: 249;  opcode:call, llfi_index: 250;  opcode:extractvalue, llfi_index: 252;  opcode:select, llfi_index: 253;  opcode:call, llfi_index: 254;  opcode:bitcast, llfi_index: 255;  opcode:store, llfi_index: 259;  opcode:extractvalue, llfi_index: 251;  opcode:load, llfi_index: 236;  opcode:sext, llfi_index: 237;  opcode:call, llfi_index: 238;  opcode:extractvalue, llfi_index: 240;  opcode:select, llfi_index: 241;  opcode:call, llfi_index: 242;  opcode:bitcast, llfi_index: 243;  opcode:store, llfi_index: 247;  opcode:extractvalue, llfi_index: 239;  opcode:load, llfi_index: 224;  opcode:sext, llfi_index: 225;  opcode:call, llfi_index: 226;  opcode:extractvalue, llfi_index: 228;  opcode:select, llfi_index: 229;  opcode:call, llfi_index: 230;  opcode:bitcast, llfi_index: 231;  opcode:store, llfi_index: 235;  opcode:extractvalue, llfi_index: 227;  opcode:load, llfi_index: 220;  opcode:add, llfi_index: 221;  opcode:sub, llfi_index: 222;  opcode:store, llfi_index: 223;  opcode:load, llfi_index: 215;  opcode:load, llfi_index: 207;  opcode:load, llfi_index: 204;  opcode:mul, llfi_index: 205;  opcode:store, llfi_index: 206;  opcode:load, llfi_index: 197;  opcode:icmp, llfi_index: 198;  opcode:br, llfi_index: 199; 
START ;  opcode:alloca, llfi_index: 158;  opcode:load, llfi_index: 642;  opcode:store, llfi_index: 646;  opcode:load, llfi_index: 607;  opcode:load, llfi_index: 314;  opcode:sext, llfi_index: 315;  opcode:call, llfi_index: 316;  opcode:extractvalue, llfi_index: 318;  opcode:select, llfi_index: 319;  opcode:call, llfi_index: 320;  opcode:bitcast, llfi_index: 321;  opcode:store, llfi_index: 325;  opcode:extractvalue, llfi_index: 317;  opcode:load, llfi_index: 302;  opcode:sext, llfi_index: 303;  opcode:call, llfi_index: 304;  opcode:extractvalue, llfi_index: 306;  opcode:select, llfi_index: 307;  opcode:call, llfi_index: 308;  opcode:bitcast, llfi_index: 309;  opcode:store, llfi_index: 313;  opcode:extractvalue, llfi_index: 305; 
START ;  opcode:alloca, llfi_index: 159;  opcode:load, llfi_index: 622;  opcode:store, llfi_index: 626;  opcode:load, llfi_index: 455;  opcode:icmp, llfi_index: 456;  opcode:br, llfi_index: 457;  opcode:load, llfi_index: 211;  opcode:sext, llfi_index: 212;  opcode:mul, llfi_index: 213;  opcode:store, llfi_index: 214; 
START ;  opcode:alloca, llfi_index: 160;  opcode:load, llfi_index: 627;  opcode:store, llfi_index: 631; 
START ;  opcode:alloca, llfi_index: 161;  opcode:load, llfi_index: 612;  opcode:store, llfi_index: 616;  opcode:load, llfi_index: 590;  opcode:call, llfi_index: 591;  opcode:call, llfi_index: 592;  opcode:call, llfi_index: 594;  opcode:call, llfi_index: 595;  opcode:load, llfi_index: 367;  opcode:load, llfi_index: 219; 
START ;  opcode:alloca, llfi_index: 162;  opcode:load, llfi_index: 617;  opcode:store, llfi_index: 621;  opcode:load, llfi_index: 593; 
START ;  opcode:alloca, llfi_index: 163; 
START ;  opcode:alloca, llfi_index: 164; 
START ;  opcode:alloca, llfi_index: 165; 
START ;  opcode:alloca, llfi_index: 166; 
START ;  opcode:alloca, llfi_index: 167; 
START ;  opcode:alloca, llfi_index: 168; 
START ;  opcode:alloca, llfi_index: 169;  opcode:load, llfi_index: 552;  opcode:sext, llfi_index: 553;  opcode:load, llfi_index: 546;  opcode:sext, llfi_index: 547;  opcode:load, llfi_index: 536;  opcode:sext, llfi_index: 537;  opcode:load, llfi_index: 523;  opcode:sext, llfi_index: 524;  opcode:load, llfi_index: 479;  opcode:sext, llfi_index: 480;  opcode:load, llfi_index: 392;  opcode:sext, llfi_index: 393;  opcode:load, llfi_index: 383;  opcode:sext, llfi_index: 384; 
START ;  opcode:alloca, llfi_index: 170;  opcode:load, llfi_index: 475;  opcode:icmp, llfi_index: 476;  opcode:br, llfi_index: 477;  opcode:load, llfi_index: 415; 
START ;  opcode:alloca, llfi_index: 171;  opcode:load, llfi_index: 542;  opcode:sub, llfi_index: 543;  opcode:sitofp, llfi_index: 544;  opcode:fsub, llfi_index: 545;  opcode:store, llfi_index: 551;  opcode:load, llfi_index: 531;  opcode:sext, llfi_index: 532;  opcode:add, llfi_index: 534;  opcode:store, llfi_index: 535;  opcode:load, llfi_index: 522;  opcode:store, llfi_index: 530; 
START ;  opcode:alloca, llfi_index: 172; 
START ;  opcode:alloca, llfi_index: 173; 
START ;  opcode:alloca, llfi_index: 174; 
START ;  opcode:alloca, llfi_index: 175;  opcode:load, llfi_index: 497;  opcode:store, llfi_index: 501;  opcode:load, llfi_index: 474;  opcode:load, llfi_index: 454;  opcode:load, llfi_index: 451;  opcode:icmp, llfi_index: 452;  opcode:br, llfi_index: 453; 
START ;  opcode:store, llfi_index: 176; 
START ;  opcode:store, llfi_index: 177; 
START ;  opcode:store, llfi_index: 178; 
START ;  opcode:store, llfi_index: 179; 
START ;  opcode:store, llfi_index: 180; 
START ;  opcode:store, llfi_index: 181; 
START ;  opcode:store, llfi_index: 182; 
START ;  opcode:store, llfi_index: 183; 
START ;  opcode:store, llfi_index: 184; 
START ;  opcode:store, llfi_index: 185; 
START ;  opcode:call, llfi_index: 186;  opcode:bitcast, llfi_index: 187;  opcode:store, llfi_index: 189; 
START ; 
START ; 
START ; 
START ;  opcode:store, llfi_index: 190; 
START ; 
START ; 
START ; 
START ; 
START ; 
START ; 
START ; 
START ; 
START ; 
START ;  opcode:br, llfi_index: 200; 
START ;  opcode:call, llfi_index: 201; 
START ;  opcode:unreachable, llfi_index: 202; 
START ;  opcode:br, llfi_index: 203; 
START ; 
START ; 
START ; 
START ; 
START ; 
START ; 
START ; 
START ; 
START ; 
START ; 
START ; 
START ; 
START ; 
START ; 
START ; 
START ; 
START ; 
START ; 
START ; 
START ; 
START ; 
START ; 
START ; 
START ; 
START ; 
START ; 
START ; 
START ; 
START ; 
START ; 
START ; 
START ; 
START ; 
START ; 
START ; 
START ; 
START ; 
START ; 
START ; 
START ; 
START ; 
START ; 
START ; 
START ; 
START ; 
START ; 
START ; 
START ; 
START ; 
START ; 
START ; 
START ; 
START ; 
START ; 
START ; 
START ; 
START ; 
START ; 
START ; 
START ; 
START ; 
START ; 
START ; 
START ; 
START ; 
START ; 
START ; 
START ; 
START ; 
START ; 
START ; 
START ; 
START ; 
START ; 
START ; 
START ; 
START ; 
START ; 
START ; 
START ; 
START ; 
START ; 
START ; 
START ; 
START ; 
START ; 
START ; 
START ; 
START ; 
START ; 
START ; 
START ; 
START ; 
START ; 
START ; 
START ; 
START ; 
START ; 
START ; 
START ; 
START ; 
START ; 
START ; 
START ; 
START ; 
START ; 
START ; 
START ; 
START ; 
START ; 
START ; 
START ; 
START ; 
START ; 
START ; 
START ; 
START ; 
START ; 
START ; 
START ; 
START ; 
START ; 
START ; 
START ; 
START ; 
START ; 
START ; 
START ; 
START ; 
START ; 
START ; 
START ; 
START ;  opcode:store, llfi_index: 336; 
START ;  opcode:store, llfi_index: 337; 
START ;  opcode:br, llfi_index: 338; 
START ;  opcode:load, llfi_index: 339; 
START ; 
START ; 
START ; 
START ;  opcode:store, llfi_index: 343; 
START ;  opcode:br, llfi_index: 344; 
START ;  opcode:load, llfi_index: 345; 
START ; 
START ; 
START ; 
START ;  opcode:store, llfi_index: 349; 
START ;  opcode:br, llfi_index: 350; 
START ;  opcode:load, llfi_index: 351; 
START ; 
START ; 
START ; 
START ;  opcode:load, llfi_index: 355; 
START ; 
START ; 
START ; 
START ; 
START ;  opcode:load, llfi_index: 360; 
START ; 
START ; 
START ; 
START ;  opcode:load, llfi_index: 364; 
START ; 
START ; 
START ; 
START ;  opcode:load, llfi_index: 368; 
START ; 
START ; 
START ; 
START ; 
START ; 
START ;  opcode:load, llfi_index: 374; 
START ; 
START ; 
START ; 
START ;  opcode:load, llfi_index: 378; 
START ; 
START ; 
START ;  opcode:store, llfi_index: 381; 
START ;  opcode:load, llfi_index: 382;  opcode:store, llfi_index: 390; 
START ; 
START ; 
START ; 
START ; 
START ; 
START ; 
START ; 
START ; 
START ;  opcode:load, llfi_index: 391;  opcode:store, llfi_index: 399; 
START ; 
START ; 
START ; 
START ; 
START ; 
START ; 
START ; 
START ; 
START ;  opcode:store, llfi_index: 400; 
START ;  opcode:br, llfi_index: 401; 
START ;  opcode:load, llfi_index: 402;  opcode:icmp, llfi_index: 403;  opcode:br, llfi_index: 404; 
START ; 
START ; 
START ;  opcode:store, llfi_index: 405; 
START ;  opcode:br, llfi_index: 406; 
START ;  opcode:load, llfi_index: 407;  opcode:icmp, llfi_index: 408;  opcode:br, llfi_index: 409; 
START ; 
START ; 
START ;  opcode:store, llfi_index: 410; 
START ;  opcode:br, llfi_index: 411; 
START ;  opcode:load, llfi_index: 412;  opcode:icmp, llfi_index: 413;  opcode:br, llfi_index: 414; 
START ; 
START ; 
START ; 
START ;  opcode:load, llfi_index: 416; 
START ; 
START ; 
START ; 
START ; 
START ; 
START ;  opcode:load, llfi_index: 422; 
START ; 
START ; 
START ; 
START ;  opcode:load, llfi_index: 426; 
START ; 
START ; 
START ;  opcode:load, llfi_index: 429;  opcode:add, llfi_index: 431;  opcode:icmp, llfi_index: 432;  opcode:br, llfi_index: 433; 
START ;  opcode:load, llfi_index: 430; 
START ; 
START ; 
START ; 
START ;  opcode:load, llfi_index: 434;  opcode:add, llfi_index: 436; 
START ;  opcode:load, llfi_index: 435; 
START ; 
START ; 
START ; 
START ; 
START ;  opcode:load, llfi_index: 440;  opcode:add, llfi_index: 442;  opcode:icmp, llfi_index: 443;  opcode:br, llfi_index: 444; 
START ;  opcode:load, llfi_index: 441; 
START ; 
START ; 
START ; 
START ;  opcode:load, llfi_index: 445;  opcode:add, llfi_index: 447; 
START ;  opcode:load, llfi_index: 446; 
START ; 
START ; 
START ; 
START ; 
START ; 
START ; 
START ; 
START ; 
START ; 
START ; 
START ; 
START ; 
START ; 
START ; 
START ;  opcode:load, llfi_index: 461;  opcode:mul, llfi_index: 463;  opcode:add, llfi_index: 467;  opcode:add, llfi_index: 471;  opcode:icmp, llfi_index: 472;  opcode:br, llfi_index: 473; 
START ;  opcode:load, llfi_index: 462; 
START ; 
START ;  opcode:load, llfi_index: 464;  opcode:mul, llfi_index: 466; 
START ;  opcode:load, llfi_index: 465; 
START ; 
START ; 
START ;  opcode:load, llfi_index: 468;  opcode:mul, llfi_index: 470; 
START ;  opcode:load, llfi_index: 469; 
START ; 
START ; 
START ; 
START ; 
START ; 
START ; 
START ; 
START ; 
START ;  opcode:load, llfi_index: 478;  opcode:store, llfi_index: 486; 
START ; 
START ; 
START ; 
START ; 
START ; 
START ; 
START ; 
START ; 
START ;  opcode:load, llfi_index: 487; 
START ;  opcode:getelementptr, llfi_index: 488;  opcode:store, llfi_index: 489; 
START ; 
START ;  opcode:store, llfi_index: 490; 
START ;  opcode:br, llfi_index: 491; 
START ;  opcode:load, llfi_index: 492; 
START ;  opcode:getelementptr, llfi_index: 493;  opcode:store, llfi_index: 494; 
START ; 
START ;  opcode:store, llfi_index: 495; 
START ;  opcode:br, llfi_index: 496; 
START ; 
START ;  opcode:load, llfi_index: 498; 
START ;  opcode:getelementptr, llfi_index: 499;  opcode:store, llfi_index: 500; 
START ; 
START ; 
START ;  opcode:load, llfi_index: 502;  opcode:add, llfi_index: 503;  opcode:store, llfi_index: 504; 
START ; 
START ; 
START ;  opcode:br, llfi_index: 505; 
START ;  opcode:br, llfi_index: 506; 
START ;  opcode:br, llfi_index: 507; 
START ;  opcode:load, llfi_index: 508;  opcode:add, llfi_index: 509;  opcode:store, llfi_index: 510; 
START ; 
START ; 
START ;  opcode:br, llfi_index: 511; 
START ;  opcode:br, llfi_index: 512; 
START ;  opcode:load, llfi_index: 513;  opcode:add, llfi_index: 514;  opcode:store, llfi_index: 515; 
START ; 
START ; 
START ;  opcode:br, llfi_index: 516; 
START ;  opcode:br, llfi_index: 517; 
START ;  opcode:load, llfi_index: 518;  opcode:add, llfi_index: 519;  opcode:store, llfi_index: 520; 
START ; 
START ; 
START ;  opcode:br, llfi_index: 521; 
START ; 
START ; 
START ; 
START ; 
START ; 
START ; 
START ; 
START ; 
START ; 
START ; 
START ; 
START ;  opcode:load, llfi_index: 533; 
START ; 
START ; 
START ; 
START ; 
START ; 
START ; 
START ; 
START ;  opcode:store, llfi_index: 541; 
START ; 
START ; 
START ; 
START ; 
START ; 
START ; 
START ; 
START ; 
START ; 
START ; 
START ; 
START ; 
START ; 
START ; 
START ; 
START ;  opcode:store, llfi_index: 557; 
START ;  opcode:br, llfi_index: 558; 
START ;  opcode:load, llfi_index: 559;  opcode:add, llfi_index: 560;  opcode:store, llfi_index: 561; 
START ; 
START ; 
START ;  opcode:br, llfi_index: 562; 
START ;  opcode:br, llfi_index: 563; 
START ;  opcode:load, llfi_index: 564;  opcode:add, llfi_index: 565;  opcode:store, llfi_index: 566; 
START ; 
START ; 
START ;  opcode:br, llfi_index: 567; 
START ;  opcode:br, llfi_index: 568; 
START ;  opcode:load, llfi_index: 569;  opcode:add, llfi_index: 570;  opcode:store, llfi_index: 571; 
START ; 
START ; 
START ;  opcode:br, llfi_index: 572; 
START ; 
START ; 
START ; 
START ;  opcode:call, llfi_index: 576; 
START ; 
START ; 
START ; 
START ; 
START ; 
START ; 
START ; 
START ; 
START ;  opcode:br, llfi_index: 585; 
START ; 
START ; 
START ; 
START ;  opcode:call, llfi_index: 589; 
START ; 
START ; 
START ; 
START ; 
START ; 
START ; 
START ;  opcode:br, llfi_index: 596; 
START ; 
START ; 
START ; 
START ;  opcode:call, llfi_index: 600; 
START ; 
START ; 
START ; 
START ; 
START ; 
START ; 
START ; 
START ; 
START ; 
START ; 
START ;  opcode:br, llfi_index: 611; 
START ; 
START ; 
START ; 
START ; 
START ; 
START ; 
START ; 
START ; 
START ; 
START ; 
START ; 
START ; 
START ; 
START ; 
START ; 
START ; 
START ; 
START ; 
START ; 
START ; 
START ; 
START ; 
START ; 
START ; 
START ; 
START ; 
START ; 
START ; 
START ; 
START ; 
START ; 
START ; 
START ; 
START ; 
START ; 
START ;  opcode:ret, llfi_index: 647; 
START ;  opcode:call, llfi_index: 648; 
START ;  opcode:ret, llfi_index: 649; 
START ;  opcode:call, llfi_index: 650; 
START ;  opcode:call, llfi_index: 651; 
START ;  opcode:ret, llfi_index: 652; 
START ;  opcode:alloca, llfi_index: 653;  opcode:load, llfi_index: 706;  opcode:call, llfi_index: 707;  opcode:load, llfi_index: 700;  opcode:call, llfi_index: 701;  opcode:store, llfi_index: 702;  opcode:load, llfi_index: 698;  opcode:call, llfi_index: 699; 
START ;  opcode:alloca, llfi_index: 654;  opcode:load, llfi_index: 1202;  opcode:load, llfi_index: 1203;  opcode:getelementptr, llfi_index: 1204;  opcode:load, llfi_index: 1197;  opcode:load, llfi_index: 1198;  opcode:getelementptr, llfi_index: 1199;  opcode:load, llfi_index: 1192;  opcode:load, llfi_index: 1193;  opcode:getelementptr, llfi_index: 1194;  opcode:load, llfi_index: 1187;  opcode:load, llfi_index: 1188;  opcode:getelementptr, llfi_index: 1189;  opcode:load, llfi_index: 1182;  opcode:load, llfi_index: 1183;  opcode:getelementptr, llfi_index: 1184;  opcode:load, llfi_index: 1177;  opcode:load, llfi_index: 1178;  opcode:getelementptr, llfi_index: 1179;  opcode:load, llfi_index: 1172;  opcode:load, llfi_index: 1173;  opcode:getelementptr, llfi_index: 1174;  opcode:load, llfi_index: 1167;  opcode:load, llfi_index: 1168;  opcode:getelementptr, llfi_index: 1169;  opcode:load, llfi_index: 1162;  opcode:load, llfi_index: 1163;  opcode:getelementptr, llfi_index: 1164;  opcode:load, llfi_index: 1157;  opcode:load, llfi_index: 1158;  opcode:getelementptr, llfi_index: 1159;  opcode:load, llfi_index: 1152;  opcode:load, llfi_index: 1153;  opcode:getelementptr, llfi_index: 1154;  opcode:load, llfi_index: 1149; 
START ;  opcode:alloca, llfi_index: 655;  opcode:load, llfi_index: 1073;  opcode:load, llfi_index: 1074;  opcode:getelementptr, llfi_index: 1075;  opcode:load, llfi_index: 805; 
START ;  opcode:alloca, llfi_index: 656;  opcode:load, llfi_index: 1080;  opcode:load, llfi_index: 1081;  opcode:getelementptr, llfi_index: 1082;  opcode:load, llfi_index: 815; 
START ;  opcode:alloca, llfi_index: 657;  opcode:load, llfi_index: 1087;  opcode:load, llfi_index: 1088;  opcode:getelementptr, llfi_index: 1089;  opcode:load, llfi_index: 825; 
START ;  opcode:alloca, llfi_index: 658;  opcode:load, llfi_index: 1106;  opcode:call, llfi_index: 1107;  opcode:load, llfi_index: 1095;  opcode:call, llfi_index: 1099;  opcode:load, llfi_index: 1068;  opcode:call, llfi_index: 1069;  opcode:load, llfi_index: 1024;  opcode:call, llfi_index: 1027;  opcode:load, llfi_index: 985;  opcode:call, llfi_index: 988;  opcode:load, llfi_index: 955;  opcode:call, llfi_index: 956;  opcode:load, llfi_index: 835;  opcode:call, llfi_index: 837;  opcode:load, llfi_index: 712;  opcode:call, llfi_index: 713;  opcode:load, llfi_index: 710;  opcode:call, llfi_index: 711;  opcode:load, llfi_index: 703;  opcode:icmp, llfi_index: 704;  opcode:br, llfi_index: 705; 
START ;  opcode:alloca, llfi_index: 659; 
START ;  opcode:alloca, llfi_index: 660; 
START ;  opcode:alloca, llfi_index: 661;  opcode:load, llfi_index: 1161;  opcode:store, llfi_index: 1165;  opcode:load, llfi_index: 1043;  opcode:icmp, llfi_index: 1044;  opcode:br, llfi_index: 1045;  opcode:load, llfi_index: 952;  opcode:icmp, llfi_index: 953;  opcode:br, llfi_index: 954;  opcode:load, llfi_index: 832;  opcode:icmp, llfi_index: 833;  opcode:br, llfi_index: 834;  opcode:load, llfi_index: 716;  opcode:store, llfi_index: 717; 
START ;  opcode:alloca, llfi_index: 662;  opcode:load, llfi_index: 1166;  opcode:store, llfi_index: 1170; 
START ;  opcode:alloca, llfi_index: 663;  opcode:load, llfi_index: 999;  opcode:store, llfi_index: 1008;  opcode:load, llfi_index: 850;  opcode:store, llfi_index: 855;  opcode:load, llfi_index: 846;  opcode:add, llfi_index: 848;  opcode:store, llfi_index: 849;  opcode:store, llfi_index: 695; 
START ;  opcode:alloca, llfi_index: 664;  opcode:load, llfi_index: 1026;  opcode:load, llfi_index: 987;  opcode:load, llfi_index: 836; 
START ;  opcode:alloca, llfi_index: 665;  opcode:load, llfi_index: 989;  opcode:store, llfi_index: 998;  opcode:store, llfi_index: 696; 
START ;  opcode:alloca, llfi_index: 666;  opcode:load, llfi_index: 1098;  opcode:load, llfi_index: 1097;  opcode:load, llfi_index: 1096;  opcode:load, llfi_index: 1025;  opcode:load, llfi_index: 986; 
START ;  opcode:alloca, llfi_index: 667;  opcode:load, llfi_index: 1132;  opcode:icmp, llfi_index: 1133;  opcode:br, llfi_index: 1134;  opcode:load, llfi_index: 1121;  opcode:icmp, llfi_index: 1122;  opcode:br, llfi_index: 1123;  opcode:load, llfi_index: 1108;  opcode:icmp, llfi_index: 1109;  opcode:br, llfi_index: 1110;  opcode:load, llfi_index: 1054;  opcode:icmp, llfi_index: 1055;  opcode:br, llfi_index: 1056;  opcode:load, llfi_index: 965;  opcode:icmp, llfi_index: 966;  opcode:br, llfi_index: 967; 
START ;  opcode:alloca, llfi_index: 668;  opcode:load, llfi_index: 1139;  opcode:call, llfi_index: 1140;  opcode:call, llfi_index: 1141;  opcode:call, llfi_index: 1143;  opcode:call, llfi_index: 1144;  opcode:call, llfi_index: 1145;  opcode:load, llfi_index: 1115;  opcode:call, llfi_index: 1116;  opcode:call, llfi_index: 1117;  opcode:call, llfi_index: 1119;  opcode:load, llfi_index: 1061;  opcode:call, llfi_index: 1062;  opcode:call, llfi_index: 1063;  opcode:call, llfi_index: 1065;  opcode:call, llfi_index: 1066;  opcode:load, llfi_index: 972;  opcode:call, llfi_index: 973;  opcode:call, llfi_index: 974;  opcode:call, llfi_index: 976;  opcode:call, llfi_index: 977;  opcode:load, llfi_index: 723;  opcode:srem, llfi_index: 724;  opcode:store, llfi_index: 725;  opcode:load, llfi_index: 719;  opcode:sdiv, llfi_index: 720;  opcode:store, llfi_index: 721; 
START ;  opcode:alloca, llfi_index: 669;  opcode:load, llfi_index: 1136;  opcode:call, llfi_index: 1137;  opcode:call, llfi_index: 1138;  opcode:load, llfi_index: 1112;  opcode:call, llfi_index: 1113;  opcode:call, llfi_index: 1114;  opcode:load, llfi_index: 1058;  opcode:call, llfi_index: 1059;  opcode:call, llfi_index: 1060;  opcode:load, llfi_index: 969;  opcode:call, llfi_index: 970;  opcode:call, llfi_index: 971;  opcode:load, llfi_index: 747;  opcode:sub, llfi_index: 749;  opcode:sub, llfi_index: 751;  opcode:store, llfi_index: 752;  opcode:load, llfi_index: 743;  opcode:icmp, llfi_index: 745;  opcode:br, llfi_index: 746;  opcode:load, llfi_index: 738;  opcode:mul, llfi_index: 741;  opcode:store, llfi_index: 742;  opcode:load, llfi_index: 728;  opcode:icmp, llfi_index: 730;  opcode:br, llfi_index: 731; 
START ;  opcode:alloca, llfi_index: 670;  opcode:load, llfi_index: 722;  opcode:load, llfi_index: 718; 
START ;  opcode:alloca, llfi_index: 671;  opcode:load, llfi_index: 739;  opcode:add, llfi_index: 740;  opcode:load, llfi_index: 726;  opcode:store, llfi_index: 727; 
START ;  opcode:alloca, llfi_index: 672;  opcode:load, llfi_index: 748;  opcode:load, llfi_index: 744;  opcode:load, llfi_index: 729; 
START ;  opcode:alloca, llfi_index: 673;  opcode:load, llfi_index: 757;  opcode:add, llfi_index: 758;  opcode:sub, llfi_index: 759;  opcode:store, llfi_index: 760;  opcode:load, llfi_index: 736;  opcode:store, llfi_index: 737; 
START ;  opcode:alloca, llfi_index: 674;  opcode:load, llfi_index: 1176;  opcode:store, llfi_index: 1180;  opcode:load, llfi_index: 1171;  opcode:store, llfi_index: 1175;  opcode:load, llfi_index: 1118;  opcode:load, llfi_index: 902;  opcode:icmp, llfi_index: 903;  opcode:br, llfi_index: 904;  opcode:load, llfi_index: 866;  opcode:icmp, llfi_index: 867;  opcode:br, llfi_index: 868;  opcode:load, llfi_index: 817;  opcode:sext, llfi_index: 818;  opcode:call, llfi_index: 819;  opcode:extractvalue, llfi_index: 821;  opcode:select, llfi_index: 822;  opcode:call, llfi_index: 823;  opcode:bitcast, llfi_index: 824;  opcode:store, llfi_index: 826;  opcode:extractvalue, llfi_index: 820;  opcode:load, llfi_index: 807;  opcode:sext, llfi_index: 808;  opcode:call, llfi_index: 809;  opcode:extractvalue, llfi_index: 811;  opcode:select, llfi_index: 812;  opcode:call, llfi_index: 813;  opcode:bitcast, llfi_index: 814;  opcode:store, llfi_index: 816;  opcode:extractvalue, llfi_index: 810;  opcode:load, llfi_index: 797;  opcode:sext, llfi_index: 798;  opcode:call, llfi_index: 799;  opcode:extractvalue, llfi_index: 801;  opcode:select, llfi_index: 802;  opcode:call, llfi_index: 803;  opcode:bitcast, llfi_index: 804;  opcode:store, llfi_index: 806;  opcode:extractvalue, llfi_index: 800;  opcode:load, llfi_index: 788;  opcode:sext, llfi_index: 789;  opcode:call, llfi_index: 790;  opcode:extractvalue, llfi_index: 792;  opcode:select, llfi_index: 793;  opcode:call, llfi_index: 794;  opcode:bitcast, llfi_index: 795;  opcode:store, llfi_index: 796;  opcode:extractvalue, llfi_index: 791;  opcode:load, llfi_index: 779;  opcode:sext, llfi_index: 780;  opcode:call, llfi_index: 781;  opcode:extractvalue, llfi_index: 783;  opcode:select, llfi_index: 784;  opcode:call, llfi_index: 785;  opcode:bitcast, llfi_index: 786;  opcode:store, llfi_index: 787;  opcode:extractvalue, llfi_index: 782;  opcode:load, llfi_index: 770;  opcode:sext, llfi_index: 771;  opcode:call, llfi_index: 772;  opcode:extractvalue, llfi_index: 774;  opcode:select, llfi_index: 775;  opcode:call, llfi_index: 776;  opcode:bitcast, llfi_index: 777;  opcode:store, llfi_index: 778;  opcode:extractvalue, llfi_index: 773;  opcode:load, llfi_index: 761;  opcode:sext, llfi_index: 762;  opcode:call, llfi_index: 763;  opcode:extractvalue, llfi_index: 765;  opcode:select, llfi_index: 766;  opcode:call, llfi_index: 767;  opcode:bitcast, llfi_index: 768;  opcode:store, llfi_index: 769;  opcode:extractvalue, llfi_index: 764; 
START ;  opcode:alloca, llfi_index: 675;  opcode:load, llfi_index: 756;  opcode:load, llfi_index: 754;  opcode:store, llfi_index: 755; 
START ;  opcode:alloca, llfi_index: 676;  opcode:load, llfi_index: 1151;  opcode:store, llfi_index: 1155;  opcode:load, llfi_index: 1125;  opcode:call, llfi_index: 1126;  opcode:call, llfi_index: 1127;  opcode:call, llfi_index: 1129;  opcode:call, llfi_index: 1130;  opcode:load, llfi_index: 1046;  opcode:icmp, llfi_index: 1048;  opcode:br, llfi_index: 1049;  opcode:load, llfi_index: 957;  opcode:icmp, llfi_index: 959;  opcode:br, llfi_index: 960;  opcode:load, llfi_index: 838;  opcode:icmp, llfi_index: 840;  opcode:br, llfi_index: 841; 
START ;  opcode:alloca, llfi_index: 677;  opcode:load, llfi_index: 1156;  opcode:store, llfi_index: 1160;  opcode:load, llfi_index: 1128;  opcode:load, llfi_index: 1051;  opcode:icmp, llfi_index: 1052;  opcode:br, llfi_index: 1053;  opcode:load, llfi_index: 962;  opcode:icmp, llfi_index: 963;  opcode:br, llfi_index: 964;  opcode:load, llfi_index: 843;  opcode:icmp, llfi_index: 844;  opcode:br, llfi_index: 845; 
START ;  opcode:alloca, llfi_index: 678;  opcode:load, llfi_index: 1186;  opcode:store, llfi_index: 1190;  opcode:load, llfi_index: 933;  opcode:getelementptr, llfi_index: 934;  opcode:load, llfi_index: 935;  opcode:sext, llfi_index: 936;  opcode:getelementptr, llfi_index: 937;  opcode:store, llfi_index: 942;  opcode:load, llfi_index: 914;  opcode:getelementptr, llfi_index: 915;  opcode:load, llfi_index: 916;  opcode:sext, llfi_index: 917;  opcode:getelementptr, llfi_index: 918;  opcode:store, llfi_index: 923;  opcode:load, llfi_index: 853;  opcode:getelementptr, llfi_index: 854; 
START ;  opcode:alloca, llfi_index: 679;  opcode:load, llfi_index: 1191;  opcode:store, llfi_index: 1195;  opcode:load, llfi_index: 994;  opcode:getelementptr, llfi_index: 995;  opcode:load, llfi_index: 996;  opcode:getelementptr, llfi_index: 997;  opcode:load, llfi_index: 921;  opcode:getelementptr, llfi_index: 922;  opcode:load, llfi_index: 908;  opcode:getelementptr, llfi_index: 909;  opcode:load, llfi_index: 910;  opcode:load, llfi_index: 892;  opcode:getelementptr, llfi_index: 893; 
START ;  opcode:alloca, llfi_index: 680;  opcode:load, llfi_index: 1196;  opcode:store, llfi_index: 1200;  opcode:load, llfi_index: 1004;  opcode:getelementptr, llfi_index: 1005;  opcode:load, llfi_index: 1006;  opcode:getelementptr, llfi_index: 1007;  opcode:load, llfi_index: 940;  opcode:getelementptr, llfi_index: 941;  opcode:load, llfi_index: 927;  opcode:getelementptr, llfi_index: 928;  opcode:load, llfi_index: 929;  opcode:load, llfi_index: 896;  opcode:getelementptr, llfi_index: 897; 
START ;  opcode:alloca, llfi_index: 681;  opcode:load, llfi_index: 1201;  opcode:store, llfi_index: 1205; 
START ;  opcode:alloca, llfi_index: 682;  opcode:load, llfi_index: 1181;  opcode:store, llfi_index: 1185;  opcode:load, llfi_index: 1142;  opcode:load, llfi_index: 882;  opcode:sext, llfi_index: 883;  opcode:call, llfi_index: 884;  opcode:extractvalue, llfi_index: 886;  opcode:select, llfi_index: 887;  opcode:call, llfi_index: 888;  opcode:bitcast, llfi_index: 889;  opcode:store, llfi_index: 890;  opcode:extractvalue, llfi_index: 885;  opcode:load, llfi_index: 873;  opcode:sext, llfi_index: 874;  opcode:call, llfi_index: 875;  opcode:extractvalue, llfi_index: 877;  opcode:select, llfi_index: 878;  opcode:call, llfi_index: 879;  opcode:bitcast, llfi_index: 880;  opcode:store, llfi_index: 881;  opcode:extractvalue, llfi_index: 876; 
START ;  opcode:alloca, llfi_index: 683; 
START ;  opcode:alloca, llfi_index: 684;  opcode:load, llfi_index: 891;  opcode:store, llfi_index: 894; 
START ;  opcode:alloca, llfi_index: 685;  opcode:load, llfi_index: 895;  opcode:store, llfi_index: 898; 
START ;  opcode:alloca, llfi_index: 686;  opcode:load, llfi_index: 1021;  opcode:icmp, llfi_index: 1022;  opcode:br, llfi_index: 1023;  opcode:load, llfi_index: 982;  opcode:icmp, llfi_index: 983;  opcode:br, llfi_index: 984; 
START ;  opcode:alloca, llfi_index: 687;  opcode:load, llfi_index: 1070;  opcode:store, llfi_index: 1076; 
START ;  opcode:alloca, llfi_index: 688;  opcode:load, llfi_index: 1077;  opcode:store, llfi_index: 1083; 
START ;  opcode:alloca, llfi_index: 689;  opcode:load, llfi_index: 1084;  opcode:store, llfi_index: 1090; 
START ;  opcode:store, llfi_index: 690; 
START ;  opcode:store, llfi_index: 691; 
START ;  opcode:store, llfi_index: 692; 
START ;  opcode:store, llfi_index: 693; 
START ;  opcode:store, llfi_index: 694; 
START ; 
START ; 
START ;  opcode:store, llfi_index: 697; 
START ; 
START ; 
START ; 
START ; 
START ; 
START ; 
START ; 
START ; 
START ; 
START ; 
START ;  opcode:call, llfi_index: 708; 
START ;  opcode:unreachable, llfi_index: 709; 
START ; 
START ; 
START ; 
START ; 
START ;  opcode:store, llfi_index: 714; 
START ;  opcode:store, llfi_index: 715; 
START ; 
START ; 
START ; 
START ; 
START ; 
START ; 
START ; 
START ; 
START ; 
START ; 
START ; 
START ; 
START ; 
START ; 
START ; 
START ; 
START ;  opcode:load, llfi_index: 732;  opcode:add, llfi_index: 733;  opcode:store, llfi_index: 734; 
START ; 
START ; 
START ;  opcode:br, llfi_index: 735; 
START ; 
START ; 
START ; 
START ; 
START ; 
START ; 
START ; 
START ; 
START ; 
START ; 
START ; 
START ; 
START ; 
START ; 
START ;  opcode:load, llfi_index: 750; 
START ; 
START ; 
START ;  opcode:br, llfi_index: 753; 
START ; 
START ; 
START ; 
START ; 
START ; 
START ; 
START ; 
START ; 
START ; 
START ; 
START ; 
START ; 
START ; 
START ; 
START ; 
START ; 
START ; 
START ; 
START ; 
START ; 
START ; 
START ; 
START ; 
START ; 
START ; 
START ; 
START ; 
START ; 
START ; 
START ; 
START ; 
START ; 
START ; 
START ; 
START ; 
START ; 
START ; 
START ; 
START ; 
START ; 
START ; 
START ; 
START ; 
START ; 
START ; 
START ; 
START ; 
START ; 
START ; 
START ; 
START ; 
START ; 
START ; 
START ; 
START ; 
START ; 
START ; 
START ; 
START ; 
START ; 
START ; 
START ; 
START ; 
START ; 
START ; 
START ; 
START ; 
START ; 
START ; 
START ; 
START ; 
START ; 
START ; 
START ;  opcode:store, llfi_index: 827; 
START ;  opcode:store, llfi_index: 828; 
START ;  opcode:store, llfi_index: 829; 
START ;  opcode:br, llfi_index: 830; 
START ;  opcode:load, llfi_index: 831; 
START ; 
START ; 
START ; 
START ; 
START ; 
START ; 
START ; 
START ;  opcode:load, llfi_index: 839; 
START ; 
START ; 
START ;  opcode:load, llfi_index: 842; 
START ; 
START ; 
START ; 
START ; 
START ;  opcode:load, llfi_index: 847; 
START ; 
START ; 
START ; 
START ;  opcode:load, llfi_index: 851;  opcode:sext, llfi_index: 852; 
START ; 
START ; 
START ; 
START ; 
START ;  opcode:load, llfi_index: 856;  opcode:add, llfi_index: 857;  opcode:store, llfi_index: 858; 
START ; 
START ; 
START ;  opcode:br, llfi_index: 859; 
START ;  opcode:br, llfi_index: 860; 
START ;  opcode:load, llfi_index: 861;  opcode:add, llfi_index: 862;  opcode:store, llfi_index: 863; 
START ; 
START ; 
START ;  opcode:br, llfi_index: 864; 
START ;  opcode:load, llfi_index: 865; 
START ; 
START ; 
START ; 
START ;  opcode:br, llfi_index: 869; 
START ;  opcode:call, llfi_index: 870; 
START ;  opcode:unreachable, llfi_index: 871; 
START ;  opcode:br, llfi_index: 872; 
START ; 
START ; 
START ; 
START ; 
START ; 
START ; 
START ; 
START ; 
START ; 
START ; 
START ; 
START ; 
START ; 
START ; 
START ; 
START ; 
START ; 
START ; 
START ; 
START ; 
START ; 
START ; 
START ; 
START ; 
START ; 
START ; 
START ;  opcode:store, llfi_index: 899; 
START ;  opcode:br, llfi_index: 900; 
START ;  opcode:load, llfi_index: 901; 
START ; 
START ; 
START ; 
START ;  opcode:load, llfi_index: 905;  opcode:sub, llfi_index: 906;  opcode:sext, llfi_index: 907; 
START ; 
START ; 
START ; 
START ; 
START ; 
START ;  opcode:load, llfi_index: 911;  opcode:sub, llfi_index: 912;  opcode:sext, llfi_index: 913; 
START ; 
START ; 
START ; 
START ; 
START ; 
START ; 
START ; 
START ;  opcode:load, llfi_index: 919;  opcode:sext, llfi_index: 920; 
START ; 
START ; 
START ; 
START ; 
START ;  opcode:load, llfi_index: 924;  opcode:sub, llfi_index: 925;  opcode:sext, llfi_index: 926; 
START ; 
START ; 
START ; 
START ; 
START ; 
START ;  opcode:load, llfi_index: 930;  opcode:sub, llfi_index: 931;  opcode:sext, llfi_index: 932; 
START ; 
START ; 
START ; 
START ; 
START ; 
START ; 
START ; 
START ;  opcode:load, llfi_index: 938;  opcode:sext, llfi_index: 939; 
START ; 
START ; 
START ; 
START ; 
START ;  opcode:br, llfi_index: 943; 
START ;  opcode:load, llfi_index: 944;  opcode:add, llfi_index: 945;  opcode:store, llfi_index: 946; 
START ; 
START ; 
START ;  opcode:br, llfi_index: 947; 
START ;  opcode:store, llfi_index: 948; 
START ;  opcode:store, llfi_index: 949; 
START ;  opcode:br, llfi_index: 950; 
START ;  opcode:load, llfi_index: 951; 
START ; 
START ; 
START ; 
START ; 
START ; 
START ; 
START ;  opcode:load, llfi_index: 958; 
START ; 
START ; 
START ;  opcode:load, llfi_index: 961; 
START ; 
START ; 
START ; 
START ; 
START ; 
START ; 
START ;  opcode:call, llfi_index: 968; 
START ; 
START ; 
START ; 
START ; 
START ; 
START ; 
START ;  opcode:load, llfi_index: 975; 
START ; 
START ; 
START ;  opcode:br, llfi_index: 978; 
START ;  opcode:store, llfi_index: 979; 
START ;  opcode:br, llfi_index: 980; 
START ;  opcode:load, llfi_index: 981; 
START ; 
START ; 
START ; 
START ; 
START ; 
START ; 
START ; 
START ; 
START ;  opcode:load, llfi_index: 990;  opcode:sext, llfi_index: 991; 
START ; 
START ;  opcode:load, llfi_index: 992;  opcode:sext, llfi_index: 993; 
START ; 
START ; 
START ; 
START ; 
START ; 
START ; 
START ; 
START ;  opcode:load, llfi_index: 1000;  opcode:sext, llfi_index: 1001; 
START ; 
START ;  opcode:load, llfi_index: 1002;  opcode:sext, llfi_index: 1003; 
START ; 
START ; 
START ; 
START ; 
START ; 
START ; 
START ;  opcode:br, llfi_index: 1009; 
START ;  opcode:load, llfi_index: 1010;  opcode:add, llfi_index: 1011;  opcode:store, llfi_index: 1012; 
START ; 
START ; 
START ;  opcode:br, llfi_index: 1013; 
START ;  opcode:load, llfi_index: 1014;  opcode:add, llfi_index: 1015;  opcode:store, llfi_index: 1016; 
START ; 
START ; 
START ;  opcode:br, llfi_index: 1017; 
START ;  opcode:store, llfi_index: 1018; 
START ;  opcode:br, llfi_index: 1019; 
START ;  opcode:load, llfi_index: 1020; 
START ; 
START ; 
START ; 
START ; 
START ; 
START ; 
START ; 
START ;  opcode:br, llfi_index: 1028; 
START ;  opcode:load, llfi_index: 1029;  opcode:add, llfi_index: 1030;  opcode:store, llfi_index: 1031; 
START ; 
START ; 
START ;  opcode:br, llfi_index: 1032; 
START ;  opcode:br, llfi_index: 1033; 
START ;  opcode:br, llfi_index: 1034; 
START ;  opcode:load, llfi_index: 1035;  opcode:add, llfi_index: 1036;  opcode:store, llfi_index: 1037; 
START ; 
START ; 
START ;  opcode:br, llfi_index: 1038; 
START ;  opcode:store, llfi_index: 1039; 
START ;  opcode:store, llfi_index: 1040; 
START ;  opcode:br, llfi_index: 1041; 
START ;  opcode:load, llfi_index: 1042; 
START ; 
START ; 
START ; 
START ; 
START ;  opcode:load, llfi_index: 1047; 
START ; 
START ; 
START ;  opcode:load, llfi_index: 1050; 
START ; 
START ; 
START ; 
START ; 
START ; 
START ; 
START ;  opcode:call, llfi_index: 1057; 
START ; 
START ; 
START ; 
START ; 
START ; 
START ; 
START ;  opcode:load, llfi_index: 1064; 
START ; 
START ; 
START ;  opcode:br, llfi_index: 1067; 
START ; 
START ; 
START ; 
START ;  opcode:load, llfi_index: 1071;  opcode:sext, llfi_index: 1072; 
START ; 
START ; 
START ; 
START ; 
START ; 
START ; 
START ;  opcode:load, llfi_index: 1078;  opcode:sext, llfi_index: 1079; 
START ; 
START ; 
START ; 
START ; 
START ; 
START ; 
START ;  opcode:load, llfi_index: 1085;  opcode:sext, llfi_index: 1086; 
START ; 
START ; 
START ; 
START ; 
START ; 
START ;  opcode:load, llfi_index: 1091;  opcode:add, llfi_index: 1092;  opcode:store, llfi_index: 1093; 
START ; 
START ; 
START ;  opcode:br, llfi_index: 1094; 
START ; 
START ; 
START ; 
START ; 
START ; 
START ;  opcode:br, llfi_index: 1100; 
START ;  opcode:br, llfi_index: 1101; 
START ;  opcode:load, llfi_index: 1102;  opcode:add, llfi_index: 1103;  opcode:store, llfi_index: 1104; 
START ; 
START ; 
START ;  opcode:br, llfi_index: 1105; 
START ; 
START ; 
START ; 
START ; 
START ; 
START ;  opcode:call, llfi_index: 1111; 
START ; 
START ; 
START ; 
START ; 
START ; 
START ; 
START ; 
START ; 
START ;  opcode:br, llfi_index: 1120; 
START ; 
START ; 
START ; 
START ;  opcode:call, llfi_index: 1124; 
START ; 
START ; 
START ; 
START ; 
START ; 
START ; 
START ;  opcode:br, llfi_index: 1131; 
START ; 
START ; 
START ; 
START ;  opcode:call, llfi_index: 1135; 
START ; 
START ; 
START ; 
START ; 
START ; 
START ; 
START ; 
START ; 
START ; 
START ; 
START ;  opcode:br, llfi_index: 1146; 
START ;  opcode:call, llfi_index: 1147;  opcode:bitcast, llfi_index: 1148;  opcode:store, llfi_index: 1150; 
START ; 
START ; 
START ; 
START ; 
START ; 
START ; 
START ; 
START ; 
START ; 
START ; 
START ; 
START ; 
START ; 
START ; 
START ; 
START ; 
START ; 
START ; 
START ; 
START ; 
START ; 
START ; 
START ; 
START ; 
START ; 
START ; 
START ; 
START ; 
START ; 
START ; 
START ; 
START ; 
START ; 
START ; 
START ; 
START ; 
START ; 
START ; 
START ; 
START ; 
START ; 
START ; 
START ; 
START ; 
START ; 
START ; 
START ; 
START ; 
START ; 
START ; 
START ; 
START ; 
START ; 
START ; 
START ; 
START ; 
START ; 
START ; 
START ;  opcode:ret, llfi_index: 1206; 
START ;  opcode:call, llfi_index: 1207; 
START ;  opcode:ret, llfi_index: 1208; 
START ;  opcode:call, llfi_index: 1209; 
START ;  opcode:call, llfi_index: 1210; 
START ;  opcode:ret, llfi_index: 1211; 
START ;  opcode:alloca, llfi_index: 1212;  opcode:load, llfi_index: 1330;  opcode:ret, llfi_index: 1331; 
START ;  opcode:alloca, llfi_index: 1213;  opcode:load, llfi_index: 1287;  opcode:getelementptr, llfi_index: 1288;  opcode:load, llfi_index: 1289;  opcode:getelementptr, llfi_index: 1290;  opcode:load, llfi_index: 1291;  opcode:store, llfi_index: 1292;  opcode:load, llfi_index: 1279;  opcode:getelementptr, llfi_index: 1280;  opcode:load, llfi_index: 1281;  opcode:getelementptr, llfi_index: 1282;  opcode:load, llfi_index: 1283;  opcode:store, llfi_index: 1284;  opcode:load, llfi_index: 1271;  opcode:getelementptr, llfi_index: 1272;  opcode:load, llfi_index: 1273;  opcode:getelementptr, llfi_index: 1274;  opcode:load, llfi_index: 1275;  opcode:store, llfi_index: 1276;  opcode:load, llfi_index: 1225;  opcode:getelementptr, llfi_index: 1226;  opcode:load, llfi_index: 1227;  opcode:store, llfi_index: 1228; 
START ;  opcode:alloca, llfi_index: 1214;  opcode:load, llfi_index: 1252;  opcode:icmp, llfi_index: 1253;  opcode:br, llfi_index: 1254;  opcode:load, llfi_index: 1246;  opcode:icmp, llfi_index: 1247;  opcode:br, llfi_index: 1248;  opcode:load, llfi_index: 1240;  opcode:icmp, llfi_index: 1241;  opcode:br, llfi_index: 1242;  opcode:load, llfi_index: 1234;  opcode:icmp, llfi_index: 1235;  opcode:br, llfi_index: 1236;  opcode:load, llfi_index: 1230;  opcode:mul, llfi_index: 1231;  opcode:store, llfi_index: 1232; 
START ;  opcode:alloca, llfi_index: 1215;  opcode:load, llfi_index: 1266;  opcode:icmp, llfi_index: 1267;  opcode:br, llfi_index: 1268;  opcode:load, llfi_index: 1229; 
START ;  opcode:alloca, llfi_index: 1216;  opcode:load, llfi_index: 1300;  opcode:add, llfi_index: 1302;  opcode:add, llfi_index: 1303;  opcode:call, llfi_index: 1315; 
START ;  opcode:alloca, llfi_index: 1217;  opcode:load, llfi_index: 1326;  opcode:call, llfi_index: 1327;  opcode:load, llfi_index: 1299; 
START ;  opcode:alloca, llfi_index: 1218; 
START ;  opcode:alloca, llfi_index: 1219;  opcode:load, llfi_index: 1312;  opcode:getelementptr, llfi_index: 1313;  opcode:load, llfi_index: 1314; 
START ;  opcode:alloca, llfi_index: 1220;  opcode:load, llfi_index: 1306;  opcode:getelementptr, llfi_index: 1307;  opcode:load, llfi_index: 1308;  opcode:add, llfi_index: 1309; 
START ;  opcode:alloca, llfi_index: 1221;  opcode:load, llfi_index: 1296;  opcode:icmp, llfi_index: 1297;  opcode:br, llfi_index: 1298; 
START ;  opcode:alloca, llfi_index: 1222; 
START ;  opcode:store, llfi_index: 1223; 
START ;  opcode:store, llfi_index: 1224; 
START ; 
START ; 
START ; 
START ; 
START ; 
START ; 
START ; 
START ; 
START ;  opcode:store, llfi_index: 1233; 
START ; 
START ; 
START ; 
START ;  opcode:call, llfi_index: 1237;  opcode:store, llfi_index: 1238; 
START ; 
START ;  opcode:br, llfi_index: 1239; 
START ; 
START ; 
START ; 
START ;  opcode:call, llfi_index: 1243;  opcode:store, llfi_index: 1244; 
START ; 
START ;  opcode:br, llfi_index: 1245; 
START ; 
START ; 
START ; 
START ;  opcode:call, llfi_index: 1249;  opcode:store, llfi_index: 1250; 
START ; 
START ;  opcode:br, llfi_index: 1251; 
START ; 
START ; 
START ; 
START ;  opcode:call, llfi_index: 1255;  opcode:store, llfi_index: 1256; 
START ; 
START ;  opcode:br, llfi_index: 1257; 
START ;  opcode:store, llfi_index: 1258; 
START ;  opcode:br, llfi_index: 1259; 
START ;  opcode:br, llfi_index: 1260; 
START ;  opcode:br, llfi_index: 1261; 
START ;  opcode:br, llfi_index: 1262; 
START ;  opcode:store, llfi_index: 1263; 
START ;  opcode:br, llfi_index: 1264; 
START ;  opcode:load, llfi_index: 1265; 
START ; 
START ; 
START ; 
START ;  opcode:load, llfi_index: 1269;  opcode:sext, llfi_index: 1270; 
START ; 
START ; 
START ; 
START ; 
START ; 
START ; 
START ; 
START ;  opcode:load, llfi_index: 1277;  opcode:sext, llfi_index: 1278; 
START ; 
START ; 
START ; 
START ; 
START ; 
START ; 
START ; 
START ;  opcode:load, llfi_index: 1285;  opcode:sext, llfi_index: 1286; 
START ; 
START ; 
START ; 
START ; 
START ; 
START ; 
START ; 
START ;  opcode:store, llfi_index: 1293; 
START ;  opcode:br, llfi_index: 1294; 
START ;  opcode:load, llfi_index: 1295; 
START ; 
START ; 
START ; 
START ; 
START ; 
START ;  opcode:load, llfi_index: 1301; 
START ; 
START ; 
START ;  opcode:load, llfi_index: 1304;  opcode:sext, llfi_index: 1305; 
START ; 
START ; 
START ; 
START ; 
START ; 
START ;  opcode:load, llfi_index: 1310;  opcode:sext, llfi_index: 1311; 
START ; 
START ; 
START ; 
START ; 
START ; 
START ;  opcode:br, llfi_index: 1316; 
START ;  opcode:load, llfi_index: 1317;  opcode:add, llfi_index: 1318;  opcode:store, llfi_index: 1319; 
START ; 
START ; 
START ;  opcode:br, llfi_index: 1320; 
START ;  opcode:br, llfi_index: 1321; 
START ;  opcode:load, llfi_index: 1322;  opcode:add, llfi_index: 1323;  opcode:store, llfi_index: 1324; 
START ; 
START ; 
START ;  opcode:br, llfi_index: 1325; 
START ; 
START ; 
START ;  opcode:store, llfi_index: 1328; 
START ;  opcode:br, llfi_index: 1329; 
START ; 
START ; 
START ;  opcode:alloca, llfi_index: 1332;  opcode:load, llfi_index: 1578;  opcode:call, llfi_index: 1581;  opcode:load, llfi_index: 1441;  opcode:call, llfi_index: 1444;  opcode:load, llfi_index: 1377;  opcode:getelementptr, llfi_index: 1378;  opcode:load, llfi_index: 1379;  opcode:store, llfi_index: 1380;  opcode:load, llfi_index: 1373;  opcode:getelementptr, llfi_index: 1374;  opcode:load, llfi_index: 1375;  opcode:store, llfi_index: 1376; 
START ;  opcode:alloca, llfi_index: 1333;  opcode:load, llfi_index: 1454;  opcode:call, llfi_index: 1457; 
START ;  opcode:alloca, llfi_index: 1334;  opcode:load, llfi_index: 1611;  opcode:call, llfi_index: 1612;  opcode:load, llfi_index: 1608;  opcode:load, llfi_index: 1430;  opcode:call, llfi_index: 1432;  opcode:load, llfi_index: 1429; 
START ;  opcode:alloca, llfi_index: 1335;  opcode:load, llfi_index: 1564;  opcode:icmp, llfi_index: 1565;  opcode:br, llfi_index: 1566;  opcode:load, llfi_index: 1492;  opcode:icmp, llfi_index: 1493;  opcode:br, llfi_index: 1494;  opcode:load, llfi_index: 1413;  opcode:sdiv, llfi_index: 1414;  opcode:store, llfi_index: 1415; 
START ;  opcode:alloca, llfi_index: 1336;  opcode:load, llfi_index: 1497;  opcode:fcmp, llfi_index: 1498;  opcode:br, llfi_index: 1499; 
START ;  opcode:alloca, llfi_index: 1337;  opcode:load, llfi_index: 1627; 
START ;  opcode:alloca, llfi_index: 1338;  opcode:load, llfi_index: 1571;  opcode:load, llfi_index: 1572;  opcode:call, llfi_index: 1573;  opcode:call, llfi_index: 1574;  opcode:load, llfi_index: 1552;  opcode:load, llfi_index: 1495;  opcode:load, llfi_index: 1496;  opcode:load, llfi_index: 1484;  opcode:load, llfi_index: 1485;  opcode:call, llfi_index: 1486;  opcode:call, llfi_index: 1487;  opcode:load, llfi_index: 1478;  opcode:load, llfi_index: 1408; 
START ;  opcode:alloca, llfi_index: 1339;  opcode:load, llfi_index: 1671;  opcode:getelementptr, llfi_index: 1672;  opcode:load, llfi_index: 1647;  opcode:getelementptr, llfi_index: 1648;  opcode:load, llfi_index: 1643;  opcode:getelementptr, llfi_index: 1644;  opcode:load, llfi_index: 1639;  opcode:getelementptr, llfi_index: 1640;  opcode:load, llfi_index: 1635;  opcode:getelementptr, llfi_index: 1636; 
START ;  opcode:alloca, llfi_index: 1340;  opcode:load, llfi_index: 1669;  opcode:fsub, llfi_index: 1670;  opcode:store, llfi_index: 1673; 
START ;  opcode:alloca, llfi_index: 1341;  opcode:load, llfi_index: 1621;  opcode:fsub, llfi_index: 1622;  opcode:fadd, llfi_index: 1624;  opcode:store, llfi_index: 1625; 
START ;  opcode:alloca, llfi_index: 1342;  opcode:load, llfi_index: 1634;  opcode:store, llfi_index: 1637; 
START ;  opcode:alloca, llfi_index: 1343;  opcode:load, llfi_index: 1638;  opcode:store, llfi_index: 1641; 
START ;  opcode:alloca, llfi_index: 1344;  opcode:load, llfi_index: 1642;  opcode:store, llfi_index: 1645; 
START ;  opcode:alloca, llfi_index: 1345;  opcode:load, llfi_index: 1646;  opcode:store, llfi_index: 1649;  opcode:call, llfi_index: 1594;  opcode:call, llfi_index: 1524;  opcode:call, llfi_index: 1469; 
START ;  opcode:alloca, llfi_index: 1346;  opcode:load, llfi_index: 1613;  opcode:call, llfi_index: 1619;  opcode:load, llfi_index: 1607;  opcode:load, llfi_index: 1591;  opcode:load, llfi_index: 1537;  opcode:call, llfi_index: 1542;  opcode:load, llfi_index: 1521;  opcode:load, llfi_index: 1505;  opcode:call, llfi_index: 1509;  opcode:load, llfi_index: 1466;  opcode:load, llfi_index: 1453;  opcode:load, llfi_index: 1428;  opcode:load, llfi_index: 1399;  opcode:sext, llfi_index: 1400;  opcode:call, llfi_index: 1401;  opcode:extractvalue, llfi_index: 1403;  opcode:select, llfi_index: 1404;  opcode:call, llfi_index: 1405;  opcode:bitcast, llfi_index: 1406;  opcode:store, llfi_index: 1407;  opcode:extractvalue, llfi_index: 1402;  opcode:load, llfi_index: 1381;  opcode:sext, llfi_index: 1382;  opcode:call, llfi_index: 1383;  opcode:extractvalue, llfi_index: 1385;  opcode:select, llfi_index: 1386;  opcode:call, llfi_index: 1387;  opcode:bitcast, llfi_index: 1388;  opcode:store, llfi_index: 1389;  opcode:extractvalue, llfi_index: 1384; 
START ;  opcode:alloca, llfi_index: 1347;  opcode:load, llfi_index: 1390;  opcode:sext, llfi_index: 1391;  opcode:call, llfi_index: 1392;  opcode:extractvalue, llfi_index: 1394;  opcode:select, llfi_index: 1395;  opcode:call, llfi_index: 1396;  opcode:bitcast, llfi_index: 1397;  opcode:store, llfi_index: 1398;  opcode:extractvalue, llfi_index: 1393; 
START ;  opcode:alloca, llfi_index: 1348;  opcode:load, llfi_index: 1662;  opcode:bitcast, llfi_index: 1665;  opcode:call, llfi_index: 1666;  opcode:icmp, llfi_index: 1663;  opcode:br, llfi_index: 1664;  opcode:load, llfi_index: 1618;  opcode:load, llfi_index: 1614;  opcode:load, llfi_index: 1538;  opcode:load, llfi_index: 1523;  opcode:load, llfi_index: 1522;  opcode:load, llfi_index: 1507;  opcode:load, llfi_index: 1506;  opcode:load, llfi_index: 1468;  opcode:load, llfi_index: 1467;  opcode:load, llfi_index: 1456; 
START ;  opcode:alloca, llfi_index: 1349;  opcode:load, llfi_index: 1650;  opcode:bitcast, llfi_index: 1653;  opcode:call, llfi_index: 1654;  opcode:icmp, llfi_index: 1651;  opcode:br, llfi_index: 1652;  opcode:load, llfi_index: 1610;  opcode:load, llfi_index: 1592;  opcode:load, llfi_index: 1579;  opcode:load, llfi_index: 1541;  opcode:load, llfi_index: 1540;  opcode:load, llfi_index: 1508;  opcode:load, llfi_index: 1442;  opcode:load, llfi_index: 1431; 
START ;  opcode:alloca, llfi_index: 1350;  opcode:load, llfi_index: 1656;  opcode:bitcast, llfi_index: 1659;  opcode:call, llfi_index: 1660;  opcode:icmp, llfi_index: 1657;  opcode:br, llfi_index: 1658;  opcode:load, llfi_index: 1617;  opcode:load, llfi_index: 1593;  opcode:load, llfi_index: 1580;  opcode:load, llfi_index: 1455;  opcode:load, llfi_index: 1443; 
START ;  opcode:alloca, llfi_index: 1351;  opcode:load, llfi_index: 1601;  opcode:fdiv, llfi_index: 1603;  opcode:store, llfi_index: 1604;  opcode:load, llfi_index: 1550;  opcode:call, llfi_index: 1551;  opcode:store, llfi_index: 1553;  opcode:load, llfi_index: 1531;  opcode:fdiv, llfi_index: 1533;  opcode:store, llfi_index: 1534; 
START ;  opcode:alloca, llfi_index: 1352;  opcode:load, llfi_index: 1532; 
START ;  opcode:alloca, llfi_index: 1353;  opcode:load, llfi_index: 1554;  opcode:icmp, llfi_index: 1555;  opcode:br, llfi_index: 1556;  opcode:load, llfi_index: 1480;  opcode:icmp, llfi_index: 1481;  opcode:br, llfi_index: 1482; 
START ;  opcode:alloca, llfi_index: 1354;  opcode:load, llfi_index: 1558;  opcode:srem, llfi_index: 1559;  opcode:icmp, llfi_index: 1560;  opcode:br, llfi_index: 1561; 
START ;  opcode:alloca, llfi_index: 1355; 
START ;  opcode:alloca, llfi_index: 1356;  opcode:load, llfi_index: 1539; 
START ;  opcode:alloca, llfi_index: 1357;  opcode:load, llfi_index: 1615;  opcode:fsub, llfi_index: 1616;  opcode:load, llfi_index: 1609; 
START ;  opcode:store, llfi_index: 1358; 
START ;  opcode:store, llfi_index: 1359; 
START ;  opcode:store, llfi_index: 1360; 
START ;  opcode:store, llfi_index: 1361; 
START ;  opcode:store, llfi_index: 1362; 
START ;  opcode:store, llfi_index: 1363; 
START ;  opcode:store, llfi_index: 1364; 
START ;  opcode:store, llfi_index: 1365; 
START ;  opcode:call, llfi_index: 1366;  opcode:store, llfi_index: 1367; 
START ; 
START ;  opcode:store, llfi_index: 1368; 
START ;  opcode:store, llfi_index: 1369; 
START ;  opcode:store, llfi_index: 1370; 
START ;  opcode:store, llfi_index: 1371; 
START ;  opcode:store, llfi_index: 1372; 
START ; 
START ; 
START ; 
START ; 
START ; 
START ; 
START ; 
START ; 
START ; 
START ; 
START ; 
START ; 
START ; 
START ; 
START ; 
START ; 
START ; 
START ; 
START ; 
START ; 
START ; 
START ; 
START ; 
START ; 
START ; 
START ; 
START ; 
START ; 
START ; 
START ; 
START ; 
START ; 
START ; 
START ; 
START ; 
START ; 
START ;  opcode:store, llfi_index: 1409; 
START ;  opcode:store, llfi_index: 1410; 
START ;  opcode:store, llfi_index: 1411; 
START ;  opcode:store, llfi_index: 1412; 
START ; 
START ; 
START ; 
START ;  opcode:load, llfi_index: 1416;  opcode:icmp, llfi_index: 1417;  opcode:br, llfi_index: 1418; 
START ; 
START ; 
START ;  opcode:store, llfi_index: 1419; 
START ;  opcode:br, llfi_index: 1420; 
START ;  opcode:load, llfi_index: 1421;  opcode:icmp, llfi_index: 1422;  opcode:br, llfi_index: 1423; 
START ; 
START ; 
START ;  opcode:store, llfi_index: 1424; 
START ;  opcode:br, llfi_index: 1425; 
START ;  opcode:call, llfi_index: 1426;  opcode:store, llfi_index: 1427; 
START ; 
START ; 
START ; 
START ; 
START ; 
START ; 
START ;  opcode:call, llfi_index: 1433;  opcode:fsub, llfi_index: 1435;  opcode:fadd, llfi_index: 1437;  opcode:store, llfi_index: 1438; 
START ;  opcode:load, llfi_index: 1434; 
START ; 
START ;  opcode:load, llfi_index: 1436; 
START ; 
START ; 
START ;  opcode:call, llfi_index: 1439;  opcode:store, llfi_index: 1440; 
START ; 
START ; 
START ; 
START ; 
START ; 
START ;  opcode:call, llfi_index: 1445;  opcode:fsub, llfi_index: 1447;  opcode:fadd, llfi_index: 1449;  opcode:store, llfi_index: 1450; 
START ;  opcode:load, llfi_index: 1446; 
START ; 
START ;  opcode:load, llfi_index: 1448; 
START ; 
START ; 
START ;  opcode:call, llfi_index: 1451;  opcode:store, llfi_index: 1452; 
START ; 
START ; 
START ; 
START ; 
START ; 
START ; 
START ;  opcode:call, llfi_index: 1458;  opcode:fsub, llfi_index: 1460;  opcode:fadd, llfi_index: 1462;  opcode:store, llfi_index: 1463; 
START ;  opcode:load, llfi_index: 1459; 
START ; 
START ;  opcode:load, llfi_index: 1461; 
START ; 
START ; 
START ;  opcode:call, llfi_index: 1464;  opcode:store, llfi_index: 1465; 
START ; 
START ; 
START ; 
START ; 
START ; 
START ;  opcode:call, llfi_index: 1470;  opcode:fsub, llfi_index: 1472;  opcode:fadd, llfi_index: 1474;  opcode:store, llfi_index: 1475; 
START ;  opcode:load, llfi_index: 1471; 
START ; 
START ;  opcode:load, llfi_index: 1473; 
START ; 
START ; 
START ;  opcode:load, llfi_index: 1476;  opcode:call, llfi_index: 1477;  opcode:store, llfi_index: 1479; 
START ; 
START ; 
START ; 
START ; 
START ; 
START ; 
START ;  opcode:call, llfi_index: 1483; 
START ; 
START ; 
START ; 
START ; 
START ;  opcode:br, llfi_index: 1488; 
START ;  opcode:store, llfi_index: 1489; 
START ;  opcode:br, llfi_index: 1490; 
START ;  opcode:load, llfi_index: 1491; 
START ; 
START ; 
START ; 
START ; 
START ; 
START ; 
START ; 
START ; 
START ;  opcode:load, llfi_index: 1500;  opcode:icmp, llfi_index: 1501;  opcode:br, llfi_index: 1502; 
START ; 
START ; 
START ;  opcode:call, llfi_index: 1503;  opcode:store, llfi_index: 1504; 
START ; 
START ; 
START ; 
START ; 
START ; 
START ; 
START ;  opcode:call, llfi_index: 1510;  opcode:fsub, llfi_index: 1512;  opcode:fadd, llfi_index: 1514;  opcode:store, llfi_index: 1515; 
START ;  opcode:load, llfi_index: 1511; 
START ; 
START ;  opcode:load, llfi_index: 1513; 
START ; 
START ; 
START ;  opcode:br, llfi_index: 1516; 
START ;  opcode:load, llfi_index: 1517;  opcode:store, llfi_index: 1518; 
START ; 
START ;  opcode:call, llfi_index: 1519;  opcode:store, llfi_index: 1520; 
START ; 
START ; 
START ; 
START ; 
START ; 
START ;  opcode:call, llfi_index: 1525;  opcode:fsub, llfi_index: 1527;  opcode:fadd, llfi_index: 1529;  opcode:store, llfi_index: 1530; 
START ;  opcode:load, llfi_index: 1526; 
START ; 
START ;  opcode:load, llfi_index: 1528; 
START ; 
START ; 
START ; 
START ; 
START ; 
START ; 
START ;  opcode:call, llfi_index: 1535;  opcode:store, llfi_index: 1536; 
START ; 
START ; 
START ; 
START ; 
START ; 
START ; 
START ; 
START ;  opcode:call, llfi_index: 1543;  opcode:fsub, llfi_index: 1545;  opcode:fadd, llfi_index: 1547;  opcode:store, llfi_index: 1548; 
START ;  opcode:load, llfi_index: 1544; 
START ; 
START ;  opcode:load, llfi_index: 1546; 
START ; 
START ; 
START ;  opcode:br, llfi_index: 1549; 
START ; 
START ; 
START ; 
START ; 
START ; 
START ; 
START ; 
START ;  opcode:load, llfi_index: 1557; 
START ; 
START ; 
START ; 
START ; 
START ;  opcode:load, llfi_index: 1562;  opcode:add, llfi_index: 1563; 
START ; 
START ; 
START ; 
START ; 
START ;  opcode:call, llfi_index: 1567;  opcode:call, llfi_index: 1569;  opcode:call, llfi_index: 1570; 
START ;  opcode:load, llfi_index: 1568; 
START ; 
START ; 
START ; 
START ; 
START ; 
START ; 
START ;  opcode:br, llfi_index: 1575; 
START ;  opcode:call, llfi_index: 1576;  opcode:store, llfi_index: 1577; 
START ; 
START ; 
START ; 
START ; 
START ; 
START ;  opcode:call, llfi_index: 1582;  opcode:fsub, llfi_index: 1584;  opcode:fadd, llfi_index: 1586;  opcode:store, llfi_index: 1587; 
START ;  opcode:load, llfi_index: 1583; 
START ; 
START ;  opcode:load, llfi_index: 1585; 
START ; 
START ; 
START ;  opcode:store, llfi_index: 1588; 
START ;  opcode:call, llfi_index: 1589;  opcode:store, llfi_index: 1590; 
START ; 
START ; 
START ; 
START ; 
START ; 
START ;  opcode:call, llfi_index: 1595;  opcode:fsub, llfi_index: 1597;  opcode:fadd, llfi_index: 1599;  opcode:store, llfi_index: 1600; 
START ;  opcode:load, llfi_index: 1596; 
START ; 
START ;  opcode:load, llfi_index: 1598; 
START ; 
START ; 
START ; 
START ;  opcode:load, llfi_index: 1602; 
START ; 
START ; 
START ;  opcode:call, llfi_index: 1605;  opcode:store, llfi_index: 1606; 
START ; 
START ; 
START ; 
START ; 
START ; 
START ; 
START ; 
START ; 
START ; 
START ; 
START ; 
START ; 
START ; 
START ; 
START ;  opcode:call, llfi_index: 1620; 
START ; 
START ; 
START ;  opcode:load, llfi_index: 1623; 
START ; 
START ; 
START ;  opcode:load, llfi_index: 1626;  opcode:store, llfi_index: 1628; 
START ; 
START ; 
START ;  opcode:br, llfi_index: 1629; 
START ;  opcode:load, llfi_index: 1630;  opcode:add, llfi_index: 1631;  opcode:store, llfi_index: 1632; 
START ; 
START ; 
START ;  opcode:br, llfi_index: 1633; 
START ; 
START ; 
START ; 
START ; 
START ; 
START ; 
START ; 
START ; 
START ; 
START ; 
START ; 
START ; 
START ; 
START ; 
START ; 
START ; 
START ; 
START ; 
START ; 
START ; 
START ; 
START ;  opcode:br, llfi_index: 1655; 
START ; 
START ; 
START ; 
START ; 
START ; 
START ;  opcode:br, llfi_index: 1661; 
START ; 
START ; 
START ; 
START ; 
START ; 
START ;  opcode:br, llfi_index: 1667; 
START ;  opcode:call, llfi_index: 1668; 
START ; 
START ; 
START ; 
START ; 
START ; 
START ;  opcode:ret, llfi_index: 1674; 
START ;  opcode:call, llfi_index: 1675; 
START ;  opcode:ret, llfi_index: 1676; 
START ;  opcode:call, llfi_index: 1677; 
START ;  opcode:call, llfi_index: 1678; 
START ;  opcode:ret, llfi_index: 1679; 
START ;  opcode:alloca, llfi_index: 1680;  opcode:getelementptr, llfi_index: 1686;  opcode:getelementptr, llfi_index: 1687;  opcode:load, llfi_index: 1688;  opcode:sitofp, llfi_index: 1689;  opcode:fdiv, llfi_index: 1690;  opcode:fadd, llfi_index: 1691;  opcode:ret, llfi_index: 1692;  opcode:getelementptr, llfi_index: 1682;  opcode:getelementptr, llfi_index: 1683;  opcode:load, llfi_index: 1684;  opcode:sitofp, llfi_index: 1685;  opcode:call, llfi_index: 1681; 
START ; 
START ; 
START ; 
START ; 
START ; 
START ; 
START ; 
START ; 
START ; 
START ; 
START ; 
START ; 
START ;  opcode:alloca, llfi_index: 1693;  opcode:load, llfi_index: 1777;  opcode:icmp, llfi_index: 1778;  opcode:br, llfi_index: 1779;  opcode:load, llfi_index: 1747;  opcode:icmp, llfi_index: 1748;  opcode:br, llfi_index: 1749;  opcode:load, llfi_index: 1714;  opcode:icmp, llfi_index: 1715;  opcode:br, llfi_index: 1716; 
START ;  opcode:alloca, llfi_index: 1694;  opcode:load, llfi_index: 1780;  opcode:fmul, llfi_index: 1786;  opcode:fadd, llfi_index: 1794;  opcode:store, llfi_index: 1799;  opcode:load, llfi_index: 1750;  opcode:fmul, llfi_index: 1756;  opcode:fadd, llfi_index: 1762;  opcode:store, llfi_index: 1767;  opcode:load, llfi_index: 1708;  opcode:fcmp, llfi_index: 1709;  opcode:br, llfi_index: 1710; 
START ;  opcode:alloca, llfi_index: 1695;  opcode:load, llfi_index: 1783;  opcode:getelementptr, llfi_index: 1784;  opcode:load, llfi_index: 1785;  opcode:load, llfi_index: 1753;  opcode:getelementptr, llfi_index: 1754;  opcode:load, llfi_index: 1755;  opcode:load, llfi_index: 1719;  opcode:getelementptr, llfi_index: 1720;  opcode:load, llfi_index: 1721;  opcode:fadd, llfi_index: 1729;  opcode:store, llfi_index: 1734; 
START ;  opcode:alloca, llfi_index: 1696;  opcode:load, llfi_index: 1787;  opcode:fmul, llfi_index: 1793;  opcode:load, llfi_index: 1741;  opcode:fcmp, llfi_index: 1742;  opcode:br, llfi_index: 1743;  opcode:load, llfi_index: 1722;  opcode:fmul, llfi_index: 1728; 
START ;  opcode:alloca, llfi_index: 1697;  opcode:load, llfi_index: 1790;  opcode:getelementptr, llfi_index: 1791;  opcode:load, llfi_index: 1792;  opcode:load, llfi_index: 1759;  opcode:getelementptr, llfi_index: 1760;  opcode:load, llfi_index: 1761;  opcode:load, llfi_index: 1725;  opcode:getelementptr, llfi_index: 1726;  opcode:load, llfi_index: 1727; 
START ;  opcode:alloca, llfi_index: 1698;  opcode:load, llfi_index: 1797;  opcode:getelementptr, llfi_index: 1798;  opcode:load, llfi_index: 1765;  opcode:getelementptr, llfi_index: 1766;  opcode:load, llfi_index: 1732;  opcode:getelementptr, llfi_index: 1733; 
START ;  opcode:alloca, llfi_index: 1699; 
START ;  opcode:alloca, llfi_index: 1700; 
START ;  opcode:alloca, llfi_index: 1701; 
START ;  opcode:store, llfi_index: 1702; 
START ;  opcode:store, llfi_index: 1703; 
START ;  opcode:store, llfi_index: 1704; 
START ;  opcode:store, llfi_index: 1705; 
START ;  opcode:store, llfi_index: 1706; 
START ;  opcode:store, llfi_index: 1707; 
START ; 
START ; 
START ; 
START ;  opcode:store, llfi_index: 1711; 
START ;  opcode:br, llfi_index: 1712; 
START ;  opcode:load, llfi_index: 1713; 
START ; 
START ; 
START ; 
START ;  opcode:load, llfi_index: 1717;  opcode:sext, llfi_index: 1718; 
START ; 
START ; 
START ; 
START ; 
START ; 
START ;  opcode:load, llfi_index: 1723;  opcode:sext, llfi_index: 1724; 
START ; 
START ; 
START ; 
START ; 
START ; 
START ; 
START ;  opcode:load, llfi_index: 1730;  opcode:sext, llfi_index: 1731; 
START ; 
START ; 
START ; 
START ; 
START ;  opcode:br, llfi_index: 1735; 
START ;  opcode:load, llfi_index: 1736;  opcode:add, llfi_index: 1737;  opcode:store, llfi_index: 1738; 
START ; 
START ; 
START ;  opcode:br, llfi_index: 1739; 
START ;  opcode:br, llfi_index: 1740; 
START ; 
START ; 
START ; 
START ;  opcode:store, llfi_index: 1744; 
START ;  opcode:br, llfi_index: 1745; 
START ;  opcode:load, llfi_index: 1746; 
START ; 
START ; 
START ; 
START ; 
START ;  opcode:load, llfi_index: 1751;  opcode:sext, llfi_index: 1752; 
START ; 
START ; 
START ; 
START ; 
START ; 
START ;  opcode:load, llfi_index: 1757;  opcode:sext, llfi_index: 1758; 
START ; 
START ; 
START ; 
START ; 
START ; 
START ;  opcode:load, llfi_index: 1763;  opcode:sext, llfi_index: 1764; 
START ; 
START ; 
START ; 
START ; 
START ;  opcode:br, llfi_index: 1768; 
START ;  opcode:load, llfi_index: 1769;  opcode:add, llfi_index: 1770;  opcode:store, llfi_index: 1771; 
START ; 
START ; 
START ;  opcode:br, llfi_index: 1772; 
START ;  opcode:br, llfi_index: 1773; 
START ;  opcode:store, llfi_index: 1774; 
START ;  opcode:br, llfi_index: 1775; 
START ;  opcode:load, llfi_index: 1776; 
START ; 
START ; 
START ; 
START ; 
START ;  opcode:load, llfi_index: 1781;  opcode:sext, llfi_index: 1782; 
START ; 
START ; 
START ; 
START ; 
START ; 
START ; 
START ;  opcode:load, llfi_index: 1788;  opcode:sext, llfi_index: 1789; 
START ; 
START ; 
START ; 
START ; 
START ; 
START ; 
START ;  opcode:load, llfi_index: 1795;  opcode:sext, llfi_index: 1796; 
START ; 
START ; 
START ; 
START ; 
START ;  opcode:br, llfi_index: 1800; 
START ;  opcode:load, llfi_index: 1801;  opcode:add, llfi_index: 1802;  opcode:store, llfi_index: 1803; 
START ; 
START ; 
START ;  opcode:br, llfi_index: 1804; 
START ;  opcode:br, llfi_index: 1805; 
START ;  opcode:br, llfi_index: 1806; 
START ;  opcode:ret, llfi_index: 1807; 
START ;  opcode:alloca, llfi_index: 1808;  opcode:load, llfi_index: 1850;  opcode:getelementptr, llfi_index: 1851;  opcode:load, llfi_index: 1852;  opcode:getelementptr, llfi_index: 1853;  opcode:load, llfi_index: 1854;  opcode:store, llfi_index: 1855;  opcode:load, llfi_index: 1842;  opcode:getelementptr, llfi_index: 1843;  opcode:load, llfi_index: 1844;  opcode:getelementptr, llfi_index: 1845;  opcode:load, llfi_index: 1846;  opcode:store, llfi_index: 1847;  opcode:load, llfi_index: 1834;  opcode:getelementptr, llfi_index: 1835;  opcode:load, llfi_index: 1836;  opcode:getelementptr, llfi_index: 1837;  opcode:load, llfi_index: 1838;  opcode:store, llfi_index: 1839;  opcode:load, llfi_index: 1821;  opcode:getelementptr, llfi_index: 1822;  opcode:load, llfi_index: 1823;  opcode:store, llfi_index: 1824; 
START ;  opcode:alloca, llfi_index: 1809;  opcode:load, llfi_index: 1873;  opcode:getelementptr, llfi_index: 1874;  opcode:load, llfi_index: 1875;  opcode:fmul, llfi_index: 1876;  opcode:fadd, llfi_index: 1878;  opcode:store, llfi_index: 1879; 
START ;  opcode:alloca, llfi_index: 1810;  opcode:load, llfi_index: 1888;  opcode:getelementptr, llfi_index: 1889; 
START ;  opcode:alloca, llfi_index: 1811;  opcode:load, llfi_index: 1828;  opcode:icmp, llfi_index: 1829;  opcode:br, llfi_index: 1830; 
START ;  opcode:alloca, llfi_index: 1812; 
START ;  opcode:alloca, llfi_index: 1813;  opcode:load, llfi_index: 1885;  opcode:store, llfi_index: 1890; 
START ;  opcode:alloca, llfi_index: 1814;  opcode:load, llfi_index: 1864;  opcode:getelementptr, llfi_index: 1865;  opcode:load, llfi_index: 1866; 
START ;  opcode:alloca, llfi_index: 1815;  opcode:load, llfi_index: 1869;  opcode:getelementptr, llfi_index: 1870;  opcode:load, llfi_index: 1871;  opcode:sext, llfi_index: 1872; 
START ;  opcode:alloca, llfi_index: 1816;  opcode:load, llfi_index: 1859;  opcode:icmp, llfi_index: 1860;  opcode:br, llfi_index: 1861; 
START ;  opcode:alloca, llfi_index: 1817; 
START ;  opcode:store, llfi_index: 1818; 
START ;  opcode:store, llfi_index: 1819; 
START ;  opcode:store, llfi_index: 1820; 
START ; 
START ; 
START ; 
START ; 
START ;  opcode:store, llfi_index: 1825; 
START ;  opcode:br, llfi_index: 1826; 
START ;  opcode:load, llfi_index: 1827; 
START ; 
START ; 
START ; 
START ;  opcode:store, llfi_index: 1831; 
START ;  opcode:load, llfi_index: 1832;  opcode:sext, llfi_index: 1833; 
START ; 
START ; 
START ; 
START ; 
START ; 
START ; 
START ; 
START ;  opcode:load, llfi_index: 1840;  opcode:sext, llfi_index: 1841; 
START ; 
START ; 
START ; 
START ; 
START ; 
START ; 
START ; 
START ;  opcode:load, llfi_index: 1848;  opcode:sext, llfi_index: 1849; 
START ; 
START ; 
START ; 
START ; 
START ; 
START ; 
START ; 
START ;  opcode:store, llfi_index: 1856; 
START ;  opcode:br, llfi_index: 1857; 
START ;  opcode:load, llfi_index: 1858; 
START ; 
START ; 
START ; 
START ;  opcode:load, llfi_index: 1862;  opcode:sext, llfi_index: 1863; 
START ; 
START ; 
START ; 
START ; 
START ;  opcode:load, llfi_index: 1867;  opcode:sext, llfi_index: 1868; 
START ; 
START ; 
START ; 
START ; 
START ; 
START ; 
START ; 
START ; 
START ; 
START ;  opcode:load, llfi_index: 1877; 
START ; 
START ; 
START ;  opcode:br, llfi_index: 1880; 
START ;  opcode:load, llfi_index: 1881;  opcode:add, llfi_index: 1882;  opcode:store, llfi_index: 1883; 
START ; 
START ; 
START ;  opcode:br, llfi_index: 1884; 
START ; 
START ;  opcode:load, llfi_index: 1886;  opcode:sext, llfi_index: 1887; 
START ; 
START ; 
START ; 
START ; 
START ;  opcode:br, llfi_index: 1891; 
START ;  opcode:load, llfi_index: 1892;  opcode:add, llfi_index: 1893;  opcode:store, llfi_index: 1894; 
START ; 
START ; 
START ;  opcode:br, llfi_index: 1895; 
START ;  opcode:ret, llfi_index: 1896; 
START ;  opcode:call, llfi_index: 1897; 
START ;  opcode:ret, llfi_index: 1898; 
START ;  opcode:call, llfi_index: 1899; 
START ;  opcode:call, llfi_index: 1900; 
START ;  opcode:ret, llfi_index: 1901; 
START ;  opcode:alloca, llfi_index: 1902;  opcode:load, llfi_index: 1949;  opcode:icmp, llfi_index: 1950;  opcode:br, llfi_index: 1951;  opcode:load, llfi_index: 1923;  opcode:icmp, llfi_index: 1924;  opcode:br, llfi_index: 1925; 
START ;  opcode:alloca, llfi_index: 1903;  opcode:load, llfi_index: 1954;  opcode:getelementptr, llfi_index: 1955;  opcode:load, llfi_index: 1956;  opcode:fmul, llfi_index: 1962;  opcode:fadd, llfi_index: 1964;  opcode:store, llfi_index: 1965;  opcode:load, llfi_index: 1933;  opcode:getelementptr, llfi_index: 1934;  opcode:load, llfi_index: 1935;  opcode:fmul, llfi_index: 1936;  opcode:fadd, llfi_index: 1938;  opcode:store, llfi_index: 1939;  opcode:load, llfi_index: 1928;  opcode:getelementptr, llfi_index: 1929;  opcode:load, llfi_index: 1930;  opcode:load, llfi_index: 1917;  opcode:icmp, llfi_index: 1918;  opcode:br, llfi_index: 1919; 
START ;  opcode:alloca, llfi_index: 1904;  opcode:load, llfi_index: 1959;  opcode:getelementptr, llfi_index: 1960;  opcode:load, llfi_index: 1961;  opcode:load, llfi_index: 1916; 
START ;  opcode:alloca, llfi_index: 1905;  opcode:load, llfi_index: 1973; 
START ;  opcode:alloca, llfi_index: 1906; 
START ;  opcode:alloca, llfi_index: 1907;  opcode:load, llfi_index: 1972;  opcode:store, llfi_index: 1974; 
START ;  opcode:alloca, llfi_index: 1908; 
START ;  opcode:alloca, llfi_index: 1909; 
START ;  opcode:store, llfi_index: 1910; 
START ;  opcode:store, llfi_index: 1911; 
START ;  opcode:store, llfi_index: 1912; 
START ;  opcode:store, llfi_index: 1913; 
START ;  opcode:store, llfi_index: 1914; 
START ;  opcode:store, llfi_index: 1915; 
START ; 
START ; 
START ; 
START ; 
START ;  opcode:store, llfi_index: 1920; 
START ;  opcode:br, llfi_index: 1921; 
START ;  opcode:load, llfi_index: 1922; 
START ; 
START ; 
START ; 
START ;  opcode:load, llfi_index: 1926;  opcode:sext, llfi_index: 1927; 
START ; 
START ; 
START ; 
START ; 
START ;  opcode:load, llfi_index: 1931;  opcode:sext, llfi_index: 1932; 
START ; 
START ; 
START ; 
START ; 
START ; 
START ;  opcode:load, llfi_index: 1937; 
START ; 
START ; 
START ;  opcode:br, llfi_index: 1940; 
START ;  opcode:load, llfi_index: 1941;  opcode:add, llfi_index: 1942;  opcode:store, llfi_index: 1943; 
START ; 
START ; 
START ;  opcode:br, llfi_index: 1944; 
START ;  opcode:br, llfi_index: 1945; 
START ;  opcode:store, llfi_index: 1946; 
START ;  opcode:br, llfi_index: 1947; 
START ;  opcode:load, llfi_index: 1948; 
START ; 
START ; 
START ; 
START ;  opcode:load, llfi_index: 1952;  opcode:sext, llfi_index: 1953; 
START ; 
START ; 
START ; 
START ; 
START ;  opcode:load, llfi_index: 1957;  opcode:sext, llfi_index: 1958; 
START ; 
START ; 
START ; 
START ; 
START ; 
START ;  opcode:load, llfi_index: 1963; 
START ; 
START ; 
START ;  opcode:br, llfi_index: 1966; 
START ;  opcode:load, llfi_index: 1967;  opcode:add, llfi_index: 1968;  opcode:store, llfi_index: 1969; 
START ; 
START ; 
START ;  opcode:br, llfi_index: 1970; 
START ;  opcode:br, llfi_index: 1971; 
START ; 
START ; 
START ; 
START ;  opcode:ret, llfi_index: 1975; 
