START ;  opcode:alloca, llfi_index: 1;  opcode:load, llfi_index: 11;  opcode:icmp, llfi_index: 12;  opcode:br, llfi_index: 13; 
START ;  opcode:alloca, llfi_index: 2;  opcode:load, llfi_index: 19;  opcode:getelementptr, llfi_index: 20;  opcode:load, llfi_index: 21;  opcode:call, llfi_index: 22;  opcode:store, llfi_index: 23;  opcode:load, llfi_index: 14;  opcode:getelementptr, llfi_index: 15;  opcode:load, llfi_index: 16;  opcode:call, llfi_index: 17;  opcode:store, llfi_index: 18; 
START ;  opcode:alloca, llfi_index: 3; 
START ;  opcode:alloca, llfi_index: 4; 
START ;  opcode:alloca, llfi_index: 5; 
START ;  opcode:alloca, llfi_index: 6; 
START ;  opcode:alloca, llfi_index: 7; 
START ;  opcode:alloca, llfi_index: 8; 
START ;  opcode:store, llfi_index: 9; 
START ;  opcode:store, llfi_index: 10; 
START ; 
START ; 
START ; 
START ; 
START ; 
START ; 
START ; 
START ; 
START ; 
START ; 
START ; 
START ; 
START ; 
START ;  opcode:br, llfi_index: 24; 
START ;  opcode:call, llfi_index: 25; 
START ;  opcode:call, llfi_index: 26; 
START ;  opcode:unreachable, llfi_index: 27; 
START ;  opcode:load, llfi_index: 28;  opcode:mul, llfi_index: 30;  opcode:sext, llfi_index: 31;  opcode:call, llfi_index: 32;  opcode:extractvalue, llfi_index: 34;  opcode:select, llfi_index: 35;  opcode:call, llfi_index: 36;  opcode:bitcast, llfi_index: 37;  opcode:store, llfi_index: 38;  opcode:extractvalue, llfi_index: 33; 
START ;  opcode:load, llfi_index: 29; 
START ; 
START ; 
START ; 
START ; 
START ; 
START ; 
START ; 
START ; 
START ; 
START ;  opcode:load, llfi_index: 39;  opcode:sext, llfi_index: 40;  opcode:call, llfi_index: 41;  opcode:extractvalue, llfi_index: 43;  opcode:select, llfi_index: 44;  opcode:call, llfi_index: 45;  opcode:bitcast, llfi_index: 46;  opcode:store, llfi_index: 47;  opcode:extractvalue, llfi_index: 42; 
START ; 
START ; 
START ; 
START ; 
START ; 
START ; 
START ; 
START ; 
START ;  opcode:store, llfi_index: 48; 
START ;  opcode:br, llfi_index: 49; 
START ;  opcode:load, llfi_index: 50;  opcode:icmp, llfi_index: 52;  opcode:br, llfi_index: 53; 
START ;  opcode:load, llfi_index: 51; 
START ; 
START ; 
START ;  opcode:load, llfi_index: 54;  opcode:getelementptr, llfi_index: 59;  opcode:store, llfi_index: 64; 
START ;  opcode:load, llfi_index: 55;  opcode:mul, llfi_index: 57;  opcode:sext, llfi_index: 58; 
START ;  opcode:load, llfi_index: 56; 
START ; 
START ; 
START ; 
START ;  opcode:load, llfi_index: 60;  opcode:sext, llfi_index: 61;  opcode:getelementptr, llfi_index: 63; 
START ; 
START ;  opcode:load, llfi_index: 62; 
START ; 
START ; 
START ;  opcode:br, llfi_index: 65; 
START ;  opcode:load, llfi_index: 66;  opcode:add, llfi_index: 67;  opcode:store, llfi_index: 68; 
START ; 
START ; 
START ;  opcode:br, llfi_index: 69; 
START ;  opcode:load, llfi_index: 70;  opcode:sext, llfi_index: 71;  opcode:call, llfi_index: 72;  opcode:extractvalue, llfi_index: 74;  opcode:select, llfi_index: 75;  opcode:call, llfi_index: 76;  opcode:bitcast, llfi_index: 77;  opcode:store, llfi_index: 78;  opcode:extractvalue, llfi_index: 73; 
START ; 
START ; 
START ; 
START ; 
START ; 
START ; 
START ; 
START ; 
START ;  opcode:store, llfi_index: 79; 
START ;  opcode:br, llfi_index: 80; 
START ;  opcode:load, llfi_index: 81;  opcode:icmp, llfi_index: 83;  opcode:br, llfi_index: 84; 
START ;  opcode:load, llfi_index: 82; 
START ; 
START ; 
START ;  opcode:store, llfi_index: 85; 
START ;  opcode:br, llfi_index: 86; 
START ;  opcode:load, llfi_index: 87;  opcode:icmp, llfi_index: 89;  opcode:br, llfi_index: 90; 
START ;  opcode:load, llfi_index: 88; 
START ; 
START ; 
START ;  opcode:load, llfi_index: 91;  opcode:sext, llfi_index: 92;  opcode:getelementptr, llfi_index: 98; 
START ; 
START ;  opcode:load, llfi_index: 93;  opcode:sext, llfi_index: 94;  opcode:getelementptr, llfi_index: 96;  opcode:load, llfi_index: 97; 
START ; 
START ;  opcode:load, llfi_index: 95; 
START ; 
START ; 
START ; 
START ;  opcode:store, llfi_index: 99; 
START ;  opcode:br, llfi_index: 100; 
START ;  opcode:load, llfi_index: 101;  opcode:add, llfi_index: 102;  opcode:store, llfi_index: 103; 
START ; 
START ; 
START ;  opcode:br, llfi_index: 104; 
START ;  opcode:br, llfi_index: 105; 
START ;  opcode:load, llfi_index: 106;  opcode:add, llfi_index: 107;  opcode:store, llfi_index: 108; 
START ; 
START ; 
START ;  opcode:br, llfi_index: 109; 
START ;  opcode:store, llfi_index: 110; 
START ;  opcode:br, llfi_index: 111; 
START ;  opcode:load, llfi_index: 112;  opcode:icmp, llfi_index: 114;  opcode:br, llfi_index: 115; 
START ;  opcode:load, llfi_index: 113; 
START ; 
START ; 
START ;  opcode:load, llfi_index: 116;  opcode:sext, llfi_index: 117;  opcode:getelementptr, llfi_index: 121;  opcode:load, llfi_index: 122;  opcode:store, llfi_index: 127; 
START ; 
START ;  opcode:load, llfi_index: 118;  opcode:getelementptr, llfi_index: 119;  opcode:load, llfi_index: 120; 
START ; 
START ; 
START ; 
START ; 
START ;  opcode:load, llfi_index: 123;  opcode:sext, llfi_index: 124;  opcode:getelementptr, llfi_index: 126; 
START ; 
START ;  opcode:load, llfi_index: 125; 
START ; 
START ; 
START ;  opcode:br, llfi_index: 128; 
START ;  opcode:load, llfi_index: 129;  opcode:add, llfi_index: 130;  opcode:store, llfi_index: 131; 
START ; 
START ; 
START ;  opcode:br, llfi_index: 132; 
START ;  opcode:store, llfi_index: 133; 
START ;  opcode:br, llfi_index: 134; 
START ;  opcode:load, llfi_index: 135;  opcode:icmp, llfi_index: 137;  opcode:br, llfi_index: 138; 
START ;  opcode:load, llfi_index: 136; 
START ; 
START ; 
START ;  opcode:store, llfi_index: 139; 
START ;  opcode:br, llfi_index: 140; 
START ;  opcode:load, llfi_index: 141;  opcode:icmp, llfi_index: 143;  opcode:br, llfi_index: 144; 
START ;  opcode:load, llfi_index: 142; 
START ; 
START ; 
START ;  opcode:load, llfi_index: 145;  opcode:sext, llfi_index: 146;  opcode:getelementptr, llfi_index: 152;  opcode:load, llfi_index: 153;  opcode:call, llfi_index: 154; 
START ; 
START ;  opcode:load, llfi_index: 147;  opcode:sext, llfi_index: 148;  opcode:getelementptr, llfi_index: 150;  opcode:load, llfi_index: 151; 
START ; 
START ;  opcode:load, llfi_index: 149; 
START ; 
START ; 
START ; 
START ; 
START ; 
START ;  opcode:br, llfi_index: 155; 
START ;  opcode:load, llfi_index: 156;  opcode:add, llfi_index: 157;  opcode:store, llfi_index: 158; 
START ; 
START ; 
START ;  opcode:br, llfi_index: 159; 
START ;  opcode:call, llfi_index: 160; 
START ;  opcode:br, llfi_index: 161; 
START ;  opcode:load, llfi_index: 162;  opcode:add, llfi_index: 163;  opcode:store, llfi_index: 164; 
START ; 
START ; 
START ;  opcode:br, llfi_index: 165; 
START ;  opcode:ret, llfi_index: 166; 
START ;  opcode:alloca, llfi_index: 167;  opcode:load, llfi_index: 170;  opcode:call, llfi_index: 171; 
START ;  opcode:store, llfi_index: 168; 
START ;  opcode:load, llfi_index: 169; 
START ; 
START ; 
START ;  opcode:ret, llfi_index: 172; 
START ;  opcode:alloca, llfi_index: 173; 
START ;  opcode:alloca, llfi_index: 174;  opcode:load, llfi_index: 179;  opcode:call, llfi_index: 181; 
START ;  opcode:alloca, llfi_index: 175;  opcode:load, llfi_index: 180; 
START ;  opcode:store, llfi_index: 176; 
START ;  opcode:store, llfi_index: 177; 
START ;  opcode:store, llfi_index: 178; 
START ; 
START ; 
START ; 
START ;  opcode:ret, llfi_index: 182; 
START ;  opcode:alloca, llfi_index: 183;  opcode:load, llfi_index: 196;  opcode:call, llfi_index: 198; 
START ;  opcode:alloca, llfi_index: 184;  opcode:load, llfi_index: 197; 
START ;  opcode:alloca, llfi_index: 185; 
START ;  opcode:alloca, llfi_index: 186;  opcode:load, llfi_index: 366;  opcode:bitcast, llfi_index: 369;  opcode:call, llfi_index: 370;  opcode:icmp, llfi_index: 367;  opcode:br, llfi_index: 368;  opcode:load, llfi_index: 278;  opcode:getelementptr, llfi_index: 279;  opcode:load, llfi_index: 280;  opcode:phi, llfi_index: 282;  opcode:store, llfi_index: 283;  opcode:load, llfi_index: 268;  opcode:getelementptr, llfi_index: 269;  opcode:load, llfi_index: 270;  opcode:icmp, llfi_index: 271;  opcode:br, llfi_index: 272;  opcode:load, llfi_index: 252;  opcode:getelementptr, llfi_index: 253;  opcode:load, llfi_index: 254;  opcode:phi, llfi_index: 256;  opcode:store, llfi_index: 257;  opcode:load, llfi_index: 242;  opcode:getelementptr, llfi_index: 243;  opcode:load, llfi_index: 244;  opcode:icmp, llfi_index: 245;  opcode:br, llfi_index: 246;  opcode:load, llfi_index: 231;  opcode:getelementptr, llfi_index: 232;  opcode:load, llfi_index: 233;  opcode:store, llfi_index: 234; 
START ;  opcode:alloca, llfi_index: 187;  opcode:load, llfi_index: 360;  opcode:bitcast, llfi_index: 363;  opcode:call, llfi_index: 364;  opcode:icmp, llfi_index: 361;  opcode:br, llfi_index: 362;  opcode:load, llfi_index: 338;  opcode:getelementptr, llfi_index: 339;  opcode:load, llfi_index: 340;  opcode:call, llfi_index: 341;  opcode:load, llfi_index: 299;  opcode:getelementptr, llfi_index: 300; 
START ;  opcode:alloca, llfi_index: 188;  opcode:load, llfi_index: 221;  opcode:store, llfi_index: 222; 
START ;  opcode:alloca, llfi_index: 189;  opcode:load, llfi_index: 295;  opcode:add, llfi_index: 296;  opcode:store, llfi_index: 301; 
START ;  opcode:alloca, llfi_index: 190; 
START ;  opcode:alloca, llfi_index: 191; 
START ;  opcode:alloca, llfi_index: 192; 
START ;  opcode:alloca, llfi_index: 193; 
START ;  opcode:store, llfi_index: 194; 
START ;  opcode:store, llfi_index: 195; 
START ; 
START ; 
START ; 
START ;  opcode:load, llfi_index: 199;  opcode:store, llfi_index: 200; 
START ; 
START ;  opcode:load, llfi_index: 201;  opcode:sext, llfi_index: 202;  opcode:call, llfi_index: 203;  opcode:extractvalue, llfi_index: 205;  opcode:select, llfi_index: 206;  opcode:call, llfi_index: 207;  opcode:bitcast, llfi_index: 208;  opcode:store, llfi_index: 209;  opcode:extractvalue, llfi_index: 204; 
START ; 
START ; 
START ; 
START ; 
START ; 
START ; 
START ; 
START ; 
START ;  opcode:store, llfi_index: 210; 
START ;  opcode:br, llfi_index: 211; 
START ;  opcode:load, llfi_index: 212;  opcode:icmp, llfi_index: 215;  opcode:br, llfi_index: 216; 
START ;  opcode:load, llfi_index: 213;  opcode:sub, llfi_index: 214; 
START ; 
START ; 
START ; 
START ;  opcode:load, llfi_index: 217;  opcode:store, llfi_index: 218; 
START ; 
START ;  opcode:load, llfi_index: 219;  opcode:store, llfi_index: 220; 
START ; 
START ; 
START ; 
START ;  opcode:store, llfi_index: 223; 
START ;  opcode:br, llfi_index: 224; 
START ;  opcode:load, llfi_index: 225;  opcode:icmp, llfi_index: 227;  opcode:br, llfi_index: 228; 
START ;  opcode:load, llfi_index: 226; 
START ; 
START ; 
START ;  opcode:load, llfi_index: 229;  opcode:sext, llfi_index: 230; 
START ; 
START ; 
START ; 
START ; 
START ; 
START ;  opcode:load, llfi_index: 235;  opcode:icmp, llfi_index: 236;  opcode:br, llfi_index: 237; 
START ; 
START ; 
START ;  opcode:load, llfi_index: 238; 
START ;  opcode:load, llfi_index: 239;  opcode:sub, llfi_index: 240;  opcode:sext, llfi_index: 241; 
START ; 
START ; 
START ; 
START ; 
START ; 
START ; 
START ; 
START ;  opcode:load, llfi_index: 247; 
START ;  opcode:br, llfi_index: 248; 
START ;  opcode:load, llfi_index: 249;  opcode:sub, llfi_index: 250;  opcode:sext, llfi_index: 251; 
START ; 
START ; 
START ; 
START ; 
START ; 
START ;  opcode:br, llfi_index: 255; 
START ; 
START ; 
START ;  opcode:br, llfi_index: 258; 
START ;  opcode:load, llfi_index: 259;  opcode:icmp, llfi_index: 262;  opcode:br, llfi_index: 263; 
START ;  opcode:load, llfi_index: 260;  opcode:sub, llfi_index: 261; 
START ; 
START ; 
START ; 
START ;  opcode:load, llfi_index: 264; 
START ;  opcode:load, llfi_index: 265;  opcode:add, llfi_index: 266;  opcode:sext, llfi_index: 267; 
START ; 
START ; 
START ; 
START ; 
START ; 
START ; 
START ; 
START ;  opcode:load, llfi_index: 273; 
START ;  opcode:br, llfi_index: 274; 
START ;  opcode:load, llfi_index: 275;  opcode:add, llfi_index: 276;  opcode:sext, llfi_index: 277; 
START ; 
START ; 
START ; 
START ; 
START ; 
START ;  opcode:br, llfi_index: 281; 
START ; 
START ; 
START ;  opcode:br, llfi_index: 284; 
START ;  opcode:load, llfi_index: 285;  opcode:sext, llfi_index: 286;  opcode:getelementptr, llfi_index: 293;  opcode:load, llfi_index: 294; 
START ; 
START ;  opcode:load, llfi_index: 287;  opcode:add, llfi_index: 288;  opcode:sext, llfi_index: 289;  opcode:getelementptr, llfi_index: 291;  opcode:load, llfi_index: 292; 
START ; 
START ; 
START ;  opcode:load, llfi_index: 290; 
START ; 
START ; 
START ; 
START ; 
START ; 
START ; 
START ;  opcode:load, llfi_index: 297;  opcode:sext, llfi_index: 298; 
START ; 
START ; 
START ; 
START ; 
START ;  opcode:br, llfi_index: 302; 
START ;  opcode:load, llfi_index: 303;  opcode:add, llfi_index: 304;  opcode:store, llfi_index: 305; 
START ; 
START ; 
START ;  opcode:br, llfi_index: 306; 
START ;  opcode:br, llfi_index: 307; 
START ;  opcode:load, llfi_index: 308;  opcode:add, llfi_index: 309;  opcode:store, llfi_index: 310; 
START ; 
START ; 
START ;  opcode:br, llfi_index: 311; 
START ;  opcode:store, llfi_index: 312; 
START ;  opcode:br, llfi_index: 313; 
START ;  opcode:load, llfi_index: 314;  opcode:icmp, llfi_index: 316;  opcode:br, llfi_index: 317; 
START ;  opcode:load, llfi_index: 315; 
START ; 
START ; 
START ;  opcode:load, llfi_index: 318;  opcode:sext, llfi_index: 319;  opcode:getelementptr, llfi_index: 321;  opcode:load, llfi_index: 322;  opcode:call, llfi_index: 323; 
START ; 
START ;  opcode:load, llfi_index: 320; 
START ; 
START ; 
START ; 
START ;  opcode:br, llfi_index: 324; 
START ;  opcode:load, llfi_index: 325;  opcode:add, llfi_index: 326;  opcode:store, llfi_index: 327; 
START ; 
START ; 
START ;  opcode:br, llfi_index: 328; 
START ;  opcode:call, llfi_index: 329; 
START ;  opcode:store, llfi_index: 330; 
START ;  opcode:br, llfi_index: 331; 
START ;  opcode:load, llfi_index: 332;  opcode:icmp, llfi_index: 334;  opcode:br, llfi_index: 335; 
START ;  opcode:load, llfi_index: 333; 
START ; 
START ; 
START ;  opcode:load, llfi_index: 336;  opcode:sext, llfi_index: 337; 
START ; 
START ; 
START ; 
START ; 
START ; 
START ;  opcode:br, llfi_index: 342; 
START ;  opcode:load, llfi_index: 343;  opcode:add, llfi_index: 344;  opcode:store, llfi_index: 345; 
START ; 
START ; 
START ;  opcode:br, llfi_index: 346; 
START ;  opcode:call, llfi_index: 347; 
START ;  opcode:load, llfi_index: 348;  opcode:bitcast, llfi_index: 351;  opcode:call, llfi_index: 352;  opcode:icmp, llfi_index: 349;  opcode:br, llfi_index: 350; 
START ; 
START ; 
START ; 
START ; 
START ;  opcode:br, llfi_index: 353; 
START ;  opcode:load, llfi_index: 354;  opcode:bitcast, llfi_index: 357;  opcode:call, llfi_index: 358;  opcode:icmp, llfi_index: 355;  opcode:br, llfi_index: 356; 
START ; 
START ; 
START ; 
START ; 
START ;  opcode:br, llfi_index: 359; 
START ; 
START ; 
START ; 
START ; 
START ; 
START ;  opcode:br, llfi_index: 365; 
START ; 
START ; 
START ; 
START ; 
START ; 
START ;  opcode:br, llfi_index: 371; 
START ;  opcode:ret, llfi_index: 372; 
