START ;  opcode:alloca, llfi_index: 1;  opcode:getelementptr, llfi_index: 6;  opcode:load, llfi_index: 7;  opcode:add, llfi_index: 8;  opcode:ret, llfi_index: 9;  opcode:getelementptr, llfi_index: 3;  opcode:load, llfi_index: 4;  opcode:mul, llfi_index: 5;  opcode:call, llfi_index: 2; 
START ; 
START ; 
START ; 
START ; 
START ; 
START ; 
START ; 
START ; 
START ;  opcode:alloca, llfi_index: 10;  opcode:load, llfi_index: 38;  opcode:ret, llfi_index: 39; 
START ;  opcode:alloca, llfi_index: 11;  opcode:load, llfi_index: 25;  opcode:store, llfi_index: 26;  opcode:load, llfi_index: 18;  opcode:icmp, llfi_index: 20;  opcode:br, llfi_index: 21; 
START ;  opcode:alloca, llfi_index: 12;  opcode:load, llfi_index: 22;  opcode:store, llfi_index: 23;  opcode:load, llfi_index: 19; 
START ;  opcode:alloca, llfi_index: 13;  opcode:load, llfi_index: 32;  opcode:store, llfi_index: 33;  opcode:load, llfi_index: 29;  opcode:icmp, llfi_index: 30;  opcode:br, llfi_index: 31; 
START ;  opcode:alloca, llfi_index: 14;  opcode:load, llfi_index: 35;  opcode:store, llfi_index: 36;  opcode:load, llfi_index: 28; 
START ;  opcode:store, llfi_index: 15; 
START ;  opcode:store, llfi_index: 16; 
START ;  opcode:store, llfi_index: 17; 
START ; 
START ; 
START ; 
START ; 
START ; 
START ; 
START ;  opcode:br, llfi_index: 24; 
START ; 
START ; 
START ;  opcode:br, llfi_index: 27; 
START ; 
START ; 
START ; 
START ; 
START ; 
START ; 
START ;  opcode:br, llfi_index: 34; 
START ; 
START ; 
START ;  opcode:br, llfi_index: 37; 
START ; 
START ; 
START ;  opcode:alloca, llfi_index: 40;  opcode:getelementptr, llfi_index: 45;  opcode:load, llfi_index: 46;  opcode:sitofp, llfi_index: 47;  opcode:fmul, llfi_index: 48;  opcode:fadd, llfi_index: 49;  opcode:ret, llfi_index: 50;  opcode:getelementptr, llfi_index: 42;  opcode:load, llfi_index: 43;  opcode:sitofp, llfi_index: 44;  opcode:call, llfi_index: 41; 
START ; 
START ; 
START ; 
START ; 
START ; 
START ; 
START ; 
START ; 
START ; 
START ; 
START ;  opcode:alloca, llfi_index: 51; 
START ;  opcode:alloca, llfi_index: 52;  opcode:load, llfi_index: 57;  opcode:call, llfi_index: 59; 
START ;  opcode:alloca, llfi_index: 53;  opcode:load, llfi_index: 58; 
START ;  opcode:store, llfi_index: 54; 
START ;  opcode:store, llfi_index: 55; 
START ;  opcode:store, llfi_index: 56; 
START ; 
START ; 
START ; 
START ;  opcode:ret, llfi_index: 60; 
START ;  opcode:alloca, llfi_index: 61;  opcode:load, llfi_index: 116;  opcode:call, llfi_index: 118;  opcode:load, llfi_index: 92;  opcode:icmp, llfi_index: 93;  opcode:br, llfi_index: 94; 
START ;  opcode:alloca, llfi_index: 62;  opcode:load, llfi_index: 117;  opcode:load, llfi_index: 110;  opcode:getelementptr, llfi_index: 111;  opcode:load, llfi_index: 112;  opcode:call, llfi_index: 113;  opcode:store, llfi_index: 114;  opcode:load, llfi_index: 105;  opcode:getelementptr, llfi_index: 106;  opcode:load, llfi_index: 107;  opcode:call, llfi_index: 108;  opcode:store, llfi_index: 109;  opcode:load, llfi_index: 100;  opcode:getelementptr, llfi_index: 101;  opcode:load, llfi_index: 102;  opcode:call, llfi_index: 103;  opcode:store, llfi_index: 104;  opcode:load, llfi_index: 95;  opcode:getelementptr, llfi_index: 96;  opcode:load, llfi_index: 97;  opcode:call, llfi_index: 98;  opcode:store, llfi_index: 99; 
START ;  opcode:alloca, llfi_index: 63;  opcode:load, llfi_index: 355;  opcode:sub, llfi_index: 356;  opcode:icmp, llfi_index: 357;  opcode:br, llfi_index: 358;  opcode:load, llfi_index: 350;  opcode:sub, llfi_index: 351;  opcode:icmp, llfi_index: 352;  opcode:br, llfi_index: 353;  opcode:load, llfi_index: 340;  opcode:sub, llfi_index: 341;  opcode:store, llfi_index: 342;  opcode:load, llfi_index: 337;  opcode:sub, llfi_index: 338;  opcode:store, llfi_index: 339;  opcode:load, llfi_index: 320;  opcode:call, llfi_index: 323;  opcode:load, llfi_index: 273;  opcode:icmp, llfi_index: 274;  opcode:br, llfi_index: 275;  opcode:load, llfi_index: 231;  opcode:icmp, llfi_index: 232;  opcode:br, llfi_index: 233;  opcode:load, llfi_index: 191;  opcode:icmp, llfi_index: 192;  opcode:br, llfi_index: 193;  opcode:load, llfi_index: 165;  opcode:icmp, llfi_index: 166;  opcode:br, llfi_index: 167;  opcode:load, llfi_index: 142;  opcode:mul, llfi_index: 144;  opcode:sext, llfi_index: 145;  opcode:mul, llfi_index: 146;  opcode:call, llfi_index: 147;  opcode:bitcast, llfi_index: 148;  opcode:store, llfi_index: 149;  opcode:load, llfi_index: 134;  opcode:mul, llfi_index: 136;  opcode:sext, llfi_index: 137;  opcode:mul, llfi_index: 138;  opcode:call, llfi_index: 139;  opcode:bitcast, llfi_index: 140;  opcode:store, llfi_index: 141;  opcode:load, llfi_index: 126;  opcode:mul, llfi_index: 128;  opcode:sext, llfi_index: 129;  opcode:mul, llfi_index: 130;  opcode:call, llfi_index: 131;  opcode:bitcast, llfi_index: 132;  opcode:store, llfi_index: 133; 
START ;  opcode:alloca, llfi_index: 64;  opcode:load, llfi_index: 458;  opcode:mul, llfi_index: 459;  opcode:add, llfi_index: 461;  opcode:sext, llfi_index: 462;  opcode:getelementptr, llfi_index: 464;  opcode:load, llfi_index: 465;  opcode:add, llfi_index: 466;  opcode:store, llfi_index: 467;  opcode:load, llfi_index: 443;  opcode:mul, llfi_index: 444;  opcode:add, llfi_index: 446;  opcode:sext, llfi_index: 447;  opcode:getelementptr, llfi_index: 449;  opcode:load, llfi_index: 450;  opcode:store, llfi_index: 451;  opcode:load, llfi_index: 425;  opcode:mul, llfi_index: 426;  opcode:add, llfi_index: 428;  opcode:sub, llfi_index: 429;  opcode:sext, llfi_index: 430;  opcode:getelementptr, llfi_index: 432;  opcode:load, llfi_index: 433;  opcode:store, llfi_index: 434;  opcode:load, llfi_index: 409;  opcode:mul, llfi_index: 410;  opcode:add, llfi_index: 412;  opcode:sext, llfi_index: 413;  opcode:getelementptr, llfi_index: 415;  opcode:load, llfi_index: 416;  opcode:store, llfi_index: 417;  opcode:load, llfi_index: 397;  opcode:mul, llfi_index: 398;  opcode:add, llfi_index: 400;  opcode:sub, llfi_index: 401;  opcode:sext, llfi_index: 402;  opcode:getelementptr, llfi_index: 404;  opcode:load, llfi_index: 405;  opcode:store, llfi_index: 406;  opcode:load, llfi_index: 386;  opcode:mul, llfi_index: 387;  opcode:add, llfi_index: 389;  opcode:sub, llfi_index: 390;  opcode:sext, llfi_index: 391;  opcode:getelementptr, llfi_index: 393;  opcode:load, llfi_index: 394;  opcode:store, llfi_index: 395;  opcode:load, llfi_index: 361;  opcode:mul, llfi_index: 362;  opcode:add, llfi_index: 364;  opcode:sext, llfi_index: 365;  opcode:getelementptr, llfi_index: 367;  opcode:load, llfi_index: 368;  opcode:call, llfi_index: 369;  opcode:load, llfi_index: 321;  opcode:load, llfi_index: 295;  opcode:icmp, llfi_index: 296;  opcode:br, llfi_index: 297;  opcode:load, llfi_index: 281;  opcode:mul, llfi_index: 282;  opcode:sext, llfi_index: 283;  opcode:getelementptr, llfi_index: 285;  opcode:load, llfi_index: 252;  opcode:mul, llfi_index: 253;  opcode:add, llfi_index: 255;  opcode:sext, llfi_index: 256;  opcode:getelementptr, llfi_index: 258;  opcode:load, llfi_index: 241;  opcode:mul, llfi_index: 242;  opcode:sext, llfi_index: 243;  opcode:getelementptr, llfi_index: 245;  opcode:load, llfi_index: 246;  opcode:sext, llfi_index: 247;  opcode:getelementptr, llfi_index: 248;  opcode:getelementptr, llfi_index: 249;  opcode:load, llfi_index: 250;  opcode:store, llfi_index: 259;  opcode:load, llfi_index: 225;  opcode:icmp, llfi_index: 226;  opcode:br, llfi_index: 227;  opcode:load, llfi_index: 209;  opcode:icmp, llfi_index: 210;  opcode:br, llfi_index: 211;  opcode:load, llfi_index: 195;  opcode:mul, llfi_index: 196;  opcode:sext, llfi_index: 197;  opcode:getelementptr, llfi_index: 199;  opcode:load, llfi_index: 169;  opcode:mul, llfi_index: 170;  opcode:add, llfi_index: 172;  opcode:sext, llfi_index: 173;  opcode:getelementptr, llfi_index: 175;  opcode:load, llfi_index: 159;  opcode:icmp, llfi_index: 160;  opcode:br, llfi_index: 161;  opcode:load, llfi_index: 143;  opcode:load, llfi_index: 135;  opcode:load, llfi_index: 127; 
START ;  opcode:alloca, llfi_index: 65;  opcode:load, llfi_index: 473;  opcode:sub, llfi_index: 474;  opcode:store, llfi_index: 475;  opcode:load, llfi_index: 469;  opcode:sub, llfi_index: 470;  opcode:store, llfi_index: 471;  opcode:load, llfi_index: 322;  opcode:load, llfi_index: 300;  opcode:mul, llfi_index: 301;  opcode:store, llfi_index: 306;  opcode:load, llfi_index: 278;  opcode:mul, llfi_index: 279;  opcode:store, llfi_index: 286; 
START ;  opcode:alloca, llfi_index: 66;  opcode:load, llfi_index: 541;  opcode:bitcast, llfi_index: 542;  opcode:call, llfi_index: 543;  opcode:load, llfi_index: 448;  opcode:load, llfi_index: 431;  opcode:load, llfi_index: 414;  opcode:load, llfi_index: 403;  opcode:load, llfi_index: 392;  opcode:load, llfi_index: 366;  opcode:load, llfi_index: 317;  opcode:load, llfi_index: 304;  opcode:getelementptr, llfi_index: 305;  opcode:load, llfi_index: 284;  opcode:load, llfi_index: 244;  opcode:load, llfi_index: 236;  opcode:getelementptr, llfi_index: 237;  opcode:load, llfi_index: 238;  opcode:sext, llfi_index: 239;  opcode:load, llfi_index: 214;  opcode:getelementptr, llfi_index: 215;  opcode:load, llfi_index: 198;  opcode:load, llfi_index: 174;  opcode:load, llfi_index: 150;  opcode:icmp, llfi_index: 151;  opcode:br, llfi_index: 152; 
START ;  opcode:alloca, llfi_index: 67;  opcode:load, llfi_index: 544;  opcode:bitcast, llfi_index: 545;  opcode:call, llfi_index: 546;  opcode:load, llfi_index: 318; 
START ;  opcode:alloca, llfi_index: 68;  opcode:load, llfi_index: 538;  opcode:bitcast, llfi_index: 539;  opcode:call, llfi_index: 540;  opcode:load, llfi_index: 463;  opcode:load, llfi_index: 319;  opcode:load, llfi_index: 257; 
START ;  opcode:alloca, llfi_index: 69;  opcode:load, llfi_index: 312;  opcode:call, llfi_index: 313; 
START ;  opcode:alloca, llfi_index: 70; 
START ;  opcode:alloca, llfi_index: 71; 
START ;  opcode:alloca, llfi_index: 72; 
START ;  opcode:alloca, llfi_index: 73; 
START ;  opcode:alloca, llfi_index: 74; 
START ;  opcode:alloca, llfi_index: 75; 
START ;  opcode:alloca, llfi_index: 76; 
START ;  opcode:alloca, llfi_index: 77; 
START ;  opcode:alloca, llfi_index: 78;  opcode:load, llfi_index: 327;  opcode:sub, llfi_index: 328;  opcode:sitofp, llfi_index: 329;  opcode:fdiv, llfi_index: 330;  opcode:fpext, llfi_index: 331;  opcode:call, llfi_index: 332; 
START ;  opcode:alloca, llfi_index: 79;  opcode:load, llfi_index: 326; 
START ;  opcode:alloca, llfi_index: 80;  opcode:load, llfi_index: 536;  opcode:call, llfi_index: 537;  opcode:load, llfi_index: 502;  opcode:call, llfi_index: 504;  opcode:load, llfi_index: 359;  opcode:load, llfi_index: 335;  opcode:call, llfi_index: 336; 
START ;  opcode:alloca, llfi_index: 81; 
START ;  opcode:alloca, llfi_index: 82; 
START ;  opcode:alloca, llfi_index: 83;  opcode:load, llfi_index: 506;  opcode:icmp, llfi_index: 507;  opcode:br, llfi_index: 508;  opcode:load, llfi_index: 485;  opcode:store, llfi_index: 486;  opcode:load, llfi_index: 456; 
START ;  opcode:alloca, llfi_index: 84;  opcode:load, llfi_index: 525;  opcode:icmp, llfi_index: 526;  opcode:br, llfi_index: 527;  opcode:load, llfi_index: 499;  opcode:store, llfi_index: 500;  opcode:load, llfi_index: 472; 
START ;  opcode:alloca, llfi_index: 85;  opcode:load, llfi_index: 517;  opcode:icmp, llfi_index: 518;  opcode:br, llfi_index: 519;  opcode:load, llfi_index: 492;  opcode:store, llfi_index: 493;  opcode:load, llfi_index: 468; 
START ;  opcode:alloca, llfi_index: 86;  opcode:load, llfi_index: 524;  opcode:load, llfi_index: 516;  opcode:load, llfi_index: 505;  opcode:load, llfi_index: 503; 
START ;  opcode:alloca, llfi_index: 87;  opcode:load, llfi_index: 482;  opcode:icmp, llfi_index: 483;  opcode:br, llfi_index: 484;  opcode:load, llfi_index: 476;  opcode:call, llfi_index: 479;  opcode:store, llfi_index: 480; 
START ;  opcode:alloca, llfi_index: 88;  opcode:load, llfi_index: 489;  opcode:icmp, llfi_index: 490;  opcode:br, llfi_index: 491;  opcode:load, llfi_index: 477; 
START ;  opcode:alloca, llfi_index: 89;  opcode:load, llfi_index: 496;  opcode:icmp, llfi_index: 497;  opcode:br, llfi_index: 498;  opcode:load, llfi_index: 478; 
START ;  opcode:store, llfi_index: 90; 
START ;  opcode:store, llfi_index: 91; 
START ; 
START ; 
START ; 
START ; 
START ; 
START ; 
START ; 
START ; 
START ; 
START ; 
START ; 
START ; 
START ; 
START ; 
START ; 
START ; 
START ; 
START ; 
START ; 
START ; 
START ; 
START ; 
START ; 
START ;  opcode:br, llfi_index: 115; 
START ; 
START ; 
START ; 
START ;  opcode:br, llfi_index: 119; 
START ;  opcode:load, llfi_index: 120;  opcode:add, llfi_index: 121;  opcode:store, llfi_index: 122; 
START ; 
START ; 
START ;  opcode:load, llfi_index: 123;  opcode:add, llfi_index: 124;  opcode:store, llfi_index: 125; 
START ; 
START ; 
START ; 
START ; 
START ; 
START ; 
START ; 
START ; 
START ; 
START ; 
START ; 
START ; 
START ; 
START ; 
START ; 
START ; 
START ; 
START ; 
START ; 
START ; 
START ; 
START ; 
START ; 
START ; 
START ; 
START ; 
START ; 
START ; 
START ; 
START ;  opcode:load, llfi_index: 153;  opcode:call, llfi_index: 154; 
START ; 
START ;  opcode:br, llfi_index: 155; 
START ;  opcode:store, llfi_index: 156; 
START ;  opcode:br, llfi_index: 157; 
START ;  opcode:load, llfi_index: 158; 
START ; 
START ; 
START ; 
START ;  opcode:store, llfi_index: 162; 
START ;  opcode:br, llfi_index: 163; 
START ;  opcode:load, llfi_index: 164; 
START ; 
START ; 
START ; 
START ;  opcode:load, llfi_index: 168; 
START ; 
START ; 
START ;  opcode:load, llfi_index: 171; 
START ; 
START ; 
START ; 
START ; 
START ;  opcode:store, llfi_index: 176; 
START ;  opcode:br, llfi_index: 177; 
START ;  opcode:load, llfi_index: 178;  opcode:add, llfi_index: 179;  opcode:store, llfi_index: 180; 
START ; 
START ; 
START ;  opcode:br, llfi_index: 181; 
START ;  opcode:br, llfi_index: 182; 
START ;  opcode:load, llfi_index: 183;  opcode:add, llfi_index: 184;  opcode:store, llfi_index: 185; 
START ; 
START ; 
START ;  opcode:br, llfi_index: 186; 
START ;  opcode:call, llfi_index: 187; 
START ;  opcode:store, llfi_index: 188; 
START ;  opcode:br, llfi_index: 189; 
START ;  opcode:load, llfi_index: 190; 
START ; 
START ; 
START ; 
START ;  opcode:load, llfi_index: 194; 
START ; 
START ; 
START ; 
START ; 
START ; 
START ;  opcode:store, llfi_index: 200; 
START ;  opcode:br, llfi_index: 201; 
START ;  opcode:load, llfi_index: 202;  opcode:add, llfi_index: 203;  opcode:store, llfi_index: 204; 
START ; 
START ; 
START ;  opcode:br, llfi_index: 205; 
START ;  opcode:store, llfi_index: 206; 
START ;  opcode:br, llfi_index: 207; 
START ;  opcode:load, llfi_index: 208; 
START ; 
START ; 
START ; 
START ;  opcode:load, llfi_index: 212;  opcode:sext, llfi_index: 213; 
START ; 
START ; 
START ; 
START ;  opcode:store, llfi_index: 216; 
START ;  opcode:br, llfi_index: 217; 
START ;  opcode:load, llfi_index: 218;  opcode:add, llfi_index: 219;  opcode:store, llfi_index: 220; 
START ; 
START ; 
START ;  opcode:br, llfi_index: 221; 
START ;  opcode:store, llfi_index: 222; 
START ;  opcode:br, llfi_index: 223; 
START ;  opcode:load, llfi_index: 224; 
START ; 
START ; 
START ; 
START ;  opcode:store, llfi_index: 228; 
START ;  opcode:br, llfi_index: 229; 
START ;  opcode:load, llfi_index: 230; 
START ; 
START ; 
START ; 
START ;  opcode:load, llfi_index: 234;  opcode:sext, llfi_index: 235; 
START ; 
START ; 
START ; 
START ; 
START ; 
START ;  opcode:load, llfi_index: 240; 
START ; 
START ; 
START ; 
START ; 
START ; 
START ; 
START ; 
START ; 
START ; 
START ; 
START ;  opcode:load, llfi_index: 251; 
START ; 
START ; 
START ;  opcode:load, llfi_index: 254; 
START ; 
START ; 
START ; 
START ; 
START ; 
START ;  opcode:br, llfi_index: 260; 
START ;  opcode:load, llfi_index: 261;  opcode:add, llfi_index: 262;  opcode:store, llfi_index: 263; 
START ; 
START ; 
START ;  opcode:br, llfi_index: 264; 
START ;  opcode:br, llfi_index: 265; 
START ;  opcode:load, llfi_index: 266;  opcode:add, llfi_index: 267;  opcode:store, llfi_index: 268; 
START ; 
START ; 
START ;  opcode:br, llfi_index: 269; 
START ;  opcode:store, llfi_index: 270; 
START ;  opcode:br, llfi_index: 271; 
START ;  opcode:load, llfi_index: 272; 
START ; 
START ; 
START ; 
START ;  opcode:load, llfi_index: 276;  opcode:sub, llfi_index: 277; 
START ; 
START ; 
START ; 
START ;  opcode:load, llfi_index: 280; 
START ; 
START ; 
START ; 
START ; 
START ; 
START ; 
START ;  opcode:br, llfi_index: 287; 
START ;  opcode:load, llfi_index: 288;  opcode:add, llfi_index: 289;  opcode:store, llfi_index: 290; 
START ; 
START ; 
START ;  opcode:br, llfi_index: 291; 
START ;  opcode:store, llfi_index: 292; 
START ;  opcode:br, llfi_index: 293; 
START ;  opcode:load, llfi_index: 294; 
START ; 
START ; 
START ; 
START ;  opcode:load, llfi_index: 298;  opcode:sub, llfi_index: 299; 
START ; 
START ; 
START ; 
START ;  opcode:load, llfi_index: 302;  opcode:sext, llfi_index: 303; 
START ; 
START ; 
START ; 
START ; 
START ;  opcode:br, llfi_index: 307; 
START ;  opcode:load, llfi_index: 308;  opcode:add, llfi_index: 309;  opcode:store, llfi_index: 310; 
START ; 
START ; 
START ;  opcode:br, llfi_index: 311; 
START ; 
START ; 
START ;  opcode:call, llfi_index: 314; 
START ;  opcode:call, llfi_index: 315;  opcode:store, llfi_index: 316; 
START ; 
START ; 
START ; 
START ; 
START ; 
START ; 
START ; 
START ; 
START ;  opcode:call, llfi_index: 324;  opcode:store, llfi_index: 325; 
START ; 
START ; 
START ; 
START ; 
START ; 
START ; 
START ; 
START ; 
START ;  opcode:call, llfi_index: 333;  opcode:store, llfi_index: 334; 
START ; 
START ; 
START ; 
START ; 
START ; 
START ; 
START ; 
START ; 
START ; 
START ;  opcode:br, llfi_index: 343; 
START ;  opcode:load, llfi_index: 344;  opcode:icmp, llfi_index: 345; 
START ; 
START ;  opcode:load, llfi_index: 346;  opcode:icmp, llfi_index: 347;  opcode:br, llfi_index: 348; 
START ; 
START ; 
START ;  opcode:load, llfi_index: 349; 
START ; 
START ; 
START ; 
START ; 
START ;  opcode:load, llfi_index: 354; 
START ; 
START ; 
START ; 
START ; 
START ; 
START ;  opcode:load, llfi_index: 360; 
START ; 
START ; 
START ;  opcode:load, llfi_index: 363; 
START ; 
START ; 
START ; 
START ; 
START ; 
START ; 
START ;  opcode:br, llfi_index: 370; 
START ;  opcode:load, llfi_index: 371;  opcode:icmp, llfi_index: 372;  opcode:br, llfi_index: 373; 
START ; 
START ; 
START ;  opcode:load, llfi_index: 374;  opcode:icmp, llfi_index: 375;  opcode:br, llfi_index: 376; 
START ; 
START ; 
START ;  opcode:br, llfi_index: 377; 
START ;  opcode:load, llfi_index: 378;  opcode:icmp, llfi_index: 379;  opcode:br, llfi_index: 380; 
START ; 
START ; 
START ;  opcode:load, llfi_index: 381;  opcode:icmp, llfi_index: 382;  opcode:br, llfi_index: 383; 
START ; 
START ; 
START ;  opcode:load, llfi_index: 384;  opcode:sub, llfi_index: 385; 
START ; 
START ; 
START ; 
START ;  opcode:load, llfi_index: 388; 
START ; 
START ; 
START ; 
START ; 
START ; 
START ; 
START ; 
START ;  opcode:load, llfi_index: 396; 
START ; 
START ; 
START ;  opcode:load, llfi_index: 399; 
START ; 
START ; 
START ; 
START ; 
START ; 
START ; 
START ; 
START ;  opcode:load, llfi_index: 407;  opcode:sub, llfi_index: 408; 
START ; 
START ; 
START ; 
START ;  opcode:load, llfi_index: 411; 
START ; 
START ; 
START ; 
START ; 
START ; 
START ; 
START ;  opcode:br, llfi_index: 418; 
START ;  opcode:load, llfi_index: 419;  opcode:icmp, llfi_index: 420;  opcode:br, llfi_index: 421; 
START ; 
START ; 
START ;  opcode:store, llfi_index: 422; 
START ;  opcode:store, llfi_index: 423; 
START ;  opcode:load, llfi_index: 424; 
START ; 
START ; 
START ;  opcode:load, llfi_index: 427; 
START ; 
START ; 
START ; 
START ; 
START ; 
START ; 
START ; 
START ;  opcode:br, llfi_index: 435; 
START ;  opcode:load, llfi_index: 436;  opcode:icmp, llfi_index: 437;  opcode:br, llfi_index: 438; 
START ; 
START ; 
START ;  opcode:store, llfi_index: 439; 
START ;  opcode:store, llfi_index: 440; 
START ;  opcode:load, llfi_index: 441;  opcode:sub, llfi_index: 442; 
START ; 
START ; 
START ; 
START ;  opcode:load, llfi_index: 445; 
START ; 
START ; 
START ; 
START ; 
START ; 
START ; 
START ;  opcode:br, llfi_index: 452; 
START ;  opcode:br, llfi_index: 453; 
START ;  opcode:br, llfi_index: 454; 
START ;  opcode:br, llfi_index: 455; 
START ; 
START ;  opcode:load, llfi_index: 457; 
START ; 
START ; 
START ;  opcode:load, llfi_index: 460; 
START ; 
START ; 
START ; 
START ; 
START ; 
START ; 
START ; 
START ; 
START ; 
START ; 
START ; 
START ; 
START ; 
START ; 
START ; 
START ; 
START ; 
START ; 
START ; 
START ; 
START ;  opcode:load, llfi_index: 481; 
START ; 
START ; 
START ; 
START ; 
START ; 
START ;  opcode:br, llfi_index: 487; 
START ;  opcode:load, llfi_index: 488; 
START ; 
START ; 
START ; 
START ; 
START ; 
START ;  opcode:br, llfi_index: 494; 
START ;  opcode:load, llfi_index: 495; 
START ; 
START ; 
START ; 
START ; 
START ; 
START ;  opcode:br, llfi_index: 501; 
START ; 
START ; 
START ; 
START ; 
START ; 
START ; 
START ; 
START ;  opcode:load, llfi_index: 509;  opcode:add, llfi_index: 510;  opcode:store, llfi_index: 511; 
START ; 
START ; 
START ;  opcode:load, llfi_index: 512;  opcode:add, llfi_index: 513;  opcode:store, llfi_index: 514; 
START ; 
START ; 
START ;  opcode:br, llfi_index: 515; 
START ; 
START ; 
START ; 
START ; 
START ;  opcode:load, llfi_index: 520;  opcode:add, llfi_index: 521;  opcode:store, llfi_index: 522; 
START ; 
START ; 
START ;  opcode:br, llfi_index: 523; 
START ; 
START ; 
START ; 
START ; 
START ;  opcode:load, llfi_index: 528;  opcode:add, llfi_index: 529;  opcode:store, llfi_index: 530; 
START ; 
START ; 
START ;  opcode:br, llfi_index: 531; 
START ;  opcode:br, llfi_index: 532; 
START ;  opcode:br, llfi_index: 533; 
START ;  opcode:br, llfi_index: 534; 
START ;  opcode:br, llfi_index: 535; 
START ; 
START ; 
START ; 
START ; 
START ; 
START ; 
START ; 
START ; 
START ; 
START ; 
START ; 
START ;  opcode:ret, llfi_index: 547; 
START ;  opcode:alloca, llfi_index: 548; 
START ;  opcode:alloca, llfi_index: 549;  opcode:load, llfi_index: 553;  opcode:getelementptr, llfi_index: 554;  opcode:load, llfi_index: 555;  opcode:call, llfi_index: 556; 
START ;  opcode:store, llfi_index: 550; 
START ;  opcode:store, llfi_index: 551; 
START ;  opcode:load, llfi_index: 552; 
START ; 
START ; 
START ; 
START ; 
START ;  opcode:load, llfi_index: 557;  opcode:call, llfi_index: 558; 
START ; 
START ;  opcode:load, llfi_index: 559;  opcode:call, llfi_index: 560; 
START ; 
START ;  opcode:load, llfi_index: 561;  opcode:call, llfi_index: 562; 
START ; 
START ;  opcode:call, llfi_index: 563; 
START ;  opcode:unreachable, llfi_index: 564; 
START ;  opcode:ret, llfi_index: 565; 
START ;  opcode:alloca, llfi_index: 566;  opcode:load, llfi_index: 1046;  opcode:getelementptr, llfi_index: 1047;  opcode:load, llfi_index: 926;  opcode:getelementptr, llfi_index: 927;  opcode:load, llfi_index: 928;  opcode:store, llfi_index: 935;  opcode:load, llfi_index: 809;  opcode:getelementptr, llfi_index: 810;  opcode:load, llfi_index: 689;  opcode:getelementptr, llfi_index: 690;  opcode:load, llfi_index: 691;  opcode:store, llfi_index: 698; 
START ;  opcode:alloca, llfi_index: 567; 
START ;  opcode:alloca, llfi_index: 568;  opcode:load, llfi_index: 884;  opcode:getelementptr, llfi_index: 885;  opcode:load, llfi_index: 886;  opcode:store, llfi_index: 893;  opcode:load, llfi_index: 647;  opcode:getelementptr, llfi_index: 648;  opcode:load, llfi_index: 649;  opcode:store, llfi_index: 656; 
START ;  opcode:alloca, llfi_index: 569; 
START ;  opcode:alloca, llfi_index: 570;  opcode:load, llfi_index: 1032;  opcode:mul, llfi_index: 1038;  opcode:add, llfi_index: 1041;  opcode:add, llfi_index: 1043;  opcode:add, llfi_index: 1044;  opcode:sext, llfi_index: 1045;  opcode:load, llfi_index: 914;  opcode:mul, llfi_index: 919;  opcode:add, llfi_index: 922;  opcode:add, llfi_index: 924;  opcode:sext, llfi_index: 925;  opcode:load, llfi_index: 870;  opcode:mul, llfi_index: 876;  opcode:add, llfi_index: 879;  opcode:add, llfi_index: 881;  opcode:add, llfi_index: 882;  opcode:sext, llfi_index: 883;  opcode:load, llfi_index: 851;  opcode:sub, llfi_index: 852;  opcode:sdiv, llfi_index: 853;  opcode:add, llfi_index: 855;  opcode:sub, llfi_index: 856;  opcode:sub, llfi_index: 858;  opcode:store, llfi_index: 859;  opcode:load, llfi_index: 846;  opcode:sub, llfi_index: 847;  opcode:sdiv, llfi_index: 848;  opcode:icmp, llfi_index: 849;  opcode:br, llfi_index: 850;  opcode:load, llfi_index: 836;  opcode:sub, llfi_index: 837;  opcode:sdiv, llfi_index: 838;  opcode:icmp, llfi_index: 839;  opcode:br, llfi_index: 840;  opcode:load, llfi_index: 795;  opcode:mul, llfi_index: 801;  opcode:add, llfi_index: 804;  opcode:add, llfi_index: 806;  opcode:add, llfi_index: 807;  opcode:sext, llfi_index: 808;  opcode:load, llfi_index: 677;  opcode:mul, llfi_index: 682;  opcode:add, llfi_index: 685;  opcode:add, llfi_index: 687;  opcode:sext, llfi_index: 688;  opcode:load, llfi_index: 633;  opcode:mul, llfi_index: 639;  opcode:add, llfi_index: 642;  opcode:add, llfi_index: 644;  opcode:add, llfi_index: 645;  opcode:sext, llfi_index: 646;  opcode:load, llfi_index: 607;  opcode:sub, llfi_index: 608;  opcode:sdiv, llfi_index: 609;  opcode:icmp, llfi_index: 610;  opcode:br, llfi_index: 611; 
START ;  opcode:alloca, llfi_index: 571;  opcode:load, llfi_index: 993;  opcode:sub, llfi_index: 994;  opcode:call, llfi_index: 995;  opcode:store, llfi_index: 1002;  opcode:load, llfi_index: 983;  opcode:sub, llfi_index: 984;  opcode:load, llfi_index: 756;  opcode:sub, llfi_index: 757;  opcode:call, llfi_index: 758;  opcode:store, llfi_index: 765;  opcode:load, llfi_index: 746;  opcode:sub, llfi_index: 747; 
START ;  opcode:alloca, llfi_index: 572; 
START ;  opcode:alloca, llfi_index: 573; 
START ;  opcode:alloca, llfi_index: 574;  opcode:load, llfi_index: 796;  opcode:mul, llfi_index: 797;  opcode:add, llfi_index: 799;  opcode:add, llfi_index: 800;  opcode:load, llfi_index: 678;  opcode:mul, llfi_index: 679;  opcode:add, llfi_index: 681;  opcode:load, llfi_index: 634;  opcode:mul, llfi_index: 635;  opcode:add, llfi_index: 637;  opcode:add, llfi_index: 638; 
START ;  opcode:alloca, llfi_index: 575;  opcode:getelementptr, llfi_index: 793;  opcode:load, llfi_index: 794;  opcode:store, llfi_index: 811;  opcode:getelementptr, llfi_index: 764;  opcode:getelementptr, llfi_index: 754;  opcode:load, llfi_index: 755;  opcode:getelementptr, llfi_index: 744;  opcode:load, llfi_index: 745;  opcode:getelementptr, llfi_index: 726;  opcode:load, llfi_index: 727;  opcode:add, llfi_index: 737;  opcode:getelementptr, llfi_index: 697; 
START ;  opcode:alloca, llfi_index: 576;  opcode:getelementptr, llfi_index: 735;  opcode:load, llfi_index: 736;  opcode:getelementptr, llfi_index: 655; 
START ;  opcode:alloca, llfi_index: 577; 
START ;  opcode:alloca, llfi_index: 578; 
START ;  opcode:alloca, llfi_index: 579; 
START ;  opcode:alloca, llfi_index: 580; 
START ;  opcode:alloca, llfi_index: 581; 
START ;  opcode:alloca, llfi_index: 582; 
START ;  opcode:alloca, llfi_index: 583; 
START ;  opcode:alloca, llfi_index: 584; 
START ;  opcode:alloca, llfi_index: 585; 
START ;  opcode:alloca, llfi_index: 586; 
START ;  opcode:alloca, llfi_index: 587;  opcode:load, llfi_index: 1033;  opcode:mul, llfi_index: 1034;  opcode:add, llfi_index: 1036;  opcode:add, llfi_index: 1037;  opcode:load, llfi_index: 915;  opcode:mul, llfi_index: 916;  opcode:add, llfi_index: 918;  opcode:load, llfi_index: 871;  opcode:mul, llfi_index: 872;  opcode:add, llfi_index: 874;  opcode:add, llfi_index: 875; 
START ;  opcode:alloca, llfi_index: 588;  opcode:getelementptr, llfi_index: 1030;  opcode:load, llfi_index: 1031;  opcode:store, llfi_index: 1048;  opcode:getelementptr, llfi_index: 1001;  opcode:getelementptr, llfi_index: 991;  opcode:load, llfi_index: 992;  opcode:getelementptr, llfi_index: 981;  opcode:load, llfi_index: 982;  opcode:getelementptr, llfi_index: 963;  opcode:load, llfi_index: 964;  opcode:add, llfi_index: 974;  opcode:getelementptr, llfi_index: 934; 
START ;  opcode:alloca, llfi_index: 589;  opcode:getelementptr, llfi_index: 972;  opcode:load, llfi_index: 973;  opcode:getelementptr, llfi_index: 892; 
START ;  opcode:alloca, llfi_index: 590; 
START ;  opcode:alloca, llfi_index: 591; 
START ;  opcode:alloca, llfi_index: 592; 
START ;  opcode:alloca, llfi_index: 593; 
START ;  opcode:alloca, llfi_index: 594; 
START ;  opcode:alloca, llfi_index: 595; 
START ;  opcode:alloca, llfi_index: 596; 
START ;  opcode:alloca, llfi_index: 597; 
START ;  opcode:store, llfi_index: 598; 
START ;  opcode:store, llfi_index: 599; 
START ;  opcode:store, llfi_index: 600; 
START ;  opcode:store, llfi_index: 601; 
START ;  opcode:store, llfi_index: 602; 
START ;  opcode:store, llfi_index: 603; 
START ;  opcode:store, llfi_index: 604; 
START ;  opcode:br, llfi_index: 605; 
START ;  opcode:load, llfi_index: 606; 
START ; 
START ; 
START ; 
START ; 
START ; 
START ;  opcode:store, llfi_index: 612; 
START ;  opcode:br, llfi_index: 613; 
START ;  opcode:load, llfi_index: 614;  opcode:icmp, llfi_index: 616;  opcode:br, llfi_index: 617; 
START ;  opcode:load, llfi_index: 615; 
START ; 
START ; 
START ;  opcode:load, llfi_index: 618;  opcode:sub, llfi_index: 619;  opcode:sub, llfi_index: 621;  opcode:store, llfi_index: 622; 
START ; 
START ;  opcode:load, llfi_index: 620; 
START ; 
START ; 
START ;  opcode:store, llfi_index: 623; 
START ;  opcode:br, llfi_index: 624; 
START ;  opcode:load, llfi_index: 625;  opcode:icmp, llfi_index: 626;  opcode:br, llfi_index: 627; 
START ; 
START ; 
START ;  opcode:store, llfi_index: 628; 
START ;  opcode:br, llfi_index: 629; 
START ;  opcode:load, llfi_index: 630;  opcode:icmp, llfi_index: 631;  opcode:br, llfi_index: 632; 
START ; 
START ; 
START ; 
START ; 
START ; 
START ;  opcode:load, llfi_index: 636; 
START ; 
START ; 
START ; 
START ;  opcode:load, llfi_index: 640;  opcode:mul, llfi_index: 641; 
START ; 
START ; 
START ;  opcode:load, llfi_index: 643; 
START ; 
START ; 
START ; 
START ; 
START ; 
START ; 
START ;  opcode:load, llfi_index: 650;  opcode:mul, llfi_index: 651;  opcode:add, llfi_index: 653;  opcode:sext, llfi_index: 654; 
START ; 
START ;  opcode:load, llfi_index: 652; 
START ; 
START ; 
START ; 
START ; 
START ;  opcode:br, llfi_index: 657; 
START ;  opcode:load, llfi_index: 658;  opcode:add, llfi_index: 659;  opcode:store, llfi_index: 660; 
START ; 
START ; 
START ;  opcode:br, llfi_index: 661; 
START ;  opcode:br, llfi_index: 662; 
START ;  opcode:load, llfi_index: 663;  opcode:add, llfi_index: 664;  opcode:store, llfi_index: 665; 
START ; 
START ; 
START ;  opcode:br, llfi_index: 666; 
START ;  opcode:store, llfi_index: 667; 
START ;  opcode:br, llfi_index: 668; 
START ;  opcode:load, llfi_index: 669;  opcode:icmp, llfi_index: 670;  opcode:br, llfi_index: 671; 
START ; 
START ; 
START ;  opcode:store, llfi_index: 672; 
START ;  opcode:br, llfi_index: 673; 
START ;  opcode:load, llfi_index: 674;  opcode:icmp, llfi_index: 675;  opcode:br, llfi_index: 676; 
START ; 
START ; 
START ; 
START ; 
START ; 
START ;  opcode:load, llfi_index: 680; 
START ; 
START ; 
START ;  opcode:load, llfi_index: 683;  opcode:mul, llfi_index: 684; 
START ; 
START ; 
START ;  opcode:load, llfi_index: 686; 
START ; 
START ; 
START ; 
START ; 
START ; 
START ;  opcode:load, llfi_index: 692;  opcode:mul, llfi_index: 693;  opcode:add, llfi_index: 695;  opcode:sext, llfi_index: 696; 
START ; 
START ;  opcode:load, llfi_index: 694; 
START ; 
START ; 
START ; 
START ; 
START ;  opcode:br, llfi_index: 699; 
START ;  opcode:load, llfi_index: 700;  opcode:add, llfi_index: 701;  opcode:store, llfi_index: 702; 
START ; 
START ; 
START ;  opcode:br, llfi_index: 703; 
START ;  opcode:br, llfi_index: 704; 
START ;  opcode:load, llfi_index: 705;  opcode:add, llfi_index: 706;  opcode:store, llfi_index: 707; 
START ; 
START ; 
START ;  opcode:br, llfi_index: 708; 
START ;  opcode:store, llfi_index: 709; 
START ;  opcode:br, llfi_index: 710; 
START ;  opcode:load, llfi_index: 711;  opcode:icmp, llfi_index: 712;  opcode:br, llfi_index: 713; 
START ; 
START ; 
START ;  opcode:store, llfi_index: 714; 
START ;  opcode:br, llfi_index: 715; 
START ;  opcode:load, llfi_index: 716;  opcode:icmp, llfi_index: 717;  opcode:br, llfi_index: 718; 
START ; 
START ; 
START ;  opcode:load, llfi_index: 719;  opcode:sub, llfi_index: 720;  opcode:mul, llfi_index: 721;  opcode:add, llfi_index: 723;  opcode:sub, llfi_index: 724;  opcode:sext, llfi_index: 725; 
START ; 
START ; 
START ;  opcode:load, llfi_index: 722; 
START ; 
START ; 
START ; 
START ; 
START ; 
START ;  opcode:load, llfi_index: 728;  opcode:sub, llfi_index: 729;  opcode:mul, llfi_index: 730;  opcode:add, llfi_index: 732;  opcode:sub, llfi_index: 733;  opcode:sext, llfi_index: 734; 
START ; 
START ; 
START ;  opcode:load, llfi_index: 731; 
START ; 
START ; 
START ; 
START ; 
START ; 
START ; 
START ;  opcode:load, llfi_index: 738;  opcode:mul, llfi_index: 739;  opcode:add, llfi_index: 741;  opcode:sub, llfi_index: 742;  opcode:sext, llfi_index: 743; 
START ; 
START ;  opcode:load, llfi_index: 740; 
START ; 
START ; 
START ; 
START ; 
START ; 
START ; 
START ; 
START ;  opcode:load, llfi_index: 748;  opcode:sub, llfi_index: 749;  opcode:mul, llfi_index: 750;  opcode:add, llfi_index: 752;  opcode:sext, llfi_index: 753; 
START ; 
START ; 
START ;  opcode:load, llfi_index: 751; 
START ; 
START ; 
START ; 
START ; 
START ; 
START ; 
START ; 
START ;  opcode:load, llfi_index: 759;  opcode:mul, llfi_index: 760;  opcode:add, llfi_index: 762;  opcode:sext, llfi_index: 763; 
START ; 
START ;  opcode:load, llfi_index: 761; 
START ; 
START ; 
START ; 
START ; 
START ;  opcode:br, llfi_index: 766; 
START ;  opcode:load, llfi_index: 767;  opcode:add, llfi_index: 768;  opcode:store, llfi_index: 769; 
START ; 
START ; 
START ;  opcode:br, llfi_index: 770; 
START ;  opcode:br, llfi_index: 771; 
START ;  opcode:load, llfi_index: 772;  opcode:add, llfi_index: 773;  opcode:store, llfi_index: 774; 
START ; 
START ; 
START ;  opcode:br, llfi_index: 775; 
START ;  opcode:store, llfi_index: 776; 
START ;  opcode:br, llfi_index: 777; 
START ;  opcode:load, llfi_index: 778;  opcode:icmp, llfi_index: 779;  opcode:br, llfi_index: 780; 
START ; 
START ; 
START ;  opcode:store, llfi_index: 781; 
START ;  opcode:br, llfi_index: 782; 
START ;  opcode:load, llfi_index: 783;  opcode:icmp, llfi_index: 784;  opcode:br, llfi_index: 785; 
START ; 
START ; 
START ;  opcode:load, llfi_index: 786;  opcode:add, llfi_index: 787;  opcode:mul, llfi_index: 788;  opcode:add, llfi_index: 790;  opcode:add, llfi_index: 791;  opcode:sext, llfi_index: 792; 
START ; 
START ; 
START ;  opcode:load, llfi_index: 789; 
START ; 
START ; 
START ; 
START ; 
START ; 
START ; 
START ; 
START ; 
START ;  opcode:load, llfi_index: 798; 
START ; 
START ; 
START ; 
START ;  opcode:load, llfi_index: 802;  opcode:mul, llfi_index: 803; 
START ; 
START ; 
START ;  opcode:load, llfi_index: 805; 
START ; 
START ; 
START ; 
START ; 
START ; 
START ; 
START ;  opcode:br, llfi_index: 812; 
START ;  opcode:load, llfi_index: 813;  opcode:add, llfi_index: 814;  opcode:store, llfi_index: 815; 
START ; 
START ; 
START ;  opcode:br, llfi_index: 816; 
START ;  opcode:br, llfi_index: 817; 
START ;  opcode:load, llfi_index: 818;  opcode:add, llfi_index: 819;  opcode:store, llfi_index: 820; 
START ; 
START ; 
START ;  opcode:br, llfi_index: 821; 
START ;  opcode:br, llfi_index: 822; 
START ;  opcode:load, llfi_index: 823;  opcode:add, llfi_index: 824;  opcode:store, llfi_index: 825; 
START ; 
START ; 
START ;  opcode:br, llfi_index: 826; 
START ;  opcode:br, llfi_index: 827; 
START ;  opcode:load, llfi_index: 828;  opcode:add, llfi_index: 829;  opcode:store, llfi_index: 830; 
START ; 
START ; 
START ;  opcode:br, llfi_index: 831; 
START ;  opcode:call, llfi_index: 832; 
START ;  opcode:store, llfi_index: 833; 
START ;  opcode:br, llfi_index: 834; 
START ;  opcode:load, llfi_index: 835; 
START ; 
START ; 
START ; 
START ; 
START ; 
START ;  opcode:load, llfi_index: 841;  opcode:sub, llfi_index: 842;  opcode:store, llfi_index: 843; 
START ; 
START ; 
START ;  opcode:br, llfi_index: 844; 
START ;  opcode:load, llfi_index: 845; 
START ; 
START ; 
START ; 
START ; 
START ; 
START ; 
START ; 
START ; 
START ;  opcode:load, llfi_index: 854; 
START ; 
START ; 
START ;  opcode:load, llfi_index: 857; 
START ; 
START ; 
START ;  opcode:store, llfi_index: 860; 
START ;  opcode:br, llfi_index: 861; 
START ;  opcode:load, llfi_index: 862;  opcode:icmp, llfi_index: 863;  opcode:br, llfi_index: 864; 
START ; 
START ; 
START ;  opcode:store, llfi_index: 865; 
START ;  opcode:br, llfi_index: 866; 
START ;  opcode:load, llfi_index: 867;  opcode:icmp, llfi_index: 868;  opcode:br, llfi_index: 869; 
START ; 
START ; 
START ; 
START ; 
START ; 
START ;  opcode:load, llfi_index: 873; 
START ; 
START ; 
START ; 
START ;  opcode:load, llfi_index: 877;  opcode:mul, llfi_index: 878; 
START ; 
START ; 
START ;  opcode:load, llfi_index: 880; 
START ; 
START ; 
START ; 
START ; 
START ; 
START ; 
START ;  opcode:load, llfi_index: 887;  opcode:mul, llfi_index: 888;  opcode:add, llfi_index: 890;  opcode:sext, llfi_index: 891; 
START ; 
START ;  opcode:load, llfi_index: 889; 
START ; 
START ; 
START ; 
START ; 
START ;  opcode:br, llfi_index: 894; 
START ;  opcode:load, llfi_index: 895;  opcode:add, llfi_index: 896;  opcode:store, llfi_index: 897; 
START ; 
START ; 
START ;  opcode:br, llfi_index: 898; 
START ;  opcode:br, llfi_index: 899; 
START ;  opcode:load, llfi_index: 900;  opcode:add, llfi_index: 901;  opcode:store, llfi_index: 902; 
START ; 
START ; 
START ;  opcode:br, llfi_index: 903; 
START ;  opcode:store, llfi_index: 904; 
START ;  opcode:br, llfi_index: 905; 
START ;  opcode:load, llfi_index: 906;  opcode:icmp, llfi_index: 907;  opcode:br, llfi_index: 908; 
START ; 
START ; 
START ;  opcode:store, llfi_index: 909; 
START ;  opcode:br, llfi_index: 910; 
START ;  opcode:load, llfi_index: 911;  opcode:icmp, llfi_index: 912;  opcode:br, llfi_index: 913; 
START ; 
START ; 
START ; 
START ; 
START ; 
START ;  opcode:load, llfi_index: 917; 
START ; 
START ; 
START ;  opcode:load, llfi_index: 920;  opcode:mul, llfi_index: 921; 
START ; 
START ; 
START ;  opcode:load, llfi_index: 923; 
START ; 
START ; 
START ; 
START ; 
START ; 
START ;  opcode:load, llfi_index: 929;  opcode:mul, llfi_index: 930;  opcode:add, llfi_index: 932;  opcode:sext, llfi_index: 933; 
START ; 
START ;  opcode:load, llfi_index: 931; 
START ; 
START ; 
START ; 
START ; 
START ;  opcode:br, llfi_index: 936; 
START ;  opcode:load, llfi_index: 937;  opcode:add, llfi_index: 938;  opcode:store, llfi_index: 939; 
START ; 
START ; 
START ;  opcode:br, llfi_index: 940; 
START ;  opcode:br, llfi_index: 941; 
START ;  opcode:load, llfi_index: 942;  opcode:add, llfi_index: 943;  opcode:store, llfi_index: 944; 
START ; 
START ; 
START ;  opcode:br, llfi_index: 945; 
START ;  opcode:store, llfi_index: 946; 
START ;  opcode:br, llfi_index: 947; 
START ;  opcode:load, llfi_index: 948;  opcode:icmp, llfi_index: 949;  opcode:br, llfi_index: 950; 
START ; 
START ; 
START ;  opcode:store, llfi_index: 951; 
START ;  opcode:br, llfi_index: 952; 
START ;  opcode:load, llfi_index: 953;  opcode:icmp, llfi_index: 954;  opcode:br, llfi_index: 955; 
START ; 
START ; 
START ;  opcode:load, llfi_index: 956;  opcode:sub, llfi_index: 957;  opcode:mul, llfi_index: 958;  opcode:add, llfi_index: 960;  opcode:sub, llfi_index: 961;  opcode:sext, llfi_index: 962; 
START ; 
START ; 
START ;  opcode:load, llfi_index: 959; 
START ; 
START ; 
START ; 
START ; 
START ; 
START ;  opcode:load, llfi_index: 965;  opcode:sub, llfi_index: 966;  opcode:mul, llfi_index: 967;  opcode:add, llfi_index: 969;  opcode:sub, llfi_index: 970;  opcode:sext, llfi_index: 971; 
START ; 
START ; 
START ;  opcode:load, llfi_index: 968; 
START ; 
START ; 
START ; 
START ; 
START ; 
START ; 
START ;  opcode:load, llfi_index: 975;  opcode:mul, llfi_index: 976;  opcode:add, llfi_index: 978;  opcode:sub, llfi_index: 979;  opcode:sext, llfi_index: 980; 
START ; 
START ;  opcode:load, llfi_index: 977; 
START ; 
START ; 
START ; 
START ; 
START ; 
START ; 
START ; 
START ;  opcode:load, llfi_index: 985;  opcode:sub, llfi_index: 986;  opcode:mul, llfi_index: 987;  opcode:add, llfi_index: 989;  opcode:sext, llfi_index: 990; 
START ; 
START ; 
START ;  opcode:load, llfi_index: 988; 
START ; 
START ; 
START ; 
START ; 
START ; 
START ; 
START ; 
START ;  opcode:load, llfi_index: 996;  opcode:mul, llfi_index: 997;  opcode:add, llfi_index: 999;  opcode:sext, llfi_index: 1000; 
START ; 
START ;  opcode:load, llfi_index: 998; 
START ; 
START ; 
START ; 
START ; 
START ;  opcode:br, llfi_index: 1003; 
START ;  opcode:load, llfi_index: 1004;  opcode:add, llfi_index: 1005;  opcode:store, llfi_index: 1006; 
START ; 
START ; 
START ;  opcode:br, llfi_index: 1007; 
START ;  opcode:br, llfi_index: 1008; 
START ;  opcode:load, llfi_index: 1009;  opcode:add, llfi_index: 1010;  opcode:store, llfi_index: 1011; 
START ; 
START ; 
START ;  opcode:br, llfi_index: 1012; 
START ;  opcode:store, llfi_index: 1013; 
START ;  opcode:br, llfi_index: 1014; 
START ;  opcode:load, llfi_index: 1015;  opcode:icmp, llfi_index: 1016;  opcode:br, llfi_index: 1017; 
START ; 
START ; 
START ;  opcode:store, llfi_index: 1018; 
START ;  opcode:br, llfi_index: 1019; 
START ;  opcode:load, llfi_index: 1020;  opcode:icmp, llfi_index: 1021;  opcode:br, llfi_index: 1022; 
START ; 
START ; 
START ;  opcode:load, llfi_index: 1023;  opcode:add, llfi_index: 1024;  opcode:mul, llfi_index: 1025;  opcode:add, llfi_index: 1027;  opcode:add, llfi_index: 1028;  opcode:sext, llfi_index: 1029; 
START ; 
START ; 
START ;  opcode:load, llfi_index: 1026; 
START ; 
START ; 
START ; 
START ; 
START ; 
START ; 
START ; 
START ; 
START ;  opcode:load, llfi_index: 1035; 
START ; 
START ; 
START ; 
START ;  opcode:load, llfi_index: 1039;  opcode:mul, llfi_index: 1040; 
START ; 
START ; 
START ;  opcode:load, llfi_index: 1042; 
START ; 
START ; 
START ; 
START ; 
START ; 
START ; 
START ;  opcode:br, llfi_index: 1049; 
START ;  opcode:load, llfi_index: 1050;  opcode:add, llfi_index: 1051;  opcode:store, llfi_index: 1052; 
START ; 
START ; 
START ;  opcode:br, llfi_index: 1053; 
START ;  opcode:br, llfi_index: 1054; 
START ;  opcode:load, llfi_index: 1055;  opcode:add, llfi_index: 1056;  opcode:store, llfi_index: 1057; 
START ; 
START ; 
START ;  opcode:br, llfi_index: 1058; 
START ;  opcode:br, llfi_index: 1059; 
START ;  opcode:load, llfi_index: 1060;  opcode:add, llfi_index: 1061;  opcode:store, llfi_index: 1062; 
START ; 
START ; 
START ;  opcode:br, llfi_index: 1063; 
START ;  opcode:br, llfi_index: 1064; 
START ;  opcode:load, llfi_index: 1065;  opcode:add, llfi_index: 1066;  opcode:store, llfi_index: 1067; 
START ; 
START ; 
START ;  opcode:br, llfi_index: 1068; 
START ;  opcode:ret, llfi_index: 1069; 
